2019-12-20 18:41:05,239 : INFO : Machine : Mission Pinball Framework Core Engine v0.53.0-dev.68
2019-12-20 18:41:05,239 : INFO : Machine : Command line arguments: {'no_load_cache': False, 'create_config_cache': True, 'bcp': True, 'configfile': ['config.yaml'], 'mpfconfigfile': 'c:\\users\\schol\\appdata\\local\\programs\\python\\python36\\lib\\site-packages\\mpf\\mpfconfig.yaml', 'force_assets_load': False, 'jsonlogging': False, 'logfile': 'logs\\2019-12-20-18-41-05-mpf-DESKTOP-FPTMTCL.log', 'pause': False, 'production': False, 'text_ui': True, 'loglevel': 15, 'consoleloglevel': 20, 'force_platform': 'smart_virtual', 'syslog_address': None, 'mc_file_name': None, 'no_sound': False}
2019-12-20 18:41:05,239 : INFO : Machine : MPF path: c:\users\schol\appdata\local\programs\python\python36\lib\site-packages\mpf
2019-12-20 18:41:05,239 : INFO : Machine : Machine path: D:\mpf\wows\wows
2019-12-20 18:41:05,239 : INFO : Machine : Platform: win32
2019-12-20 18:41:05,240 : INFO : Machine : Python executable location: c:\users\schol\appdata\local\programs\python\python36\python.exe
2019-12-20 18:41:05,240 : INFO : Machine : Python version: 3.6.4 (64-bit)
2019-12-20 18:41:05,240 : INFO : Machine : Machine config file #1: config.yaml
2019-12-20 18:41:05,241 : INFO : ConfigProcessor : Loading config from cache: C:\Users\schol\AppData\Local\Temp\9eb68d3894805241b8cf789ebd176e3c.mpf_cache
2019-12-20 18:41:05,242 : INFO : Machine : Initialise MPF.
2019-12-20 18:41:05,716 : INFO : EventManager : Event: ======'machine_var_credits_string'====== Args={'value': 'FREE PLAY', 'prev_value': None, 'change': True}
2019-12-20 18:41:05,754 : INFO : EventManager : Event: ======'machine_var_player1_score'====== Args={'value': 0, 'prev_value': None, 'change': True}
2019-12-20 18:41:05,754 : INFO : EventManager : Event: ======'machine_var_mpf_version'====== Args={'value': 'MPF v0.53.0-dev.68', 'prev_value': None, 'change': True}
2019-12-20 18:41:05,754 : INFO : EventManager : Event: ======'machine_var_mpf_extended_version'====== Args={'value': 'MPF v0.53.0-dev.68, Config version:5, Show version: 5, BCP version:1.1', 'prev_value': None, 'change': True}
2019-12-20 18:41:05,754 : INFO : EventManager : Event: ======'machine_var_python_version'====== Args={'value': '3.6.4', 'prev_value': None, 'change': True}
2019-12-20 18:41:05,755 : INFO : EventManager : Event: ======'machine_var_platform'====== Args={'value': 'Windows-10-10.0.18362-SP0', 'prev_value': None, 'change': True}
2019-12-20 18:41:05,755 : INFO : EventManager : Event: ======'machine_var_platform_system'====== Args={'value': 'Windows', 'prev_value': None, 'change': True}
2019-12-20 18:41:05,755 : INFO : EventManager : Event: ======'machine_var_platform_release'====== Args={'value': '10', 'prev_value': None, 'change': True}
2019-12-20 18:41:05,755 : INFO : EventManager : Event: ======'machine_var_platform_version'====== Args={'value': '10.0.18362', 'prev_value': None, 'change': True}
2019-12-20 18:41:05,755 : INFO : EventManager : Event: ======'machine_var_platform_machine'====== Args={'value': 'AMD64', 'prev_value': None, 'change': True}
2019-12-20 18:41:05,755 : INFO : EventManager : Event: ======'init_phase_1'====== Args={}
2019-12-20 18:41:05,788 : INFO : ConfigProcessor : Loading config from cache: C:\Users\schol\AppData\Local\Temp\d5fd805c5432c1441bf01a6268536a3d.mpf_cache
2019-12-20 18:41:05,793 : INFO : ConfigProcessor : Loading config from cache: C:\Users\schol\AppData\Local\Temp\e8c0a02b20549d458f541dd443ff3ce4.mpf_cache
2019-12-20 18:41:05,795 : INFO : ConfigProcessor : Loading config from cache: C:\Users\schol\AppData\Local\Temp\bb4559fa659cc8b2de1dccf407dfe109.mpf_cache
2019-12-20 18:41:05,797 : INFO : ConfigProcessor : Loading config from cache: C:\Users\schol\AppData\Local\Temp\5c4497fcd69d1d656c4b69a28e44c490.mpf_cache
2019-12-20 18:41:05,802 : INFO : ConfigProcessor : Loading config from cache: C:\Users\schol\AppData\Local\Temp\a327e3a062200f866ce963b9d13b0dd9.mpf_cache
2019-12-20 18:41:05,827 : INFO : EventManager : Event: ======'init_phase_2'====== Args={}
2019-12-20 18:41:05,827 : INFO : SwitchController : Found active switch: ('2', <Platform.SmartVirtual>)
2019-12-20 18:41:05,828 : INFO : SwitchController : Found active switch: ('3', <Platform.SmartVirtual>)
2019-12-20 18:41:05,828 : INFO : SwitchController : Found active switch: ('4', <Platform.SmartVirtual>)
2019-12-20 18:41:05,828 : INFO : SwitchController : Found active switch: ('5', <Platform.SmartVirtual>)
2019-12-20 18:41:05,828 : INFO : SwitchController : Found active switch: ('6', <Platform.SmartVirtual>)
2019-12-20 18:41:05,828 : INFO : SwitchController : Found active switch: ('7', <Platform.SmartVirtual>)
2019-12-20 18:41:05,832 : INFO : EventManager : Event: ======'bcp_connection_attempt'====== Args={'name': 'local_display', 'host': 'localhost', 'port': 5050}
2019-12-20 18:41:05,833 : INFO : BCPClientSocket : Connecting BCP to 'local_display' at localhost:5050...
2019-12-20 18:41:07,850 : INFO : BCPClientSocket : Connected BCP to 'local_display' localhost:5050
2019-12-20 18:41:07,851 : INFO : EventManager : Event: ======'bcp_clients_connected'====== Args={}
2019-12-20 18:41:07,886 : INFO : EventManager : Event: ======'init_phase_3'====== Args={}
2019-12-20 18:41:07,887 : INFO : AssetManager : Registering Asset: sh_mode_1_shot_made, File: sh_mode_1_shot_made.yaml, Default Group: default, Final Config: {'load': 'preload', 'file': 'D:\\mpf\\wows\\wows\\shows\\sh_mode_1_shot_made.yaml'}
2019-12-20 18:41:07,887 : INFO : AssetManager : Registering Asset: sh_mode_3_shot_made, File: sh_mode_3_shot_made.yaml, Default Group: default, Final Config: {'load': 'preload', 'file': 'D:\\mpf\\wows\\wows\\shows\\sh_mode_3_shot_made.yaml'}
2019-12-20 18:41:07,887 : INFO : AssetManager : Registering Asset: sh_mode_4_shot_made, File: sh_mode_4_shot_made.yaml, Default Group: default, Final Config: {'load': 'preload', 'file': 'D:\\mpf\\wows\\wows\\shows\\sh_mode_4_shot_made.yaml'}
2019-12-20 18:41:07,887 : INFO : AssetManager : Registering Asset: sh_mode_5_shot_made, File: sh_mode_5_shot_made.yaml, Default Group: default, Final Config: {'load': 'preload', 'file': 'D:\\mpf\\wows\\wows\\shows\\sh_mode_5_shot_made.yaml'}
2019-12-20 18:41:07,887 : INFO : AssetManager : Registering Asset: sh_mode_6_shot_made, File: sh_mode_6_shot_made.yaml, Default Group: default, Final Config: {'load': 'preload', 'file': 'D:\\mpf\\wows\\wows\\shows\\sh_mode_6_shot_made.yaml'}
2019-12-20 18:41:07,887 : INFO : AssetManager : Registering Asset: sh_mode_7_shot_made, File: sh_mode_7_shot_made.yaml, Default Group: default, Final Config: {'load': 'preload', 'file': 'D:\\mpf\\wows\\wows\\shows\\sh_mode_7_shot_made.yaml'}
2019-12-20 18:41:07,887 : INFO : AssetManager : Registering Asset: sh_mode_8_shot_made, File: sh_mode_8_shot_made.yaml, Default Group: default, Final Config: {'load': 'preload', 'file': 'D:\\mpf\\wows\\wows\\shows\\sh_mode_8_shot_made.yaml'}
2019-12-20 18:41:07,887 : INFO : AssetManager : Registering Asset: sh_mode_9_shot_made, File: sh_mode_9_shot_made.yaml, Default Group: default, Final Config: {'load': 'preload', 'file': 'D:\\mpf\\wows\\wows\\shows\\sh_mode_9_shot_made.yaml'}
2019-12-20 18:41:07,890 : INFO : EventManager : Event: ======'machine_var_mc_version'====== Args={'value': 'MPF-MC v0.53.0-dev.15', 'prev_value': None, 'change': True}
2019-12-20 18:41:07,890 : INFO : EventManager : Event: ======'machine_var_mc_extended_version'====== Args={'value': 'MPF-MC v0.53.0-dev.15 (config_version=5, BCP v1.1, Requires MPF v0.53.0-dev.51)', 'prev_value': None, 'change': True}
2019-12-20 18:41:07,891 : INFO : EventManager : Event: ======'machine_var_master_volume'====== Args={'value': 0.5, 'prev_value': None, 'change': True}
2019-12-20 18:41:07,892 : INFO : ConfigProcessor : Loading config from cache: C:\Users\schol\AppData\Local\Temp\fa28a7c1718d90985f3e4cefea80239e.mpf_cache
2019-12-20 18:41:07,893 : INFO : EventManager : Event: ======'loading_assets'====== Args={'total': 8, 'loaded': 1, 'remaining': 7, 'percent': 12}
2019-12-20 18:41:07,893 : INFO : AssetManager : Loading assets: 1/8 (12%)
2019-12-20 18:41:07,893 : INFO : ConfigProcessor : Loading config from cache: C:\Users\schol\AppData\Local\Temp\f6dbec64362ae75428d089e347941373.mpf_cache
2019-12-20 18:41:07,894 : INFO : ConfigProcessor : Loading config from cache: C:\Users\schol\AppData\Local\Temp\5aa628c14aa154dfb15021c5214d5a91.mpf_cache
2019-12-20 18:41:07,895 : INFO : ConfigProcessor : Loading config from cache: C:\Users\schol\AppData\Local\Temp\bb674406373b52cc08ce19eabd999f1b.mpf_cache
2019-12-20 18:41:07,896 : INFO : ConfigProcessor : Loading config from cache: C:\Users\schol\AppData\Local\Temp\6ae24fe62db4b583aff12ea3eacd4fa6.mpf_cache
2019-12-20 18:41:07,897 : INFO : ConfigProcessor : Loading config from cache: C:\Users\schol\AppData\Local\Temp\54c04bd7a4d06db01b2fc76c006496f6.mpf_cache
2019-12-20 18:41:07,897 : INFO : ConfigProcessor : Loading config from cache: C:\Users\schol\AppData\Local\Temp\f590db5de6399d7f749784fe170f3ae0.mpf_cache
2019-12-20 18:41:07,898 : INFO : ConfigProcessor : Loading config from cache: C:\Users\schol\AppData\Local\Temp\721240ba9418a47ba91cdee1e7095efb.mpf_cache
2019-12-20 18:41:07,899 : INFO : EventManager : Event: ======'loading_assets'====== Args={'total': 8, 'loaded': 8, 'remaining': 0, 'percent': 100}
2019-12-20 18:41:07,899 : INFO : AssetManager : Asset loading took: 2.1974856853485107
2019-12-20 18:41:07,899 : INFO : EventManager : Event: ======'asset_loading_complete'====== Args={}
2019-12-20 18:41:07,899 : INFO : AssetManager : Loading assets: 8/8 (100%)
2019-12-20 18:41:07,899 : INFO : EventManager : Event: ======'init_phase_4'====== Args={}
2019-12-20 18:41:07,937 : INFO : EventManager : Event: ======'machine_var_audits_events_game_ended'====== Args={'value': 1, 'prev_value': None, 'change': True}
2019-12-20 18:41:07,937 : INFO : EventManager : Event: ======'machine_var_audits_events_game_started'====== Args={'value': 123, 'prev_value': None, 'change': True}
2019-12-20 18:41:07,937 : INFO : EventManager : Event: ======'machine_var_audits_player_score'====== Args={'value': {'average': 0.0, 'top': [0], 'total': 1}, 'prev_value': None, 'change': True}
2019-12-20 18:41:07,937 : INFO : EventManager : Event: ======'machine_var_audits_switches_s_bumper_1'====== Args={'value': 0, 'prev_value': None, 'change': True}
2019-12-20 18:41:07,937 : INFO : EventManager : Event: ======'machine_var_audits_switches_s_bumper_2'====== Args={'value': 0, 'prev_value': None, 'change': True}
2019-12-20 18:41:07,937 : INFO : EventManager : Event: ======'machine_var_audits_switches_s_bumper_3'====== Args={'value': 0, 'prev_value': None, 'change': True}
2019-12-20 18:41:07,938 : INFO : EventManager : Event: ======'machine_var_audits_switches_s_center_ramp'====== Args={'value': 0, 'prev_value': None, 'change': True}
2019-12-20 18:41:07,938 : INFO : EventManager : Event: ======'machine_var_audits_switches_s_citadel'====== Args={'value': 0, 'prev_value': None, 'change': True}
2019-12-20 18:41:07,938 : INFO : EventManager : Event: ======'machine_var_audits_switches_s_citadel_lock'====== Args={'value': 0, 'prev_value': None, 'change': True}
2019-12-20 18:41:07,938 : INFO : EventManager : Event: ======'machine_var_audits_switches_s_detonation'====== Args={'value': 0, 'prev_value': None, 'change': True}
2019-12-20 18:41:07,938 : INFO : EventManager : Event: ======'machine_var_audits_switches_s_dmg_1'====== Args={'value': 363, 'prev_value': None, 'change': True}
2019-12-20 18:41:07,938 : INFO : EventManager : Event: ======'machine_var_audits_switches_s_dmg_2'====== Args={'value': 3, 'prev_value': None, 'change': True}
2019-12-20 18:41:07,939 : INFO : EventManager : Event: ======'machine_var_audits_switches_s_dmg_3'====== Args={'value': 3, 'prev_value': None, 'change': True}
2019-12-20 18:41:07,939 : INFO : EventManager : Event: ======'machine_var_audits_switches_s_dmg_4'====== Args={'value': 1, 'prev_value': None, 'change': True}
2019-12-20 18:41:07,939 : INFO : EventManager : Event: ======'machine_var_audits_switches_s_dmg_5'====== Args={'value': 2, 'prev_value': None, 'change': True}
2019-12-20 18:41:07,939 : INFO : EventManager : Event: ======'machine_var_audits_switches_s_dmg_6'====== Args={'value': 1, 'prev_value': None, 'change': True}
2019-12-20 18:41:07,939 : INFO : EventManager : Event: ======'machine_var_audits_switches_s_dmg_7'====== Args={'value': 2, 'prev_value': None, 'change': True}
2019-12-20 18:41:07,940 : INFO : EventManager : Event: ======'machine_var_audits_switches_s_drop_target'====== Args={'value': 5, 'prev_value': None, 'change': True}
2019-12-20 18:41:07,940 : INFO : EventManager : Event: ======'machine_var_audits_switches_s_jet_hole'====== Args={'value': 0, 'prev_value': None, 'change': True}
2019-12-20 18:41:07,940 : INFO : EventManager : Event: ======'machine_var_audits_switches_s_jet_lane'====== Args={'value': 0, 'prev_value': None, 'change': True}
2019-12-20 18:41:07,940 : INFO : EventManager : Event: ======'machine_var_audits_switches_s_kickback'====== Args={'value': 0, 'prev_value': None, 'change': True}
2019-12-20 18:41:07,940 : INFO : EventManager : Event: ======'machine_var_audits_switches_s_kickback_target_2'====== Args={'value': 0, 'prev_value': None, 'change': True}
2019-12-20 18:41:07,941 : INFO : EventManager : Event: ======'machine_var_audits_switches_s_kickback_target_3'====== Args={'value': 2, 'prev_value': None, 'change': True}
2019-12-20 18:41:07,941 : INFO : EventManager : Event: ======'machine_var_audits_switches_s_kickback_terget_1'====== Args={'value': 0, 'prev_value': None, 'change': True}
2019-12-20 18:41:07,941 : INFO : EventManager : Event: ======'machine_var_audits_switches_s_left_flipper'====== Args={'value': 51, 'prev_value': None, 'change': True}
2019-12-20 18:41:07,941 : INFO : EventManager : Event: ======'machine_var_audits_switches_s_left_hole'====== Args={'value': 0, 'prev_value': None, 'change': True}
2019-12-20 18:41:07,941 : INFO : EventManager : Event: ======'machine_var_audits_switches_s_left_inlane'====== Args={'value': 0, 'prev_value': None, 'change': True}
2019-12-20 18:41:07,941 : INFO : EventManager : Event: ======'machine_var_audits_switches_s_left_loop_made'====== Args={'value': 3, 'prev_value': None, 'change': True}
2019-12-20 18:41:07,942 : INFO : EventManager : Event: ======'machine_var_audits_switches_s_left_loop_pre'====== Args={'value': 0, 'prev_value': None, 'change': True}
2019-12-20 18:41:07,942 : INFO : EventManager : Event: ======'machine_var_audits_switches_s_left_mid_inlane'====== Args={'value': 0, 'prev_value': None, 'change': True}
2019-12-20 18:41:07,942 : INFO : EventManager : Event: ======'machine_var_audits_switches_s_left_outlane'====== Args={'value': 0, 'prev_value': None, 'change': True}
2019-12-20 18:41:07,942 : INFO : EventManager : Event: ======'machine_var_audits_switches_s_left_ramp_made'====== Args={'value': 2, 'prev_value': None, 'change': True}
2019-12-20 18:41:07,942 : INFO : EventManager : Event: ======'machine_var_audits_switches_s_left_ramp_pre'====== Args={'value': 0, 'prev_value': None, 'change': True}
2019-12-20 18:41:07,943 : INFO : EventManager : Event: ======'machine_var_audits_switches_s_left_slingshot'====== Args={'value': 0, 'prev_value': None, 'change': True}
2019-12-20 18:41:07,943 : INFO : EventManager : Event: ======'machine_var_audits_switches_s_lock_1'====== Args={'value': 0, 'prev_value': None, 'change': True}
2019-12-20 18:41:07,943 : INFO : EventManager : Event: ======'machine_var_audits_switches_s_lock_2'====== Args={'value': 0, 'prev_value': None, 'change': True}
2019-12-20 18:41:07,943 : INFO : EventManager : Event: ======'machine_var_audits_switches_s_lock_3'====== Args={'value': 0, 'prev_value': None, 'change': True}
2019-12-20 18:41:07,944 : INFO : EventManager : Event: ======'machine_var_audits_switches_s_main_hole'====== Args={'value': 22, 'prev_value': None, 'change': True}
2019-12-20 18:41:07,944 : INFO : EventManager : Event: ======'machine_var_audits_switches_s_pen_1'====== Args={'value': 1, 'prev_value': None, 'change': True}
2019-12-20 18:41:07,944 : INFO : EventManager : Event: ======'machine_var_audits_switches_s_pen_2'====== Args={'value': 1, 'prev_value': None, 'change': True}
2019-12-20 18:41:07,944 : INFO : EventManager : Event: ======'machine_var_audits_switches_s_pen_3'====== Args={'value': 0, 'prev_value': None, 'change': True}
2019-12-20 18:41:07,944 : INFO : EventManager : Event: ======'machine_var_audits_switches_s_pen_4'====== Args={'value': 1, 'prev_value': None, 'change': True}
2019-12-20 18:41:07,945 : INFO : EventManager : Event: ======'machine_var_audits_switches_s_pen_5'====== Args={'value': 0, 'prev_value': None, 'change': True}
2019-12-20 18:41:07,945 : INFO : EventManager : Event: ======'machine_var_audits_switches_s_pen_6'====== Args={'value': 1, 'prev_value': None, 'change': True}
2019-12-20 18:41:07,945 : INFO : EventManager : Event: ======'machine_var_audits_switches_s_plunger'====== Args={'value': 138, 'prev_value': None, 'change': True}
2019-12-20 18:41:07,946 : INFO : EventManager : Event: ======'machine_var_audits_switches_s_plunger_button'====== Args={'value': 2, 'prev_value': None, 'change': True}
2019-12-20 18:41:07,946 : INFO : EventManager : Event: ======'machine_var_audits_switches_s_ricochet_1'====== Args={'value': 24, 'prev_value': None, 'change': True}
2019-12-20 18:41:07,946 : INFO : EventManager : Event: ======'machine_var_audits_switches_s_ricochet_2'====== Args={'value': 7, 'prev_value': None, 'change': True}
2019-12-20 18:41:07,947 : INFO : EventManager : Event: ======'machine_var_audits_switches_s_ricochet_3'====== Args={'value': 2, 'prev_value': None, 'change': True}
2019-12-20 18:41:07,947 : INFO : EventManager : Event: ======'machine_var_audits_switches_s_ricochet_4'====== Args={'value': 5, 'prev_value': None, 'change': True}
2019-12-20 18:41:07,947 : INFO : EventManager : Event: ======'machine_var_audits_switches_s_ricochet_5'====== Args={'value': 5, 'prev_value': None, 'change': True}
2019-12-20 18:41:07,947 : INFO : EventManager : Event: ======'machine_var_audits_switches_s_right_flipper'====== Args={'value': 206, 'prev_value': None, 'change': True}
2019-12-20 18:41:07,948 : INFO : EventManager : Event: ======'machine_var_audits_switches_s_right_hole'====== Args={'value': 1, 'prev_value': None, 'change': True}
2019-12-20 18:41:07,948 : INFO : EventManager : Event: ======'machine_var_audits_switches_s_right_inlane'====== Args={'value': 0, 'prev_value': None, 'change': True}
2019-12-20 18:41:07,948 : INFO : EventManager : Event: ======'machine_var_audits_switches_s_right_outlane'====== Args={'value': 0, 'prev_value': None, 'change': True}
2019-12-20 18:41:07,948 : INFO : EventManager : Event: ======'machine_var_audits_switches_s_right_ramp_made'====== Args={'value': 2, 'prev_value': None, 'change': True}
2019-12-20 18:41:07,949 : INFO : EventManager : Event: ======'machine_var_audits_switches_s_right_ramp_pre'====== Args={'value': 0, 'prev_value': None, 'change': True}
2019-12-20 18:41:07,949 : INFO : EventManager : Event: ======'machine_var_audits_switches_s_right_slingshot'====== Args={'value': 0, 'prev_value': None, 'change': True}
2019-12-20 18:41:07,949 : INFO : EventManager : Event: ======'machine_var_audits_switches_s_side_hole'====== Args={'value': 2, 'prev_value': None, 'change': True}
2019-12-20 18:41:07,950 : INFO : EventManager : Event: ======'machine_var_audits_switches_s_side_ramp_made'====== Args={'value': 0, 'prev_value': None, 'change': True}
2019-12-20 18:41:07,950 : INFO : EventManager : Event: ======'machine_var_audits_switches_s_side_ramp_pre'====== Args={'value': 0, 'prev_value': None, 'change': True}
2019-12-20 18:41:07,951 : INFO : EventManager : Event: ======'machine_var_audits_switches_s_start'====== Args={'value': 7, 'prev_value': None, 'change': True}
2019-12-20 18:41:07,951 : INFO : EventManager : Event: ======'machine_var_audits_switches_s_torpedo'====== Args={'value': 16, 'prev_value': None, 'change': True}
2019-12-20 18:41:07,951 : INFO : EventManager : Event: ======'machine_var_audits_switches_s_trough1'====== Args={'value': 11, 'prev_value': None, 'change': True}
2019-12-20 18:41:07,952 : INFO : EventManager : Event: ======'machine_var_audits_switches_s_trough2'====== Args={'value': 0, 'prev_value': None, 'change': True}
2019-12-20 18:41:07,952 : INFO : EventManager : Event: ======'machine_var_audits_switches_s_trough3'====== Args={'value': 0, 'prev_value': None, 'change': True}
2019-12-20 18:41:07,952 : INFO : EventManager : Event: ======'machine_var_audits_switches_s_trough4'====== Args={'value': 0, 'prev_value': None, 'change': True}
2019-12-20 18:41:07,952 : INFO : EventManager : Event: ======'machine_var_audits_switches_s_trough5'====== Args={'value': 0, 'prev_value': None, 'change': True}
2019-12-20 18:41:07,953 : INFO : EventManager : Event: ======'machine_var_audits_switches_s_trough6'====== Args={'value': 1, 'prev_value': None, 'change': True}
2019-12-20 18:41:07,953 : INFO : EventManager : Event: ======'machine_var_audits_switches_s_trough_jam'====== Args={'value': 0, 'prev_value': None, 'change': True}
2019-12-20 18:41:07,954 : INFO : EventManager : Event: ======'init_phase_5'====== Args={}
2019-12-20 18:41:08,002 : INFO : EventManager : Event: ======'init_done'====== Args={}
2019-12-20 18:41:08,002 : INFO : EventManager : Event: ======'machine_reset_phase_1'====== Args={}
2019-12-20 18:41:08,018 : INFO : EventManager : Event: ======'slide_welcome_slide_removed'====== Args={'_from_bcp': True}
2019-12-20 18:41:08,033 : INFO : EventManager : Event: ======'slide_welcome_slide_created'====== Args={'_from_bcp': True}
2019-12-20 18:41:08,034 : INFO : EventManager : Event: ======'slide_welcome_slide_active'====== Args={'_from_bcp': True}
2019-12-20 18:41:08,035 : INFO : EventManager : Event: ======'machine_reset_phase_2'====== Args={}
2019-12-20 18:41:08,035 : INFO : EventManager : Event: ======'machine_reset_phase_3'====== Args={}
2019-12-20 18:41:08,035 : INFO : EventManager : Event: ======'reset_complete'====== Args={}
2019-12-20 18:41:08,035 : INFO : EventManager : Event: ======'mode_attract_will_start'====== Args={}
2019-12-20 18:41:08,036 : INFO : EventManager : Event: ======'mode_attract_starting'====== Args={}
2019-12-20 18:41:08,036 : INFO : Mode.attract : Started. Priority: 10
2019-12-20 18:41:08,036 : INFO : EventManager : Event: ======'mode_attract_started'====== Args={}
2019-12-20 18:41:08,037 : INFO : EventManager : Event: ======'collecting_balls_complete'====== Args={}
2019-12-20 18:41:08,079 : INFO : Machine : Starting the main run loop.
2019-12-20 18:41:08,080 : INFO : EventManager : Event: ======'slide_attract_started_created'====== Args={'_from_bcp': True}
2019-12-20 18:41:08,089 : INFO : EventManager : Event: ======'slide_attract_started_active'====== Args={'_from_bcp': True}
2019-12-20 18:41:08,402 : INFO : BcpServer : New client connected.
2019-12-20 18:41:11,853 : INFO : SwitchController : <<<<<<< 's_start' active >>>>>>>
2019-12-20 18:41:11,938 : INFO : SwitchController : <<<<<<< 's_start' inactive >>>>>>>
2019-12-20 18:41:11,938 : INFO : EventManager : Event: ======'request_to_start_game'====== Args={}
2019-12-20 18:41:11,938 : INFO : EventManager : Event: ======'game_start'====== Args={'buttons': [], 'hold_time': 0.0940000000409782}
2019-12-20 18:41:11,938 : INFO : EventManager : Event: ======'mode_game_will_start'====== Args={'buttons': [], 'hold_time': 0.0940000000409782}
2019-12-20 18:41:11,939 : INFO : EventManager : Event: ======'mode_game_starting'====== Args={'buttons': [], 'hold_time': 0.0940000000409782}
2019-12-20 18:41:11,939 : INFO : EventManager : Event: ======'mode_attract_will_stop'====== Args={}
2019-12-20 18:41:11,939 : INFO : EventManager : Event: ======'mode_attract_stopping'====== Args={}
2019-12-20 18:41:11,939 : INFO : Mode.attract : Stopped.
2019-12-20 18:41:11,940 : INFO : EventManager : Event: ======'mode_attract_stopped'====== Args={}
2019-12-20 18:41:11,940 : INFO : EventManager : Event: ======'clear'====== Args={'key': 'attract'}
2019-12-20 18:41:11,940 : INFO : Mode.game : Started. Priority: 20
2019-12-20 18:41:11,940 : INFO : EventManager : Event: ======'mode_game_started'====== Args={'buttons': [], 'hold_time': 0.0940000000409782}
2019-12-20 18:41:11,950 : INFO : EventManager : Event: ======'game_will_start'====== Args={}
2019-12-20 18:41:11,951 : INFO : EventManager : Event: ======'game_starting'====== Args={'game': <Mode.game>}
2019-12-20 18:41:11,952 : INFO : EventManager : Event: ======'player_add_request'====== Args={}
2019-12-20 18:41:11,952 : INFO : EventManager : Event: ======'player_will_add'====== Args={'number': 1}
2019-12-20 18:41:11,952 : INFO : EventManager : Event: ======'player_adding'====== Args={'player': <Player 1>, 'number': 1}
2019-12-20 18:41:11,953 : INFO : EventManager : Event: ======'player_added'====== Args={'player': <Player 1>, 'num': 1}
2019-12-20 18:41:11,953 : INFO : Mode.game : Player added successfully. Total players: 1
2019-12-20 18:41:11,953 : INFO : EventManager : Event: ======'player_index'====== Args={'value': 0, 'prev_value': 0, 'change': 0, 'player_num': 1}
2019-12-20 18:41:11,953 : INFO : EventManager : Event: ======'player_number'====== Args={'value': 1, 'prev_value': 1, 'change': 0, 'player_num': 1}
2019-12-20 18:41:11,954 : INFO : EventManager : Event: ======'player_ReceivedDMG'====== Args={'value': 1, 'prev_value': 1, 'change': 0, 'player_num': 1}
2019-12-20 18:41:11,954 : INFO : EventManager : Event: ======'player_DMGValue'====== Args={'value': 10000000, 'prev_value': 10000000, 'change': 0, 'player_num': 1}
2019-12-20 18:41:11,954 : INFO : EventManager : Event: ======'player_m1shotmade'====== Args={'value': 0, 'prev_value': 0, 'change': 0, 'player_num': 1}
2019-12-20 18:41:11,954 : INFO : EventManager : Event: ======'player_m2shotmade'====== Args={'value': 0, 'prev_value': 0, 'change': 0, 'player_num': 1}
2019-12-20 18:41:11,955 : INFO : EventManager : Event: ======'player_m3shotmade'====== Args={'value': 0, 'prev_value': 0, 'change': 0, 'player_num': 1}
2019-12-20 18:41:11,955 : INFO : EventManager : Event: ======'player_m4shotmade'====== Args={'value': 0, 'prev_value': 0, 'change': 0, 'player_num': 1}
2019-12-20 18:41:11,955 : INFO : EventManager : Event: ======'player_m5shotmade'====== Args={'value': 0, 'prev_value': 0, 'change': 0, 'player_num': 1}
2019-12-20 18:41:11,955 : INFO : EventManager : Event: ======'player_m6shotmade'====== Args={'value': 0, 'prev_value': 0, 'change': 0, 'player_num': 1}
2019-12-20 18:41:11,955 : INFO : EventManager : Event: ======'player_m7shotmade'====== Args={'value': 0, 'prev_value': 0, 'change': 0, 'player_num': 1}
2019-12-20 18:41:11,955 : INFO : EventManager : Event: ======'player_m8shotmade'====== Args={'value': 0, 'prev_value': 0, 'change': 0, 'player_num': 1}
2019-12-20 18:41:11,956 : INFO : EventManager : Event: ======'player_m9shotmade'====== Args={'value': 0, 'prev_value': 0, 'change': 0, 'player_num': 1}
2019-12-20 18:41:11,956 : INFO : EventManager : Event: ======'player_score'====== Args={'value': 0, 'prev_value': 0, 'change': 0, 'player_num': 1}
2019-12-20 18:41:11,956 : INFO : EventManager : Event: ======'game_started'====== Args={}
2019-12-20 18:41:11,972 : INFO : EventManager : Event: ======'player_turn_will_start'====== Args={'player': <Player 1>, 'number': 1}
2019-12-20 18:41:11,972 : INFO : EventManager : Event: ======'player_turn_starting'====== Args={'player': <Player 1>, 'number': 1}
2019-12-20 18:41:11,978 : INFO : EventManager : Event: ======'player_ball'====== Args={'value': 1, 'prev_value': 0, 'change': 1, 'player_num': 1}
2019-12-20 18:41:11,978 : INFO : EventManager : Event: ======'player_turn_started'====== Args={'player': <Player 1>, 'number': 1}
2019-12-20 18:41:11,979 : INFO : EventManager : Event: ======'ball_will_start'====== Args={'player': 1, 'ball': 1, 'balls_remaining': 2, 'is_extra_ball': False}
2019-12-20 18:41:11,989 : INFO : EventManager : Event: ======'ball_starting'====== Args={'player': 1, 'ball': 1, 'balls_remaining': 2, 'is_extra_ball': False}
2019-12-20 18:41:11,990 : INFO : EventManager : Event: ======'mode_mode_lit_will_start'====== Args={'queue': <QueuedEvent>, 'player': 1, 'ball': 1, 'balls_remaining': 2, 'is_extra_ball': False}
2019-12-20 18:41:11,990 : INFO : EventManager : Event: ======'achievement_mode_1_changed_state'====== Args={'restore': False, 'state': 'enabled', 'selected': False}
2019-12-20 18:41:11,990 : INFO : EventManager : Event: ======'achievement_mode_1_state_enabled'====== Args={'restore': False, 'state': 'enabled', 'selected': False}
2019-12-20 18:41:11,990 : INFO : EventManager : Event: ======'achievement_mode_2_changed_state'====== Args={'restore': False, 'state': 'enabled', 'selected': False}
2019-12-20 18:41:11,991 : INFO : EventManager : Event: ======'achievement_mode_2_state_enabled'====== Args={'restore': False, 'state': 'enabled', 'selected': False}
2019-12-20 18:41:11,991 : INFO : EventManager : Event: ======'achievement_mode_3_changed_state'====== Args={'restore': False, 'state': 'enabled', 'selected': False}
2019-12-20 18:41:11,991 : INFO : EventManager : Event: ======'achievement_mode_3_state_enabled'====== Args={'restore': False, 'state': 'enabled', 'selected': False}
2019-12-20 18:41:11,992 : INFO : EventManager : Event: ======'achievement_mode_4_changed_state'====== Args={'restore': False, 'state': 'enabled', 'selected': False}
2019-12-20 18:41:11,992 : INFO : EventManager : Event: ======'achievement_mode_4_state_enabled'====== Args={'restore': False, 'state': 'enabled', 'selected': False}
2019-12-20 18:41:11,992 : INFO : EventManager : Event: ======'achievement_mode_5_changed_state'====== Args={'restore': False, 'state': 'enabled', 'selected': False}
2019-12-20 18:41:11,992 : INFO : EventManager : Event: ======'achievement_mode_5_state_enabled'====== Args={'restore': False, 'state': 'enabled', 'selected': False}
2019-12-20 18:41:11,993 : INFO : EventManager : Event: ======'achievement_mode_6_changed_state'====== Args={'restore': False, 'state': 'enabled', 'selected': False}
2019-12-20 18:41:11,993 : INFO : EventManager : Event: ======'achievement_mode_6_state_enabled'====== Args={'restore': False, 'state': 'enabled', 'selected': False}
2019-12-20 18:41:11,993 : INFO : EventManager : Event: ======'achievement_mode_7_changed_state'====== Args={'restore': False, 'state': 'enabled', 'selected': False}
2019-12-20 18:41:11,993 : INFO : EventManager : Event: ======'achievement_mode_7_state_enabled'====== Args={'restore': False, 'state': 'enabled', 'selected': False}
2019-12-20 18:41:11,994 : INFO : EventManager : Event: ======'achievement_mode_8_changed_state'====== Args={'restore': False, 'state': 'enabled', 'selected': False}
2019-12-20 18:41:11,994 : INFO : EventManager : Event: ======'achievement_mode_8_state_enabled'====== Args={'restore': False, 'state': 'enabled', 'selected': False}
2019-12-20 18:41:11,994 : INFO : EventManager : Event: ======'achievement_mode_9_changed_state'====== Args={'restore': False, 'state': 'enabled', 'selected': False}
2019-12-20 18:41:11,995 : INFO : EventManager : Event: ======'achievement_mode_9_state_enabled'====== Args={'restore': False, 'state': 'enabled', 'selected': False}
2019-12-20 18:41:11,996 : INFO : EventManager : Event: ======'mode_mode_lit_starting'====== Args={'queue': <QueuedEvent>, 'player': 1, 'ball': 1, 'balls_remaining': 2, 'is_extra_ball': False}
2019-12-20 18:41:11,996 : INFO : EventManager : Event: ======'mode_base_will_start'====== Args={'queue': <QueuedEvent>, 'player': 1, 'ball': 1, 'balls_remaining': 2, 'is_extra_ball': False}
2019-12-20 18:41:11,997 : INFO : EventManager : Event: ======'mode_base_starting'====== Args={'queue': <QueuedEvent>, 'player': 1, 'ball': 1, 'balls_remaining': 2, 'is_extra_ball': False}
2019-12-20 18:41:11,998 : INFO : EventManager : Event: ======'achievement_mode_7_changed_state'====== Args={'restore': False, 'state': 'enabled', 'selected': True}
2019-12-20 18:41:11,998 : INFO : EventManager : Event: ======'achievement_mode_7_state_enabled'====== Args={'restore': False, 'state': 'enabled', 'selected': True}
2019-12-20 18:41:11,998 : INFO : EventManager : Event: ======'achievement_mode_7_state_selected'====== Args={'restore': False, 'state': 'enabled', 'selected': True}
2019-12-20 18:41:11,998 : ERROR : asyncio : Exception in callback EventManager.process_event_queue()
handle: <Handle EventManager.process_event_queue()>
Traceback (most recent call last):
  File "c:\users\schol\appdata\local\programs\python\python36\lib\site-packages\mpf\core\events.py", line 662, in _run_handlers
    result = handler.callback(**merged_kwargs)
  File "c:\users\schol\appdata\local\programs\python\python36\lib\site-packages\mpf\devices\achievement_group.py", line 254, in member_state_changed
    self.enable()
  File "c:\users\schol\appdata\local\programs\python\python36\lib\site-packages\mpf\devices\achievement_group.py", line 81, in enable
    self._process_current_member_state()
  File "c:\users\schol\appdata\local\programs\python\python36\lib\site-packages\mpf\devices\achievement_group.py", line 273, in _process_current_member_state
    self._update_selected()
  File "c:\users\schol\appdata\local\programs\python\python36\lib\site-packages\mpf\devices\achievement_group.py", line 291, in _update_selected
    self.select_random_achievement()
  File "c:\users\schol\appdata\local\programs\python\python36\lib\site-packages\mpf\devices\achievement_group.py", line 222, in select_random_achievement
    ach.select()
  File "c:\users\schol\appdata\local\programs\python\python36\lib\site-packages\mpf\devices\achievement.py", line 214, in select
    self._run_state()
  File "c:\users\schol\appdata\local\programs\python\python36\lib\site-packages\mpf\devices\achievement.py", line 279, in _run_state
    show_tokens=self.config['show_tokens'])
  File "c:\users\schol\appdata\local\programs\python\python36\lib\site-packages\mpf\assets\show.py", line 392, in play
    format(self.name, self.tokens, set(show_tokens.keys())))
ValueError: Token mismatch while playing show "flash_modes". Tokens expected: {'led'}. Tokens submitted: {'lights'}

The above exception was the direct cause of the following exception:

Traceback (most recent call last):
  File "c:\users\schol\appdata\local\programs\python\python36\lib\asyncio\events.py", line 145, in _run
    self._callback(*self._args)
  File "c:\users\schol\appdata\local\programs\python\python36\lib\site-packages\mpf\core\events.py", line 743, in process_event_queue
    **event[3])
  File "c:\users\schol\appdata\local\programs\python\python36\lib\site-packages\mpf\core\events.py", line 708, in _process_event
    result = self._run_handlers(event, ev_type, kwargs)
  File "c:\users\schol\appdata\local\programs\python\python36\lib\site-packages\mpf\core\events.py", line 664, in _run_handlers
    raise Exception("Exception while processing {} for event {}".format(handler, event)) from e
Exception: Exception while processing RegisteredHandler(callback=<bound method AchievementGroup.member_state_changed of <achievement_group.consumable_modes>>, priority=1, kwargs={}, key=UUID('511a6bd9-d59c-499a-a251-8b3af344de6b'), condition=None, blocking_facility=None) for event achievement_mode_1_changed_state
2019-12-20 18:41:12,000 : INFO : EventManager : Event: ======'balls_in_play'====== Args={'balls': 1}
2019-12-20 18:41:12,000 : INFO : EventManager : Event: ======'ball_started'====== Args={'player': 1, 'ball': 1, 'balls_remaining': 2, 'is_extra_ball': False}
2019-12-20 18:41:12,002 : INFO : EventManager : Event: ======'single_player_ball_started'====== Args={}
2019-12-20 18:41:12,005 : INFO : Machine : Shutting down...
2019-12-20 18:41:12,005 : INFO : EventManager : Event: ======'shutdown'====== Args={}
2019-12-20 18:41:12,006 : INFO : EventManager : Event: ======'balldevice_balls_available'====== Args={}
2019-12-20 18:41:12,007 : ERROR : Machine : Runtime Exception
Traceback (most recent call last):
  File "c:\users\schol\appdata\local\programs\python\python36\lib\site-packages\mpf\core\events.py", line 662, in _run_handlers
    result = handler.callback(**merged_kwargs)
  File "c:\users\schol\appdata\local\programs\python\python36\lib\site-packages\mpf\devices\achievement_group.py", line 254, in member_state_changed
    self.enable()
  File "c:\users\schol\appdata\local\programs\python\python36\lib\site-packages\mpf\devices\achievement_group.py", line 81, in enable
    self._process_current_member_state()
  File "c:\users\schol\appdata\local\programs\python\python36\lib\site-packages\mpf\devices\achievement_group.py", line 273, in _process_current_member_state
    self._update_selected()
  File "c:\users\schol\appdata\local\programs\python\python36\lib\site-packages\mpf\devices\achievement_group.py", line 291, in _update_selected
    self.select_random_achievement()
  File "c:\users\schol\appdata\local\programs\python\python36\lib\site-packages\mpf\devices\achievement_group.py", line 222, in select_random_achievement
    ach.select()
  File "c:\users\schol\appdata\local\programs\python\python36\lib\site-packages\mpf\devices\achievement.py", line 214, in select
    self._run_state()
  File "c:\users\schol\appdata\local\programs\python\python36\lib\site-packages\mpf\devices\achievement.py", line 279, in _run_state
    show_tokens=self.config['show_tokens'])
  File "c:\users\schol\appdata\local\programs\python\python36\lib\site-packages\mpf\assets\show.py", line 392, in play
    format(self.name, self.tokens, set(show_tokens.keys())))
ValueError: Token mismatch while playing show "flash_modes". Tokens expected: {'led'}. Tokens submitted: {'lights'}

The above exception was the direct cause of the following exception:

Traceback (most recent call last):
  File "c:\users\schol\appdata\local\programs\python\python36\lib\site-packages\mpf\core\machine.py", line 765, in _run_loop
    raise self._exception['exception']
  File "c:\users\schol\appdata\local\programs\python\python36\lib\asyncio\events.py", line 145, in _run
    self._callback(*self._args)
  File "c:\users\schol\appdata\local\programs\python\python36\lib\site-packages\mpf\core\events.py", line 743, in process_event_queue
    **event[3])
  File "c:\users\schol\appdata\local\programs\python\python36\lib\site-packages\mpf\core\events.py", line 708, in _process_event
    result = self._run_handlers(event, ev_type, kwargs)
  File "c:\users\schol\appdata\local\programs\python\python36\lib\site-packages\mpf\core\events.py", line 664, in _run_handlers
    raise Exception("Exception while processing {} for event {}".format(handler, event)) from e
Exception: Exception while processing RegisteredHandler(callback=<bound method AchievementGroup.member_state_changed of <achievement_group.consumable_modes>>, priority=1, kwargs={}, key=UUID('511a6bd9-d59c-499a-a251-8b3af344de6b'), condition=None, blocking_facility=None) for event achievement_mode_1_changed_state
2019-12-20 18:41:12,008 : INFO : root : MPF run loop ended.
