2019-12-13 11:55:19,197 : INFO : Machine : Mission Pinball Framework Core Engine v0.53.0-dev.68
2019-12-13 11:55:19,197 : INFO : Machine : Command line arguments: {'no_load_cache': False, 'create_config_cache': True, 'bcp': True, 'configfile': ['config.yaml'], 'mpfconfigfile': 'c:\\users\\schol\\appdata\\local\\programs\\python\\python36\\lib\\site-packages\\mpf\\mpfconfig.yaml', 'force_assets_load': False, 'jsonlogging': False, 'logfile': 'logs\\2019-12-13-11-55-19-mpf-DESKTOP-FPTMTCL.log', 'pause': False, 'production': False, 'text_ui': True, 'loglevel': 15, 'consoleloglevel': 20, 'force_platform': 'smart_virtual', 'syslog_address': None, 'mc_file_name': None, 'no_sound': False}
2019-12-13 11:55:19,197 : INFO : Machine : MPF path: c:\users\schol\appdata\local\programs\python\python36\lib\site-packages\mpf
2019-12-13 11:55:19,197 : INFO : Machine : Machine path: D:\mpf\wows\wows
2019-12-13 11:55:19,197 : INFO : Machine : Platform: win32
2019-12-13 11:55:19,197 : INFO : Machine : Python executable location: c:\users\schol\appdata\local\programs\python\python36\python.exe
2019-12-13 11:55:19,197 : INFO : Machine : Python version: 3.6.4 (64-bit)
2019-12-13 11:55:19,198 : INFO : Machine : Machine config file #1: config.yaml
2019-12-13 11:55:19,198 : INFO : ConfigProcessor : Loading config from cache: C:\Users\schol\AppData\Local\Temp\9eb68d3894805241b8cf789ebd176e3c.mpf_cache
2019-12-13 11:55:19,200 : INFO : Machine : Initialise MPF.
2019-12-13 11:55:19,416 : INFO : EventManager : Event: ======'machine_var_credits_string'====== Args={'value': 'FREE PLAY', 'prev_value': None, 'change': True}
2019-12-13 11:55:19,452 : INFO : EventManager : Event: ======'machine_var_player1_score'====== Args={'value': 0, 'prev_value': None, 'change': True}
2019-12-13 11:55:19,452 : INFO : EventManager : Event: ======'machine_var_mpf_version'====== Args={'value': 'MPF v0.53.0-dev.68', 'prev_value': None, 'change': True}
2019-12-13 11:55:19,452 : INFO : EventManager : Event: ======'machine_var_mpf_extended_version'====== Args={'value': 'MPF v0.53.0-dev.68, Config version:5, Show version: 5, BCP version:1.1', 'prev_value': None, 'change': True}
2019-12-13 11:55:19,452 : INFO : EventManager : Event: ======'machine_var_python_version'====== Args={'value': '3.6.4', 'prev_value': None, 'change': True}
2019-12-13 11:55:19,452 : INFO : EventManager : Event: ======'machine_var_platform'====== Args={'value': 'Windows-10-10.0.18362-SP0', 'prev_value': None, 'change': True}
2019-12-13 11:55:19,452 : INFO : EventManager : Event: ======'machine_var_platform_system'====== Args={'value': 'Windows', 'prev_value': None, 'change': True}
2019-12-13 11:55:19,452 : INFO : EventManager : Event: ======'machine_var_platform_release'====== Args={'value': '10', 'prev_value': None, 'change': True}
2019-12-13 11:55:19,452 : INFO : EventManager : Event: ======'machine_var_platform_version'====== Args={'value': '10.0.18362', 'prev_value': None, 'change': True}
2019-12-13 11:55:19,452 : INFO : EventManager : Event: ======'machine_var_platform_machine'====== Args={'value': 'AMD64', 'prev_value': None, 'change': True}
2019-12-13 11:55:19,452 : INFO : EventManager : Event: ======'init_phase_1'====== Args={}
2019-12-13 11:55:19,481 : INFO : ConfigProcessor : Loading config from cache: C:\Users\schol\AppData\Local\Temp\5c4497fcd69d1d656c4b69a28e44c490.mpf_cache
2019-12-13 11:55:19,486 : INFO : ConfigProcessor : Loading config from cache: C:\Users\schol\AppData\Local\Temp\d5fd805c5432c1441bf01a6268536a3d.mpf_cache
2019-12-13 11:55:19,490 : WARNING : ConfigProcessor : Config file in cache changed: D:\mpf\wows\wows\modes\mode_1\config\mode_1.yaml
2019-12-13 11:55:19,490 : INFO : ConfigProcessor : Loading config from file D:\mpf\wows\wows\modes\mode_1\config\mode_1.yaml.
2019-12-13 11:55:19,494 : INFO : ConfigProcessor : Loading config: D:\mpf\wows\wows\modes\mode_1\config\mode_1.yaml
2019-12-13 11:55:19,495 : INFO : ConfigProcessor : Config file cache created: C:\Users\schol\AppData\Local\Temp\ecc9b395424c2990811feee9ed731d4b.mpf_cache
2019-12-13 11:55:19,519 : INFO : EventManager : Event: ======'init_phase_2'====== Args={}
2019-12-13 11:55:19,520 : INFO : SwitchController : Found active switch: ('2', <Platform.SmartVirtual>)
2019-12-13 11:55:19,520 : INFO : SwitchController : Found active switch: ('3', <Platform.SmartVirtual>)
2019-12-13 11:55:19,520 : INFO : SwitchController : Found active switch: ('4', <Platform.SmartVirtual>)
2019-12-13 11:55:19,520 : INFO : SwitchController : Found active switch: ('5', <Platform.SmartVirtual>)
2019-12-13 11:55:19,520 : INFO : SwitchController : Found active switch: ('6', <Platform.SmartVirtual>)
2019-12-13 11:55:19,520 : INFO : SwitchController : Found active switch: ('7', <Platform.SmartVirtual>)
2019-12-13 11:55:19,523 : INFO : EventManager : Event: ======'bcp_connection_attempt'====== Args={'name': 'local_display', 'host': 'localhost', 'port': 5050}
2019-12-13 11:55:19,524 : INFO : BCPClientSocket : Connecting BCP to 'local_display' at localhost:5050...
2019-12-13 11:55:21,537 : INFO : BCPClientSocket : Connected BCP to 'local_display' localhost:5050
2019-12-13 11:55:21,538 : INFO : EventManager : Event: ======'bcp_clients_connected'====== Args={}
2019-12-13 11:55:21,548 : INFO : EventManager : Event: ======'machine_var_mc_version'====== Args={'value': 'MPF-MC v0.53.0-dev.15', 'prev_value': None, 'change': True}
2019-12-13 11:55:21,548 : INFO : EventManager : Event: ======'machine_var_mc_extended_version'====== Args={'value': 'MPF-MC v0.53.0-dev.15 (config_version=5, BCP v1.1, Requires MPF v0.53.0-dev.51)', 'prev_value': None, 'change': True}
2019-12-13 11:55:21,549 : INFO : EventManager : Event: ======'machine_var_master_volume'====== Args={'value': 0.5, 'prev_value': None, 'change': True}
2019-12-13 11:55:21,585 : INFO : EventManager : Event: ======'init_phase_3'====== Args={}
2019-12-13 11:55:21,585 : INFO : AssetManager : Registering Asset: sh_mode_1_shot_made, File: sh_mode_1_shot_made.yaml, Default Group: default, Final Config: {'load': 'preload', 'file': 'D:\\mpf\\wows\\wows\\shows\\sh_mode_1_shot_made.yaml'}
2019-12-13 11:55:21,588 : INFO : ConfigProcessor : Loading config from cache: C:\Users\schol\AppData\Local\Temp\fa28a7c1718d90985f3e4cefea80239e.mpf_cache
2019-12-13 11:55:21,589 : INFO : EventManager : Event: ======'loading_assets'====== Args={'total': 1, 'loaded': 1, 'remaining': 0, 'percent': 100}
2019-12-13 11:55:21,589 : INFO : AssetManager : Asset loading took: 2.1912968158721924
2019-12-13 11:55:21,589 : INFO : EventManager : Event: ======'asset_loading_complete'====== Args={}
2019-12-13 11:55:21,589 : INFO : AssetManager : Loading assets: 1/1 (100%)
2019-12-13 11:55:21,589 : INFO : EventManager : Event: ======'init_phase_4'====== Args={}
2019-12-13 11:55:21,597 : INFO : EventManager : Event: ======'machine_var_audits_events_game_ended'====== Args={'value': 1, 'prev_value': None, 'change': True}
2019-12-13 11:55:21,598 : INFO : EventManager : Event: ======'machine_var_audits_events_game_started'====== Args={'value': 65, 'prev_value': None, 'change': True}
2019-12-13 11:55:21,598 : INFO : EventManager : Event: ======'machine_var_audits_player_score'====== Args={'value': {'average': 0.0, 'top': [0], 'total': 1}, 'prev_value': None, 'change': True}
2019-12-13 11:55:21,598 : INFO : EventManager : Event: ======'machine_var_audits_switches_s_bumper_1'====== Args={'value': 0, 'prev_value': None, 'change': True}
2019-12-13 11:55:21,599 : INFO : EventManager : Event: ======'machine_var_audits_switches_s_bumper_2'====== Args={'value': 0, 'prev_value': None, 'change': True}
2019-12-13 11:55:21,599 : INFO : EventManager : Event: ======'machine_var_audits_switches_s_bumper_3'====== Args={'value': 0, 'prev_value': None, 'change': True}
2019-12-13 11:55:21,599 : INFO : EventManager : Event: ======'machine_var_audits_switches_s_center_ramp'====== Args={'value': 0, 'prev_value': None, 'change': True}
2019-12-13 11:55:21,599 : INFO : EventManager : Event: ======'machine_var_audits_switches_s_citadel'====== Args={'value': 0, 'prev_value': None, 'change': True}
2019-12-13 11:55:21,599 : INFO : EventManager : Event: ======'machine_var_audits_switches_s_citadel_lock'====== Args={'value': 0, 'prev_value': None, 'change': True}
2019-12-13 11:55:21,600 : INFO : EventManager : Event: ======'machine_var_audits_switches_s_detonation'====== Args={'value': 0, 'prev_value': None, 'change': True}
2019-12-13 11:55:21,600 : INFO : EventManager : Event: ======'machine_var_audits_switches_s_dmg_1'====== Args={'value': 211, 'prev_value': None, 'change': True}
2019-12-13 11:55:21,600 : INFO : EventManager : Event: ======'machine_var_audits_switches_s_dmg_2'====== Args={'value': 3, 'prev_value': None, 'change': True}
2019-12-13 11:55:21,600 : INFO : EventManager : Event: ======'machine_var_audits_switches_s_dmg_3'====== Args={'value': 3, 'prev_value': None, 'change': True}
2019-12-13 11:55:21,600 : INFO : EventManager : Event: ======'machine_var_audits_switches_s_dmg_4'====== Args={'value': 1, 'prev_value': None, 'change': True}
2019-12-13 11:55:21,600 : INFO : EventManager : Event: ======'machine_var_audits_switches_s_dmg_5'====== Args={'value': 1, 'prev_value': None, 'change': True}
2019-12-13 11:55:21,601 : INFO : EventManager : Event: ======'machine_var_audits_switches_s_dmg_6'====== Args={'value': 1, 'prev_value': None, 'change': True}
2019-12-13 11:55:21,601 : INFO : EventManager : Event: ======'machine_var_audits_switches_s_dmg_7'====== Args={'value': 1, 'prev_value': None, 'change': True}
2019-12-13 11:55:21,601 : INFO : EventManager : Event: ======'machine_var_audits_switches_s_drop_target'====== Args={'value': 0, 'prev_value': None, 'change': True}
2019-12-13 11:55:21,601 : INFO : EventManager : Event: ======'machine_var_audits_switches_s_jet_hole'====== Args={'value': 0, 'prev_value': None, 'change': True}
2019-12-13 11:55:21,601 : INFO : EventManager : Event: ======'machine_var_audits_switches_s_jet_lane'====== Args={'value': 0, 'prev_value': None, 'change': True}
2019-12-13 11:55:21,602 : INFO : EventManager : Event: ======'machine_var_audits_switches_s_kickback'====== Args={'value': 0, 'prev_value': None, 'change': True}
2019-12-13 11:55:21,602 : INFO : EventManager : Event: ======'machine_var_audits_switches_s_kickback_target_2'====== Args={'value': 0, 'prev_value': None, 'change': True}
2019-12-13 11:55:21,602 : INFO : EventManager : Event: ======'machine_var_audits_switches_s_kickback_target_3'====== Args={'value': 2, 'prev_value': None, 'change': True}
2019-12-13 11:55:21,602 : INFO : EventManager : Event: ======'machine_var_audits_switches_s_kickback_terget_1'====== Args={'value': 0, 'prev_value': None, 'change': True}
2019-12-13 11:55:21,602 : INFO : EventManager : Event: ======'machine_var_audits_switches_s_left_flipper'====== Args={'value': 45, 'prev_value': None, 'change': True}
2019-12-13 11:55:21,602 : INFO : EventManager : Event: ======'machine_var_audits_switches_s_left_hole'====== Args={'value': 0, 'prev_value': None, 'change': True}
2019-12-13 11:55:21,603 : INFO : EventManager : Event: ======'machine_var_audits_switches_s_left_inlane'====== Args={'value': 0, 'prev_value': None, 'change': True}
2019-12-13 11:55:21,603 : INFO : EventManager : Event: ======'machine_var_audits_switches_s_left_loop_made'====== Args={'value': 0, 'prev_value': None, 'change': True}
2019-12-13 11:55:21,603 : INFO : EventManager : Event: ======'machine_var_audits_switches_s_left_loop_pre'====== Args={'value': 0, 'prev_value': None, 'change': True}
2019-12-13 11:55:21,603 : INFO : EventManager : Event: ======'machine_var_audits_switches_s_left_mid_inlane'====== Args={'value': 0, 'prev_value': None, 'change': True}
2019-12-13 11:55:21,604 : INFO : EventManager : Event: ======'machine_var_audits_switches_s_left_outlane'====== Args={'value': 0, 'prev_value': None, 'change': True}
2019-12-13 11:55:21,604 : INFO : EventManager : Event: ======'machine_var_audits_switches_s_left_ramp_made'====== Args={'value': 0, 'prev_value': None, 'change': True}
2019-12-13 11:55:21,604 : INFO : EventManager : Event: ======'machine_var_audits_switches_s_left_ramp_pre'====== Args={'value': 0, 'prev_value': None, 'change': True}
2019-12-13 11:55:21,605 : INFO : EventManager : Event: ======'machine_var_audits_switches_s_left_slingshot'====== Args={'value': 0, 'prev_value': None, 'change': True}
2019-12-13 11:55:21,605 : INFO : EventManager : Event: ======'machine_var_audits_switches_s_lock_1'====== Args={'value': 0, 'prev_value': None, 'change': True}
2019-12-13 11:55:21,605 : INFO : EventManager : Event: ======'machine_var_audits_switches_s_lock_2'====== Args={'value': 0, 'prev_value': None, 'change': True}
2019-12-13 11:55:21,605 : INFO : EventManager : Event: ======'machine_var_audits_switches_s_lock_3'====== Args={'value': 0, 'prev_value': None, 'change': True}
2019-12-13 11:55:21,606 : INFO : EventManager : Event: ======'machine_var_audits_switches_s_main_hole'====== Args={'value': 9, 'prev_value': None, 'change': True}
2019-12-13 11:55:21,606 : INFO : EventManager : Event: ======'machine_var_audits_switches_s_pen_1'====== Args={'value': 0, 'prev_value': None, 'change': True}
2019-12-13 11:55:21,606 : INFO : EventManager : Event: ======'machine_var_audits_switches_s_pen_2'====== Args={'value': 0, 'prev_value': None, 'change': True}
2019-12-13 11:55:21,607 : INFO : EventManager : Event: ======'machine_var_audits_switches_s_pen_3'====== Args={'value': 0, 'prev_value': None, 'change': True}
2019-12-13 11:55:21,607 : INFO : EventManager : Event: ======'machine_var_audits_switches_s_pen_4'====== Args={'value': 0, 'prev_value': None, 'change': True}
2019-12-13 11:55:21,607 : INFO : EventManager : Event: ======'machine_var_audits_switches_s_pen_5'====== Args={'value': 0, 'prev_value': None, 'change': True}
2019-12-13 11:55:21,608 : INFO : EventManager : Event: ======'machine_var_audits_switches_s_pen_6'====== Args={'value': 0, 'prev_value': None, 'change': True}
2019-12-13 11:55:21,608 : INFO : EventManager : Event: ======'machine_var_audits_switches_s_plunger'====== Args={'value': 78, 'prev_value': None, 'change': True}
2019-12-13 11:55:21,608 : INFO : EventManager : Event: ======'machine_var_audits_switches_s_plunger_button'====== Args={'value': 2, 'prev_value': None, 'change': True}
2019-12-13 11:55:21,608 : INFO : EventManager : Event: ======'machine_var_audits_switches_s_ricochet_1'====== Args={'value': 0, 'prev_value': None, 'change': True}
2019-12-13 11:55:21,609 : INFO : EventManager : Event: ======'machine_var_audits_switches_s_ricochet_2'====== Args={'value': 0, 'prev_value': None, 'change': True}
2019-12-13 11:55:21,609 : INFO : EventManager : Event: ======'machine_var_audits_switches_s_ricochet_3'====== Args={'value': 0, 'prev_value': None, 'change': True}
2019-12-13 11:55:21,609 : INFO : EventManager : Event: ======'machine_var_audits_switches_s_ricochet_4'====== Args={'value': 0, 'prev_value': None, 'change': True}
2019-12-13 11:55:21,610 : INFO : EventManager : Event: ======'machine_var_audits_switches_s_ricochet_5'====== Args={'value': 0, 'prev_value': None, 'change': True}
2019-12-13 11:55:21,610 : INFO : EventManager : Event: ======'machine_var_audits_switches_s_right_flipper'====== Args={'value': 101, 'prev_value': None, 'change': True}
2019-12-13 11:55:21,610 : INFO : EventManager : Event: ======'machine_var_audits_switches_s_right_hole'====== Args={'value': 0, 'prev_value': None, 'change': True}
2019-12-13 11:55:21,610 : INFO : EventManager : Event: ======'machine_var_audits_switches_s_right_inlane'====== Args={'value': 0, 'prev_value': None, 'change': True}
2019-12-13 11:55:21,611 : INFO : EventManager : Event: ======'machine_var_audits_switches_s_right_outlane'====== Args={'value': 0, 'prev_value': None, 'change': True}
2019-12-13 11:55:21,611 : INFO : EventManager : Event: ======'machine_var_audits_switches_s_right_ramp_made'====== Args={'value': 0, 'prev_value': None, 'change': True}
2019-12-13 11:55:21,611 : INFO : EventManager : Event: ======'machine_var_audits_switches_s_right_ramp_pre'====== Args={'value': 0, 'prev_value': None, 'change': True}
2019-12-13 11:55:21,612 : INFO : EventManager : Event: ======'machine_var_audits_switches_s_right_slingshot'====== Args={'value': 0, 'prev_value': None, 'change': True}
2019-12-13 11:55:21,612 : INFO : EventManager : Event: ======'machine_var_audits_switches_s_side_hole'====== Args={'value': 2, 'prev_value': None, 'change': True}
2019-12-13 11:55:21,613 : INFO : EventManager : Event: ======'machine_var_audits_switches_s_side_ramp_made'====== Args={'value': 0, 'prev_value': None, 'change': True}
2019-12-13 11:55:21,613 : INFO : EventManager : Event: ======'machine_var_audits_switches_s_side_ramp_pre'====== Args={'value': 0, 'prev_value': None, 'change': True}
2019-12-13 11:55:21,613 : INFO : EventManager : Event: ======'machine_var_audits_switches_s_start'====== Args={'value': 4, 'prev_value': None, 'change': True}
2019-12-13 11:55:21,614 : INFO : EventManager : Event: ======'machine_var_audits_switches_s_torpedo'====== Args={'value': 0, 'prev_value': None, 'change': True}
2019-12-13 11:55:21,614 : INFO : EventManager : Event: ======'machine_var_audits_switches_s_trough1'====== Args={'value': 6, 'prev_value': None, 'change': True}
2019-12-13 11:55:21,614 : INFO : EventManager : Event: ======'machine_var_audits_switches_s_trough2'====== Args={'value': 0, 'prev_value': None, 'change': True}
2019-12-13 11:55:21,615 : INFO : EventManager : Event: ======'machine_var_audits_switches_s_trough3'====== Args={'value': 0, 'prev_value': None, 'change': True}
2019-12-13 11:55:21,615 : INFO : EventManager : Event: ======'machine_var_audits_switches_s_trough4'====== Args={'value': 0, 'prev_value': None, 'change': True}
2019-12-13 11:55:21,615 : INFO : EventManager : Event: ======'machine_var_audits_switches_s_trough5'====== Args={'value': 0, 'prev_value': None, 'change': True}
2019-12-13 11:55:21,616 : INFO : EventManager : Event: ======'machine_var_audits_switches_s_trough6'====== Args={'value': 1, 'prev_value': None, 'change': True}
2019-12-13 11:55:21,616 : INFO : EventManager : Event: ======'machine_var_audits_switches_s_trough_jam'====== Args={'value': 0, 'prev_value': None, 'change': True}
2019-12-13 11:55:21,616 : INFO : EventManager : Event: ======'init_phase_5'====== Args={}
2019-12-13 11:55:21,635 : INFO : EventManager : Event: ======'init_done'====== Args={}
2019-12-13 11:55:21,636 : INFO : EventManager : Event: ======'machine_reset_phase_1'====== Args={}
2019-12-13 11:55:21,646 : INFO : EventManager : Event: ======'slide_welcome_slide_removed'====== Args={'_from_bcp': True}
2019-12-13 11:55:21,651 : INFO : EventManager : Event: ======'slide_welcome_slide_created'====== Args={'_from_bcp': True}
2019-12-13 11:55:21,652 : INFO : EventManager : Event: ======'slide_welcome_slide_active'====== Args={'_from_bcp': True}
2019-12-13 11:55:21,652 : INFO : EventManager : Event: ======'machine_reset_phase_2'====== Args={}
2019-12-13 11:55:21,652 : INFO : EventManager : Event: ======'machine_reset_phase_3'====== Args={}
2019-12-13 11:55:21,652 : INFO : EventManager : Event: ======'reset_complete'====== Args={}
2019-12-13 11:55:21,652 : INFO : EventManager : Event: ======'mode_attract_will_start'====== Args={}
2019-12-13 11:55:21,653 : INFO : EventManager : Event: ======'mode_attract_starting'====== Args={}
2019-12-13 11:55:21,653 : INFO : Mode.attract : Started. Priority: 10
2019-12-13 11:55:21,653 : INFO : EventManager : Event: ======'mode_attract_started'====== Args={}
2019-12-13 11:55:21,654 : INFO : EventManager : Event: ======'collecting_balls_complete'====== Args={}
2019-12-13 11:55:21,677 : INFO : EventManager : Event: ======'slide_attract_started_created'====== Args={'_from_bcp': True}
2019-12-13 11:55:21,677 : INFO : Machine : Starting the main run loop.
2019-12-13 11:55:21,680 : INFO : EventManager : Event: ======'slide_attract_started_active'====== Args={'_from_bcp': True}
2019-12-13 11:55:21,844 : INFO : BcpServer : New client connected.
2019-12-13 11:55:21,845 : INFO : SwitchController : <<<<<<< 's_start' active >>>>>>>
2019-12-13 11:55:21,854 : INFO : SwitchController : <<<<<<< 's_start' inactive >>>>>>>
2019-12-13 11:55:21,854 : INFO : EventManager : Event: ======'request_to_start_game'====== Args={}
2019-12-13 11:55:21,855 : INFO : SwitchController : <<<<<<< 's_start' active >>>>>>>
2019-12-13 11:55:21,855 : INFO : SwitchController : <<<<<<< 's_start' inactive >>>>>>>
2019-12-13 11:55:21,855 : INFO : EventManager : Event: ======'request_to_start_game'====== Args={}
2019-12-13 11:55:21,855 : INFO : SwitchController : <<<<<<< 's_start' active >>>>>>>
2019-12-13 11:55:21,855 : INFO : SwitchController : <<<<<<< 's_start' inactive >>>>>>>
2019-12-13 11:55:21,855 : INFO : EventManager : Event: ======'request_to_start_game'====== Args={}
2019-12-13 11:55:21,855 : INFO : SwitchController : <<<<<<< 's_start' active >>>>>>>
2019-12-13 11:55:21,855 : INFO : SwitchController : <<<<<<< 's_start' inactive >>>>>>>
2019-12-13 11:55:21,855 : INFO : EventManager : Event: ======'request_to_start_game'====== Args={}
2019-12-13 11:55:21,855 : INFO : SwitchController : <<<<<<< 's_start' active >>>>>>>
2019-12-13 11:55:21,856 : INFO : SwitchController : <<<<<<< 's_start' inactive >>>>>>>
2019-12-13 11:55:21,856 : INFO : EventManager : Event: ======'request_to_start_game'====== Args={}
2019-12-13 11:55:21,856 : INFO : SwitchController : <<<<<<< 's_start' active >>>>>>>
2019-12-13 11:55:21,856 : INFO : SwitchController : <<<<<<< 's_start' inactive >>>>>>>
2019-12-13 11:55:21,856 : INFO : EventManager : Event: ======'request_to_start_game'====== Args={}
2019-12-13 11:55:21,856 : INFO : SwitchController : <<<<<<< 's_start' active >>>>>>>
2019-12-13 11:55:21,856 : INFO : SwitchController : <<<<<<< 's_start' inactive >>>>>>>
2019-12-13 11:55:21,856 : INFO : EventManager : Event: ======'request_to_start_game'====== Args={}
2019-12-13 11:55:21,864 : INFO : EventManager : Event: ======'game_start'====== Args={'buttons': [], 'hold_time': 0.0}
2019-12-13 11:55:21,864 : INFO : EventManager : Event: ======'mode_game_will_start'====== Args={'buttons': [], 'hold_time': 0.0}
2019-12-13 11:55:21,865 : INFO : EventManager : Event: ======'mode_game_starting'====== Args={'buttons': [], 'hold_time': 0.0}
2019-12-13 11:55:21,865 : INFO : EventManager : Event: ======'mode_attract_will_stop'====== Args={}
2019-12-13 11:55:21,865 : INFO : EventManager : Event: ======'mode_attract_stopping'====== Args={}
2019-12-13 11:55:21,865 : INFO : Mode.attract : Stopped.
2019-12-13 11:55:21,866 : INFO : EventManager : Event: ======'mode_attract_stopped'====== Args={}
2019-12-13 11:55:21,866 : INFO : EventManager : Event: ======'clear'====== Args={'key': 'attract'}
2019-12-13 11:55:21,866 : INFO : Mode.game : Started. Priority: 20
2019-12-13 11:55:21,866 : INFO : EventManager : Event: ======'mode_game_started'====== Args={'buttons': [], 'hold_time': 0.0}
2019-12-13 11:55:21,866 : INFO : EventManager : Event: ======'game_start'====== Args={'buttons': [], 'hold_time': 0.0}
2019-12-13 11:55:21,867 : INFO : EventManager : Event: ======'game_start'====== Args={'buttons': [], 'hold_time': 0.0}
2019-12-13 11:55:21,867 : INFO : EventManager : Event: ======'game_start'====== Args={'buttons': [], 'hold_time': 0.0}
2019-12-13 11:55:21,867 : INFO : EventManager : Event: ======'game_start'====== Args={'buttons': [], 'hold_time': 0.0}
2019-12-13 11:55:21,867 : INFO : EventManager : Event: ======'game_start'====== Args={'buttons': [], 'hold_time': 0.0}
2019-12-13 11:55:21,867 : INFO : EventManager : Event: ======'game_start'====== Args={'buttons': [], 'hold_time': 0.0}
2019-12-13 11:55:21,879 : INFO : EventManager : Event: ======'game_will_start'====== Args={}
2019-12-13 11:55:21,879 : INFO : EventManager : Event: ======'game_starting'====== Args={'game': <Mode.game>}
2019-12-13 11:55:21,880 : INFO : EventManager : Event: ======'player_add_request'====== Args={}
2019-12-13 11:55:21,880 : INFO : EventManager : Event: ======'player_will_add'====== Args={'number': 1}
2019-12-13 11:55:21,881 : INFO : EventManager : Event: ======'player_adding'====== Args={'player': <Player 1>, 'number': 1}
2019-12-13 11:55:21,881 : INFO : EventManager : Event: ======'player_added'====== Args={'player': <Player 1>, 'num': 1}
2019-12-13 11:55:21,881 : INFO : Mode.game : Player added successfully. Total players: 1
2019-12-13 11:55:21,881 : INFO : EventManager : Event: ======'player_index'====== Args={'value': 0, 'prev_value': 0, 'change': 0, 'player_num': 1}
2019-12-13 11:55:21,882 : INFO : EventManager : Event: ======'player_number'====== Args={'value': 1, 'prev_value': 1, 'change': 0, 'player_num': 1}
2019-12-13 11:55:21,882 : INFO : EventManager : Event: ======'player_RecivedDMG'====== Args={'value': 1, 'prev_value': 1, 'change': 0, 'player_num': 1}
2019-12-13 11:55:21,882 : INFO : EventManager : Event: ======'player_DMGValue'====== Args={'value': 10000000, 'prev_value': 10000000, 'change': 0, 'player_num': 1}
2019-12-13 11:55:21,883 : INFO : EventManager : Event: ======'player_score'====== Args={'value': 0, 'prev_value': 0, 'change': 0, 'player_num': 1}
2019-12-13 11:55:21,883 : INFO : EventManager : Event: ======'game_started'====== Args={}
2019-12-13 11:55:21,895 : INFO : EventManager : Event: ======'player_turn_will_start'====== Args={'player': <Player 1>, 'number': 1}
2019-12-13 11:55:21,896 : INFO : EventManager : Event: ======'player_turn_starting'====== Args={'player': <Player 1>, 'number': 1}
2019-12-13 11:55:21,896 : INFO : EventManager : Event: ======'player_ball'====== Args={'value': 1, 'prev_value': 0, 'change': 1, 'player_num': 1}
2019-12-13 11:55:21,896 : INFO : EventManager : Event: ======'player_turn_started'====== Args={'player': <Player 1>, 'number': 1}
2019-12-13 11:55:21,897 : INFO : EventManager : Event: ======'ball_will_start'====== Args={'player': 1, 'ball': 1, 'balls_remaining': 2, 'is_extra_ball': False}
2019-12-13 11:55:21,907 : INFO : EventManager : Event: ======'ball_starting'====== Args={'player': 1, 'ball': 1, 'balls_remaining': 2, 'is_extra_ball': False}
2019-12-13 11:55:21,907 : INFO : EventManager : Event: ======'mode_mode_1_will_start'====== Args={'queue': <QueuedEvent>, 'player': 1, 'ball': 1, 'balls_remaining': 2, 'is_extra_ball': False}
2019-12-13 11:55:21,908 : INFO : Timer.mode_countdown : Starting Timer.
2019-12-13 11:55:21,908 : INFO : EventManager : Event: ======'timer_mode_countdown_started'====== Args={'ticks': 30, 'ticks_remaining': 30}
2019-12-13 11:55:21,908 : INFO : EventManager : Event: ======'timer_mode_countdown_tick'====== Args={'ticks': 30, 'ticks_remaining': 30}
2019-12-13 11:55:21,909 : INFO : EventManager : Event: ======'mode_mode_1_starting'====== Args={'queue': <QueuedEvent>, 'player': 1, 'ball': 1, 'balls_remaining': 2, 'is_extra_ball': False}
2019-12-13 11:55:21,910 : INFO : Mode.mode_1 : Started. Priority: 300
2019-12-13 11:55:21,910 : INFO : EventManager : Event: ======'mode_mode_1_started'====== Args={'queue': <QueuedEvent>, 'player': 1, 'ball': 1, 'balls_remaining': 2, 'is_extra_ball': False}
2019-12-13 11:55:21,910 : INFO : EventManager : Event: ======'balls_in_play'====== Args={'balls': 1}
2019-12-13 11:55:21,910 : INFO : EventManager : Event: ======'ball_started'====== Args={'player': 1, 'ball': 1, 'balls_remaining': 2, 'is_extra_ball': False}
2019-12-13 11:55:21,933 : INFO : EventManager : Event: ======'single_player_ball_started'====== Args={}
2019-12-13 11:55:21,934 : INFO : EventManager : Event: ======'balldevice_balls_available'====== Args={}
2019-12-13 11:55:21,935 : INFO : EventManager : Event: ======'balldevice_bd_trough_ball_eject_attempt'====== Args={'balls': 1, 'target': <ball_device.bd_plunger>, 'source': <ball_device.bd_trough>, 'mechanical_eject': True, 'num_attempts': 0}
2019-12-13 11:55:21,935 : INFO : ball_device.bd_trough : Ejecting ball to <ball_device.bd_plunger>
2019-12-13 11:55:21,936 : INFO : EventManager : Event: ======'balldevice_bd_trough_ejecting_ball'====== Args={'balls': 1, 'target': <ball_device.bd_plunger>, 'source': <ball_device.bd_trough>, 'mechanical_eject': True, 'num_attempts': 0}
2019-12-13 11:55:21,936 : INFO : coil.c_trough_eject : Pulsing Driver for 20ms (1.0 pulse_power)
2019-12-13 11:55:21,937 : INFO : SwitchController : <<<<<<< 's_trough1' inactive >>>>>>>
2019-12-13 11:55:22,030 : INFO : SwitchController : <<<<<<< 's_plunger' active >>>>>>>
2019-12-13 11:55:22,030 : INFO : EventManager : Event: ======'machine_var_audits_switches_s_plunger'====== Args={'value': 79, 'prev_value': 78, 'change': 1}
2019-12-13 11:55:22,344 : INFO : EventManager : Event: ======'balldevice_bd_plunger_ball_enter'====== Args={'new_balls': 1, 'unclaimed_balls': 0, 'new_available_balls': 0, 'device': <ball_device.bd_plunger>}
2019-12-13 11:55:22,344 : INFO : EventManager : Event: ======'balldevice_bd_plunger_ball_entered'====== Args={'new_balls': 0, 'device': <ball_device.bd_plunger>}
2019-12-13 11:55:22,344 : INFO : EventManager : Event: ======'balldevice_bd_plunger_ball_count_changed'====== Args={'balls': 1}
2019-12-13 11:55:22,344 : INFO : EventManager : Event: ======'balldevice_bd_trough_ball_eject_success'====== Args={'balls': 1, 'target': <ball_device.bd_plunger>}
2019-12-13 11:55:22,344 : INFO : EventManager : Event: ======'balldevice_bd_trough_ball_count_changed'====== Args={'balls': 4}
2019-12-13 11:55:22,345 : INFO : EventManager : Event: ======'balldevice_bd_plunger_ball_eject_attempt'====== Args={'balls': 1, 'target': <playfield.playfield>, 'source': <ball_device.bd_plunger>, 'mechanical_eject': True, 'num_attempts': 0}
2019-12-13 11:55:22,345 : INFO : ball_device.bd_plunger : Ejecting ball to <playfield.playfield>
2019-12-13 11:55:22,345 : INFO : EventManager : Event: ======'balldevice_bd_plunger_ejecting_ball'====== Args={'balls': 1, 'target': <playfield.playfield>, 'source': <ball_device.bd_plunger>, 'mechanical_eject': True, 'num_attempts': 0}
2019-12-13 11:55:22,908 : INFO : EventManager : Event: ======'player_mode_1_mode_countdown_tick'====== Args={'value': 29, 'prev_value': 0, 'change': 29, 'player_num': 1}
2019-12-13 11:55:22,908 : INFO : EventManager : Event: ======'timer_mode_countdown_tick'====== Args={'ticks': 29, 'ticks_remaining': 29}
2019-12-13 11:55:23,015 : INFO : SwitchController : <<<<<<< 's_start' active >>>>>>>
2019-12-13 11:55:23,015 : INFO : EventManager : Event: ======'sw_start'====== Args={}
2019-12-13 11:55:23,015 : INFO : EventManager : Event: ======'machine_var_audits_switches_s_start'====== Args={'value': 5, 'prev_value': 4, 'change': 1}
2019-12-13 11:55:23,016 : INFO : EventManager : Event: ======'player_add_request'====== Args={}
2019-12-13 11:55:23,016 : INFO : EventManager : Event: ======'player_will_add'====== Args={'number': 2}
2019-12-13 11:55:23,017 : INFO : EventManager : Event: ======'player_adding'====== Args={'player': <Player 2>, 'number': 2}
2019-12-13 11:55:23,017 : INFO : EventManager : Event: ======'player_added'====== Args={'player': <Player 2>, 'num': 2}
2019-12-13 11:55:23,017 : INFO : Mode.game : Player added successfully. Total players: 2
2019-12-13 11:55:23,017 : INFO : EventManager : Event: ======'multiplayer_game'====== Args={}
2019-12-13 11:55:23,017 : INFO : EventManager : Event: ======'player_index'====== Args={'value': 1, 'prev_value': 1, 'change': 0, 'player_num': 2}
2019-12-13 11:55:23,018 : INFO : EventManager : Event: ======'player_number'====== Args={'value': 2, 'prev_value': 2, 'change': 0, 'player_num': 2}
2019-12-13 11:55:23,018 : INFO : EventManager : Event: ======'player_RecivedDMG'====== Args={'value': 1, 'prev_value': 1, 'change': 0, 'player_num': 2}
2019-12-13 11:55:23,018 : INFO : EventManager : Event: ======'player_DMGValue'====== Args={'value': 10000000, 'prev_value': 10000000, 'change': 0, 'player_num': 2}
2019-12-13 11:55:23,018 : INFO : EventManager : Event: ======'player_score'====== Args={'value': 0, 'prev_value': 0, 'change': 0, 'player_num': 2}
2019-12-13 11:55:23,115 : INFO : SwitchController : <<<<<<< 's_start' inactive >>>>>>>
2019-12-13 11:55:23,915 : INFO : EventManager : Event: ======'player_mode_1_mode_countdown_tick'====== Args={'value': 28, 'prev_value': 29, 'change': -1, 'player_num': 1}
2019-12-13 11:55:23,915 : INFO : EventManager : Event: ======'timer_mode_countdown_tick'====== Args={'ticks': 28, 'ticks_remaining': 28}
2019-12-13 11:55:24,860 : INFO : SwitchController : <<<<<<< 's_dmg_1' active >>>>>>>
2019-12-13 11:55:24,861 : INFO : EventManager : Event: ======'s_dmg_1_active'====== Args={}
2019-12-13 11:55:24,861 : INFO : EventManager : Event: ======'machine_var_audits_switches_s_dmg_1'====== Args={'value': 212, 'prev_value': 211, 'change': 1}
2019-12-13 11:55:24,861 : INFO : EventManager : Event: ======'damage_received'====== Args={'m1value': 'DMGValue * RecivedDMG * 200', 'priority': 0}
2019-12-13 11:55:24,862 : ERROR : asyncio : Exception in callback EventManager.process_event_queue()
handle: <Handle EventManager.process_event_queue()>
Traceback (most recent call last):
  File "c:\users\schol\appdata\local\programs\python\python36\lib\site-packages\mpf\core\events.py", line 662, in _run_handlers
    result = handler.callback(**merged_kwargs)
  File "c:\users\schol\appdata\local\programs\python\python36\lib\site-packages\mpf\core\config_player.py", line 338, in config_play_callback
    **kwargs)
  File "c:\users\schol\appdata\local\programs\python\python36\lib\site-packages\mpf\config_players\variable_player.py", line 59, in play
    self._set_variable(var, s, kwargs, context)
  File "c:\users\schol\appdata\local\programs\python\python36\lib\site-packages\mpf\config_players\variable_player.py", line 74, in _set_variable
    value = entry['int'].evaluate(placeholder_parameters)
  File "c:\users\schol\appdata\local\programs\python\python36\lib\site-packages\mpf\core\placeholder_manager.py", line 87, in evaluate
    return self.convert_result(result)
  File "c:\users\schol\appdata\local\programs\python\python36\lib\site-packages\mpf\core\placeholder_manager.py", line 145, in convert_result
    return int(value)
ValueError: invalid literal for int() with base 10: 'DMGValue * RecivedDMG * 200'

The above exception was the direct cause of the following exception:

Traceback (most recent call last):
  File "c:\users\schol\appdata\local\programs\python\python36\lib\asyncio\events.py", line 145, in _run
    self._callback(*self._args)
  File "c:\users\schol\appdata\local\programs\python\python36\lib\site-packages\mpf\core\events.py", line 743, in process_event_queue
    **event[3])
  File "c:\users\schol\appdata\local\programs\python\python36\lib\site-packages\mpf\core\events.py", line 708, in _process_event
    result = self._run_handlers(event, ev_type, kwargs)
  File "c:\users\schol\appdata\local\programs\python\python36\lib\site-packages\mpf\core\events.py", line 664, in _run_handlers
    raise Exception("Exception while processing {} for event {}".format(handler, event)) from e
Exception: Exception while processing RegisteredHandler(callback=<bound method ConfigPlayer.config_play_callback of ConfigPlayer.variable_player/variables>, priority=300, kwargs={'calling_context': 'damage_received', 'mode': <Mode.mode_1>, 'settings': {'score': {'int': <Template m1value>, 'block': False, 'priority': 0, 'float': None, 'string': None, 'action': 'add', 'player': None, 'condition': None}, 'm1shotmade': {'int': <NativeTemplate 1>, 'block': False, 'priority': 0, 'float': None, 'string': None, 'action': 'add', 'player': None, 'condition': None}}}, key=UUID('b2029d04-5993-4ac0-a52b-4431ec9bc9a3'), condition=None, blocking_facility=None) for event damage_received
2019-12-13 11:55:24,880 : INFO : EventManager : Event: ======'slide_mode_1_shot_made_slide_1_created'====== Args={'_from_bcp': True}
2019-12-13 11:55:24,880 : INFO : EventManager : Event: ======'slide_mode_1_shot_made_slide_1_active'====== Args={'_from_bcp': True}
2019-12-13 11:55:24,881 : INFO : Machine : Shutting down...
2019-12-13 11:55:24,882 : INFO : EventManager : Event: ======'shutdown'====== Args={}
2019-12-13 11:55:24,883 : ERROR : Machine : Runtime Exception
Traceback (most recent call last):
  File "c:\users\schol\appdata\local\programs\python\python36\lib\site-packages\mpf\core\events.py", line 662, in _run_handlers
    result = handler.callback(**merged_kwargs)
  File "c:\users\schol\appdata\local\programs\python\python36\lib\site-packages\mpf\core\config_player.py", line 338, in config_play_callback
    **kwargs)
  File "c:\users\schol\appdata\local\programs\python\python36\lib\site-packages\mpf\config_players\variable_player.py", line 59, in play
    self._set_variable(var, s, kwargs, context)
  File "c:\users\schol\appdata\local\programs\python\python36\lib\site-packages\mpf\config_players\variable_player.py", line 74, in _set_variable
    value = entry['int'].evaluate(placeholder_parameters)
  File "c:\users\schol\appdata\local\programs\python\python36\lib\site-packages\mpf\core\placeholder_manager.py", line 87, in evaluate
    return self.convert_result(result)
  File "c:\users\schol\appdata\local\programs\python\python36\lib\site-packages\mpf\core\placeholder_manager.py", line 145, in convert_result
    return int(value)
ValueError: invalid literal for int() with base 10: 'DMGValue * RecivedDMG * 200'

The above exception was the direct cause of the following exception:

Traceback (most recent call last):
  File "c:\users\schol\appdata\local\programs\python\python36\lib\site-packages\mpf\core\machine.py", line 765, in _run_loop
    raise self._exception['exception']
  File "c:\users\schol\appdata\local\programs\python\python36\lib\asyncio\events.py", line 145, in _run
    self._callback(*self._args)
  File "c:\users\schol\appdata\local\programs\python\python36\lib\site-packages\mpf\core\events.py", line 743, in process_event_queue
    **event[3])
  File "c:\users\schol\appdata\local\programs\python\python36\lib\site-packages\mpf\core\events.py", line 708, in _process_event
    result = self._run_handlers(event, ev_type, kwargs)
  File "c:\users\schol\appdata\local\programs\python\python36\lib\site-packages\mpf\core\events.py", line 664, in _run_handlers
    raise Exception("Exception while processing {} for event {}".format(handler, event)) from e
Exception: Exception while processing RegisteredHandler(callback=<bound method ConfigPlayer.config_play_callback of ConfigPlayer.variable_player/variables>, priority=300, kwargs={'calling_context': 'damage_received', 'mode': <Mode.mode_1>, 'settings': {'score': {'int': <Template m1value>, 'block': False, 'priority': 0, 'float': None, 'string': None, 'action': 'add', 'player': None, 'condition': None}, 'm1shotmade': {'int': <NativeTemplate 1>, 'block': False, 'priority': 0, 'float': None, 'string': None, 'action': 'add', 'player': None, 'condition': None}}}, key=UUID('b2029d04-5993-4ac0-a52b-4431ec9bc9a3'), condition=None, blocking_facility=None) for event damage_received
2019-12-13 11:55:24,884 : INFO : root : MPF run loop ended.
