2019-11-16 16:05:55,975 : kivy : Factory: 184 symbols loaded
2019-11-16 16:05:56,072 : kivy : Image: Providers: img_tex, img_dds, img_sdl2, img_pil, img_gif (img_ffpyplayer ignored)
2019-11-16 16:05:56,122 : kivy : VideoGstplayer: Using Gstreamer 1.16.0.0
2019-11-16 16:05:56,122 : kivy : Video: Provider: gstplayer
2019-11-16 16:05:56,187 : kivy : Loading MPF-MC controller
2019-11-16 16:05:56,188 : mpfmc : Mission Pinball Framework Media Controller v0.53.0-dev.15
2019-11-16 16:05:56,188 : mpfmc : Mission Pinball Framework Game Engine v0.53.0-dev.68
2019-11-16 16:05:56,188 : mpfmc : Machine path: D:\mpf\wows\wows
2019-11-16 16:05:56,189 : ConfigProcessor : Config file in cache changed: D:\mpf\wows\wows\config\config
2019-11-16 16:05:56,189 : ConfigProcessor : Loading config from file c:\users\schol\appdata\local\programs\python\python36\lib\site-packages\mpfmc\mcconfig.yaml.
2019-11-16 16:05:56,234 : ConfigProcessor : Loading config: c:\users\schol\appdata\local\programs\python\python36\lib\site-packages\mpfmc\mcconfig.yaml
2019-11-16 16:05:56,241 : ConfigProcessor : Loading config from file D:\mpf\wows\wows\config\config.
2019-11-16 16:05:56,296 : ConfigProcessor : Loading config: D:\mpf\wows\wows\config\config
2019-11-16 16:05:56,298 : ConfigProcessor : Config file cache created: C:\Users\schol\AppData\Local\Temp\31418c17c7947b0b26bf3ae2a4803514.mpf_cache
2019-11-16 16:05:56,298 : mpfmc : Starting clock at 60.0Hz
2019-11-16 16:05:56,309 : kivy : Text: Provider: sdl2
2019-11-16 16:05:56,343 : kivy : Window: Provider: sdl2
2019-11-16 16:05:56,717 : kivy : GL: Using the "OpenGL" graphics system
2019-11-16 16:05:56,720 : kivy : GL: GLEW initialization succeeded
2019-11-16 16:05:56,720 : kivy : GL: Backend used <glew>
2019-11-16 16:05:56,720 : kivy : GL: OpenGL version <b'4.6.0 NVIDIA 388.13'>
2019-11-16 16:05:56,720 : kivy : GL: OpenGL vendor <b'NVIDIA Corporation'>
2019-11-16 16:05:56,720 : kivy : GL: OpenGL renderer <b'GeForce GTX 1060 6GB/PCIe/SSE2'>
2019-11-16 16:05:56,720 : kivy : GL: OpenGL parsed version: 4, 6
2019-11-16 16:05:56,720 : kivy : GL: Shading version <b'4.60 NVIDIA'>
2019-11-16 16:05:56,720 : kivy : GL: Texture max size <32768>
2019-11-16 16:05:56,721 : kivy : GL: Texture max units <32>
2019-11-16 16:05:56,736 : kivy : Window: auto add sdl2 input provider
2019-11-16 16:05:56,736 : kivy : Window: virtual keyboard not allowed, single mode, not docked
2019-11-16 16:05:56,744 : SoundSystem : SoundSystem: Using default 'sound_system' settings
2019-11-16 16:05:56,988 : AudioInterface : Initialized
2019-11-16 16:05:56,988 : SoundSystem : No audio tracks are specified in your machine config file. a track named 'default' has been created.
2019-11-16 16:05:56,990 : kivy : Base: Start application main loop
2019-11-16 16:05:56,991 : EventManager : Event: ======'display_window_initialized'====== Args={}
2019-11-16 16:05:56,991 : EventManager : Event: ======'display_dmd_initialized'====== Args={}
2019-11-16 16:05:57,029 : mpfmc : Display: Setting 'dmd' as default display
2019-11-16 16:05:57,035 : EventManager : Event: ======'displays_initialized'====== Args={}
2019-11-16 16:05:57,036 : EventManager : Event: ======'slide_window_blank_created'====== Args={}
2019-11-16 16:05:57,036 : EventManager : Event: ======'display_window_ready'====== Args={}
2019-11-16 16:05:57,037 : EventManager : Event: ======'slide_dmd_blank_created'====== Args={}
2019-11-16 16:05:57,037 : EventManager : Event: ======'display_dmd_ready'====== Args={}
2019-11-16 16:05:57,046 : EventManager : Event: ======'init_phase_1'====== Args={}
2019-11-16 16:05:57,049 : EventManager : Event: ======'mc_ready'====== Args={}
2019-11-16 16:05:57,049 : EventManager : Event: ======'init_phase_2'====== Args={}
2019-11-16 16:05:57,050 : ConfigProcessor : Loading config from cache: C:\Users\schol\AppData\Local\Temp\5c4497fcd69d1d656c4b69a28e44c490.mpf_cache
2019-11-16 16:05:57,050 : ConfigProcessor : Loading config from cache: C:\Users\schol\AppData\Local\Temp\d5fd805c5432c1441bf01a6268536a3d.mpf_cache
2019-11-16 16:05:57,051 : ConfigProcessor : Loading config from cache: C:\Users\schol\AppData\Local\Temp\a327e3a062200f866ce963b9d13b0dd9.mpf_cache
2019-11-16 16:05:57,051 : EventManager : Event: ======'init_phase_3'====== Args={}
2019-11-16 16:05:57,052 : EventManager : Event: ======'init_phase_4'====== Args={}
2019-11-16 16:05:57,052 : EventManager : Event: ======'init_phase_5'====== Args={}
2019-11-16 16:05:57,052 : EventManager : Event: ======'init_done'====== Args={}
2019-11-16 16:05:57,052 : MPF-MC BCP Server : Starting up on localhost port 5050
2019-11-16 16:05:57,055 : MPF-MC BCP Server : Waiting for a connection...
2019-11-16 16:05:57,055 : mpfmc : SlidePlayer: Play called with settings={'slides': {welcome_slide-None-None: {'priority': None, 'target': None, 'background_color': [0.0, 0.0, 0.0, 1.0], 'show': True, 'force': False, 'expire': None, 'slide': None, 'tokens': {}, 'action': 'play', 'transition': None, 'transition_out': None}}}
2019-11-16 16:05:57,061 : kivy : GL: NPOT texture support is available
2019-11-16 16:05:57,195 : kivy : Base: Leaving application in progress...
2019-11-16 16:05:57,196 : kivy : Exception while processing RegisteredHandler(callback=<bound method ConfigPlayer.config_play_callback of McConfigPlayer.slides>, priority=0, kwargs={'calling_context': 'init_done', 'mode': None, 'settings': {'slides': {welcome_slide-None-None: {'priority': None, 'target': None, 'background_color': [0.0, 0.0, 0.0, 1.0], 'show': True, 'force': False, 'expire': None, 'slide': None, 'tokens': {}, 'action': 'play', 'transition': None, 'transition_out': None}}}}, key=UUID('42438332-d324-4f53-a0aa-29ce0f7ffb6b'), condition=None, blocking_facility=None) for event init_done
Traceback (most recent call last):
  File "c:\users\schol\appdata\local\programs\python\python36\lib\site-packages\mpf\core\events.py", line 662, in _run_handlers
    result = handler.callback(**merged_kwargs)
  File "c:\users\schol\appdata\local\programs\python\python36\lib\site-packages\mpf\core\config_player.py", line 338, in config_play_callback
    **kwargs)
  File "c:\users\schol\appdata\local\programs\python\python36\lib\site-packages\mpfmc\config_players\slide_player.py", line 161, in play
    target.show_slide(slide_name=slide, key=full_context, play_kwargs=s['tokens'], **s)
  File "c:\users\schol\appdata\local\programs\python\python36\lib\site-packages\mpfmc\uix\display.py", line 349, in show_slide
    play_kwargs=play_kwargs)
  File "c:\users\schol\appdata\local\programs\python\python36\lib\site-packages\mpfmc\uix\display.py", line 309, in add_slide
    play_kwargs=play_kwargs)
  File "c:\users\schol\appdata\local\programs\python\python36\lib\site-packages\mpfmc\uix\slide.py", line 69, in __init__
    self.add_widgets(widgets)
  File "c:\users\schol\appdata\local\programs\python\python36\lib\site-packages\mpfmc\uix\slide.py", line 145, in add_widgets
    self.add_widget(w)
  File "c:\users\schol\appdata\local\programs\python\python36\lib\site-packages\mpfmc\uix\slide.py", line 171, in add_widget
    format(widget, self.display))
AssertionError: Cannot add widget <WidgetContainer z=0 key=None> to display <Display name=dmd[128, 32], current slide=dmd_blank, total slides=1> because the widget uses the same display.

The above exception was the direct cause of the following exception:

Traceback (most recent call last):
  File "c:\users\schol\appdata\local\programs\python\python36\lib\site-packages\mpfmc\commands\mc.py", line 213, in __init__
    thread_stopper=thread_stopper).run()
  File "c:\users\schol\appdata\local\programs\python\python36\lib\site-packages\kivy\app.py", line 855, in run
    runTouchApp()
  File "c:\users\schol\appdata\local\programs\python\python36\lib\site-packages\kivy\base.py", line 504, in runTouchApp
    EventLoop.window.mainloop()
  File "c:\users\schol\appdata\local\programs\python\python36\lib\site-packages\kivy\core\window\window_sdl2.py", line 747, in mainloop
    self._mainloop()
  File "c:\users\schol\appdata\local\programs\python\python36\lib\site-packages\kivy\core\window\window_sdl2.py", line 479, in _mainloop
    EventLoop.idle()
  File "c:\users\schol\appdata\local\programs\python\python36\lib\site-packages\kivy\base.py", line 339, in idle
    Clock.tick()
  File "c:\users\schol\appdata\local\programs\python\python36\lib\site-packages\kivy\clock.py", line 591, in tick
    self._process_events()
  File "kivy\_clock.pyx", line 384, in kivy._clock.CyClockBase._process_events
  File "kivy\_clock.pyx", line 414, in kivy._clock.CyClockBase._process_events
  File "kivy\_clock.pyx", line 412, in kivy._clock.CyClockBase._process_events
  File "kivy\_clock.pyx", line 167, in kivy._clock.ClockEvent.tick
  File "c:\users\schol\appdata\local\programs\python\python36\lib\site-packages\mpfmc\uix\display.py", line 205, in _displays_initialized
    self.mc.displays_initialized()
  File "c:\users\schol\appdata\local\programs\python\python36\lib\site-packages\mpfmc\core\mc.py", line 336, in displays_initialized
    self._init()
  File "c:\users\schol\appdata\local\programs\python\python36\lib\site-packages\mpfmc\core\mc.py", line 391, in _init
    self.clear_boot_hold('init')
  File "c:\users\schol\appdata\local\programs\python\python36\lib\site-packages\mpfmc\core\mc.py", line 299, in clear_boot_hold
    self.init_done()
  File "c:\users\schol\appdata\local\programs\python\python36\lib\site-packages\mpfmc\core\mc.py", line 402, in init_done
    self.events.process_event_queue()
  File "c:\users\schol\appdata\local\programs\python\python36\lib\site-packages\mpf\core\events.py", line 743, in process_event_queue
    **event[3])
  File "c:\users\schol\appdata\local\programs\python\python36\lib\site-packages\mpf\core\events.py", line 708, in _process_event
    result = self._run_handlers(event, ev_type, kwargs)
  File "c:\users\schol\appdata\local\programs\python\python36\lib\site-packages\mpf\core\events.py", line 664, in _run_handlers
    raise Exception("Exception while processing {} for event {}".format(handler, event)) from e
Exception: Exception while processing RegisteredHandler(callback=<bound method ConfigPlayer.config_play_callback of McConfigPlayer.slides>, priority=0, kwargs={'calling_context': 'init_done', 'mode': None, 'settings': {'slides': {welcome_slide-None-None: {'priority': None, 'target': None, 'background_color': [0.0, 0.0, 0.0, 1.0], 'show': True, 'force': False, 'expire': None, 'slide': None, 'tokens': {}, 'action': 'play', 'transition': None, 'transition_out': None}}}}, key=UUID('42438332-d324-4f53-a0aa-29ce0f7ffb6b'), condition=None, blocking_facility=None) for event init_done
2019-11-16 16:05:57,221 : kivy : Stopping child threads... (3 remaining)
2019-11-16 16:05:58,056 : MPF-MC BCP Server : Stopping BCP sending thread
2019-11-16 16:05:58,057 : MPF-MC BCP Server : Stopping BCP listener thread
2019-11-16 16:05:58,125 : kivy : All child threads stopped.
