2020-01-21 18:45:47,169 : kivy : Factory: 184 symbols loaded
2020-01-21 18:45:47,265 : kivy : Image: Providers: img_tex, img_dds, img_sdl2, img_pil, img_gif (img_ffpyplayer ignored)
2020-01-21 18:45:47,316 : kivy : VideoGstplayer: Using Gstreamer 1.16.0.0
2020-01-21 18:45:47,316 : kivy : Video: Provider: gstplayer
2020-01-21 18:45:47,381 : kivy : Loading MPF-MC controller
2020-01-21 18:45:47,382 : mpfmc : Mission Pinball Framework Media Controller v0.53.0-dev.15
2020-01-21 18:45:47,382 : mpfmc : Mission Pinball Framework Game Engine v0.53.0-dev.68
2020-01-21 18:45:47,382 : mpfmc : Machine path: E:\mpf\wows\wows
2020-01-21 18:45:47,383 : ConfigProcessor : Config file in cache changed: E:\mpf\wows\wows\config\config
2020-01-21 18:45:47,384 : ConfigProcessor : Loading config from file c:\users\schol\appdata\local\programs\python\python36\lib\site-packages\mpfmc\mcconfig.yaml.
2020-01-21 18:45:47,428 : ConfigProcessor : Loading config: c:\users\schol\appdata\local\programs\python\python36\lib\site-packages\mpfmc\mcconfig.yaml
2020-01-21 18:45:47,435 : ConfigProcessor : Loading config from file E:\mpf\wows\wows\config\config.
2020-01-21 18:45:47,523 : ConfigProcessor : Loading config: E:\mpf\wows\wows\config\config
2020-01-21 18:45:47,524 : ConfigProcessor : Config file cache created: C:\Users\schol\AppData\Local\Temp\398a03908486e3c8525902f452489fb5.mpf_cache
2020-01-21 18:45:47,525 : mpfmc : Starting clock at 60.0Hz
2020-01-21 18:45:47,537 : kivy : Text: Provider: sdl2
2020-01-21 18:45:47,571 : kivy : Window: Provider: sdl2
2020-01-21 18:45:47,994 : kivy : GL: Using the "OpenGL" graphics system
2020-01-21 18:45:48,000 : kivy : GL: GLEW initialization succeeded
2020-01-21 18:45:48,000 : kivy : GL: Backend used <glew>
2020-01-21 18:45:48,000 : kivy : GL: OpenGL version <b'4.6.0 NVIDIA 432.00'>
2020-01-21 18:45:48,000 : kivy : GL: OpenGL vendor <b'NVIDIA Corporation'>
2020-01-21 18:45:48,000 : kivy : GL: OpenGL renderer <b'GeForce GTX 1060 6GB/PCIe/SSE2'>
2020-01-21 18:45:48,000 : kivy : GL: OpenGL parsed version: 4, 6
2020-01-21 18:45:48,000 : kivy : GL: Shading version <b'4.60 NVIDIA'>
2020-01-21 18:45:48,000 : kivy : GL: Texture max size <32768>
2020-01-21 18:45:48,000 : kivy : GL: Texture max units <32>
2020-01-21 18:45:48,017 : kivy : Window: auto add sdl2 input provider
2020-01-21 18:45:48,018 : kivy : Window: virtual keyboard not allowed, single mode, not docked
2020-01-21 18:45:48,025 : SoundSystem : SoundSystem: Using default 'sound_system' settings
2020-01-21 18:45:48,273 : AudioInterface : Initialized
2020-01-21 18:45:48,273 : SoundSystem : No audio tracks are specified in your machine config file. a track named 'default' has been created.
2020-01-21 18:45:48,275 : kivy : Base: Start application main loop
2020-01-21 18:45:48,276 : EventManager : Event: ======'display_window_initialized'====== Args={}
2020-01-21 18:45:48,276 : EventManager : Event: ======'display_dmd_initialized'====== Args={}
2020-01-21 18:45:48,338 : mpfmc : Display: Setting 'dmd' as default display
2020-01-21 18:45:48,345 : EventManager : Event: ======'displays_initialized'====== Args={}
2020-01-21 18:45:48,346 : EventManager : Event: ======'slide_window_blank_created'====== Args={}
2020-01-21 18:45:48,346 : EventManager : Event: ======'display_window_ready'====== Args={}
2020-01-21 18:45:48,346 : EventManager : Event: ======'slide_dmd_blank_created'====== Args={}
2020-01-21 18:45:48,346 : EventManager : Event: ======'display_dmd_ready'====== Args={}
2020-01-21 18:45:48,355 : EventManager : Event: ======'init_phase_1'====== Args={}
2020-01-21 18:45:48,358 : EventManager : Event: ======'mc_ready'====== Args={}
2020-01-21 18:45:48,358 : EventManager : Event: ======'init_phase_2'====== Args={}
2020-01-21 18:45:48,359 : ConfigProcessor : Loading config from cache: C:\Users\schol\AppData\Local\Temp\6e6d4708a613edd7635d35a6961997f3.mpf_cache
2020-01-21 18:45:48,364 : ConfigProcessor : Loading config from cache: C:\Users\schol\AppData\Local\Temp\5c4497fcd69d1d656c4b69a28e44c490.mpf_cache
2020-01-21 18:45:48,364 : ConfigProcessor : Config file in cache changed: E:\mpf\wows\wows\modes\mode_1\config\mode_1.yaml
2020-01-21 18:45:48,364 : ConfigProcessor : Loading config from file E:\mpf\wows\wows\modes\mode_1\config\mode_1.yaml.
2020-01-21 18:45:48,371 : kivy : Base: Leaving application in progress...
2020-01-21 18:45:48,371 : kivy : Exception while processing RegisteredHandler(callback=<bound method ModeController._load_modes of <mpfmc.core.mode_controller.ModeController object at 0x000001FC3D5ABFD0>>, priority=1, kwargs={}, key=UUID('9a457d81-a5d6-4b7c-8e42-9c0074410bf4'), condition=None, blocking_facility=None) for event init_phase_2
Traceback (most recent call last):
  File "c:\users\schol\appdata\local\programs\python\python36\lib\site-packages\mpf\file_interfaces\yaml_interface.py", line 197, in load
    config = self.process(f)
  File "c:\users\schol\appdata\local\programs\python\python36\lib\site-packages\mpf\file_interfaces\yaml_interface.py", line 222, in process
    return yaml.load(data_string, Loader=MpfLoader)
  File "c:\users\schol\appdata\local\programs\python\python36\lib\site-packages\ruamel\yaml\main.py", line 639, in load
    return loader._constructor.get_single_data()  # type: ignore
  File "c:\users\schol\appdata\local\programs\python\python36\lib\site-packages\ruamel\yaml\constructor.py", line 104, in get_single_data
    return self.construct_document(node)
  File "c:\users\schol\appdata\local\programs\python\python36\lib\site-packages\ruamel\yaml\constructor.py", line 114, in construct_document
    for dummy in generator:
  File "c:\users\schol\appdata\local\programs\python\python36\lib\site-packages\ruamel\yaml\constructor.py", line 611, in construct_yaml_map
    value = self.construct_mapping(node)
  File "c:\users\schol\appdata\local\programs\python\python36\lib\site-packages\mpf\file_interfaces\yaml_interface.py", line 135, in construct_mapping
    format(key, key_node.start_mark))
KeyError: 'Key "event_player" was defined multiple times in config   in "E:\\mpf\\wows\\wows\\modes\\mode_1\\config\\mode_1.yaml", line 39, column 1'

During handling of the above exception, another exception occurred:

Traceback (most recent call last):
  File "c:\users\schol\appdata\local\programs\python\python36\lib\site-packages\mpf\core\events.py", line 662, in _run_handlers
    result = handler.callback(**merged_kwargs)
  File "c:\users\schol\appdata\local\programs\python\python36\lib\site-packages\mpfmc\core\mode_controller.py", line 59, in _load_modes
    self.mc.modes[mode] = self._load_mode(mode)
  File "c:\users\schol\appdata\local\programs\python\python36\lib\site-packages\mpfmc\core\mode_controller.py", line 132, in _load_mode
    store_to_cache=self.mc.options['create_config_cache'], ignore_unknown_sections=True)
  File "c:\users\schol\appdata\local\programs\python\python36\lib\site-packages\mpf\core\config_processor.py", line 113, in load_config_files_with_cache
    ignore_unknown_sections)
  File "c:\users\schol\appdata\local\programs\python\python36\lib\site-packages\mpf\core\config_processor.py", line 169, in _load_config_file_and_return_loaded_files
    config = FileManager.load(filename, expected_version_str, True)
  File "c:\users\schol\appdata\local\programs\python\python36\lib\site-packages\mpf\core\file_manager.py", line 98, in load
    return interface.load(file, verify_version, halt_on_error)
  File "c:\users\schol\appdata\local\programs\python\python36\lib\site-packages\mpf\file_interfaces\yaml_interface.py", line 211, in load
    raise ValueError(msg)
ValueError: Error found in file E:\mpf\wows\wows\modes\mode_1\config\mode_1.yaml: 'Key "event_player" was defined multiple times in config   in "E:\\mpf\\wows\\wows\\modes\\mode_1\\config\\mode_1.yaml", line 39, column 1'

The above exception was the direct cause of the following exception:

Traceback (most recent call last):
  File "c:\users\schol\appdata\local\programs\python\python36\lib\site-packages\mpfmc\commands\mc.py", line 213, in __init__
    thread_stopper=thread_stopper).run()
  File "c:\users\schol\appdata\local\programs\python\python36\lib\site-packages\kivy\app.py", line 855, in run
    runTouchApp()
  File "c:\users\schol\appdata\local\programs\python\python36\lib\site-packages\kivy\base.py", line 504, in runTouchApp
    EventLoop.window.mainloop()
  File "c:\users\schol\appdata\local\programs\python\python36\lib\site-packages\kivy\core\window\window_sdl2.py", line 747, in mainloop
    self._mainloop()
  File "c:\users\schol\appdata\local\programs\python\python36\lib\site-packages\kivy\core\window\window_sdl2.py", line 479, in _mainloop
    EventLoop.idle()
  File "c:\users\schol\appdata\local\programs\python\python36\lib\site-packages\kivy\base.py", line 339, in idle
    Clock.tick()
  File "c:\users\schol\appdata\local\programs\python\python36\lib\site-packages\kivy\clock.py", line 591, in tick
    self._process_events()
  File "kivy\_clock.pyx", line 384, in kivy._clock.CyClockBase._process_events
  File "kivy\_clock.pyx", line 414, in kivy._clock.CyClockBase._process_events
  File "kivy\_clock.pyx", line 412, in kivy._clock.CyClockBase._process_events
  File "kivy\_clock.pyx", line 167, in kivy._clock.ClockEvent.tick
  File "c:\users\schol\appdata\local\programs\python\python36\lib\site-packages\mpfmc\uix\display.py", line 205, in _displays_initialized
    self.mc.displays_initialized()
  File "c:\users\schol\appdata\local\programs\python\python36\lib\site-packages\mpfmc\core\mc.py", line 336, in displays_initialized
    self._init()
  File "c:\users\schol\appdata\local\programs\python\python36\lib\site-packages\mpfmc\core\mc.py", line 380, in _init
    self.events.process_event_queue()
  File "c:\users\schol\appdata\local\programs\python\python36\lib\site-packages\mpf\core\events.py", line 743, in process_event_queue
    **event[3])
  File "c:\users\schol\appdata\local\programs\python\python36\lib\site-packages\mpf\core\events.py", line 708, in _process_event
    result = self._run_handlers(event, ev_type, kwargs)
  File "c:\users\schol\appdata\local\programs\python\python36\lib\site-packages\mpf\core\events.py", line 664, in _run_handlers
    raise Exception("Exception while processing {} for event {}".format(handler, event)) from e
Exception: Exception while processing RegisteredHandler(callback=<bound method ModeController._load_modes of <mpfmc.core.mode_controller.ModeController object at 0x000001FC3D5ABFD0>>, priority=1, kwargs={}, key=UUID('9a457d81-a5d6-4b7c-8e42-9c0074410bf4'), condition=None, blocking_facility=None) for event init_phase_2
2020-01-21 18:45:48,448 : kivy : Stopping child threads... (1 remaining)
2020-01-21 18:45:49,353 : kivy : All child threads stopped.
