2020-01-25 12:20:46,731 : INFO : Machine : Mission Pinball Framework Core Engine v0.53.0-dev.68
2020-01-25 12:20:46,731 : INFO : Machine : Command line arguments: {'no_load_cache': False, 'create_config_cache': True, 'bcp': True, 'configfile': ['config.yaml'], 'mpfconfigfile': 'c:\\users\\schol\\appdata\\local\\programs\\python\\python36\\lib\\site-packages\\mpf\\mpfconfig.yaml', 'force_assets_load': False, 'jsonlogging': False, 'logfile': 'logs\\2020-01-25-12-20-46-mpf-DESKTOP-FPTMTCL.log', 'pause': False, 'production': False, 'text_ui': True, 'loglevel': 15, 'consoleloglevel': 20, 'force_platform': 'smart_virtual', 'syslog_address': None, 'mc_file_name': None, 'no_sound': False}
2020-01-25 12:20:46,731 : INFO : Machine : MPF path: c:\users\schol\appdata\local\programs\python\python36\lib\site-packages\mpf
2020-01-25 12:20:46,731 : INFO : Machine : Machine path: E:\mpf\wows\wows
2020-01-25 12:20:46,731 : INFO : Machine : Platform: win32
2020-01-25 12:20:46,731 : INFO : Machine : Python executable location: c:\users\schol\appdata\local\programs\python\python36\python.exe
2020-01-25 12:20:46,731 : INFO : Machine : Python version: 3.6.4 (64-bit)
2020-01-25 12:20:46,731 : INFO : Machine : Machine config file #1: config.yaml
2020-01-25 12:20:46,732 : INFO : ConfigProcessor : Loading config from cache: C:\Users\schol\AppData\Local\Temp\a7e9e9e882fa7eca7cb0ba00eaf15121.mpf_cache
2020-01-25 12:20:46,734 : INFO : Machine : Initialise MPF.
2020-01-25 12:20:46,960 : INFO : EventManager : Event: ======'machine_var_credits_string'====== Args={'value': 'FREE PLAY', 'prev_value': None, 'change': True}
2020-01-25 12:20:46,997 : INFO : EventManager : Event: ======'machine_var_player1_score'====== Args={'value': 0, 'prev_value': None, 'change': True}
2020-01-25 12:20:46,997 : INFO : EventManager : Event: ======'machine_var_mpf_version'====== Args={'value': 'MPF v0.53.0-dev.68', 'prev_value': None, 'change': True}
2020-01-25 12:20:46,997 : INFO : EventManager : Event: ======'machine_var_mpf_extended_version'====== Args={'value': 'MPF v0.53.0-dev.68, Config version:5, Show version: 5, BCP version:1.1', 'prev_value': None, 'change': True}
2020-01-25 12:20:46,997 : INFO : EventManager : Event: ======'machine_var_python_version'====== Args={'value': '3.6.4', 'prev_value': None, 'change': True}
2020-01-25 12:20:46,997 : INFO : EventManager : Event: ======'machine_var_platform'====== Args={'value': 'Windows-10-10.0.18362-SP0', 'prev_value': None, 'change': True}
2020-01-25 12:20:46,998 : INFO : EventManager : Event: ======'machine_var_platform_system'====== Args={'value': 'Windows', 'prev_value': None, 'change': True}
2020-01-25 12:20:46,998 : INFO : EventManager : Event: ======'machine_var_platform_release'====== Args={'value': '10', 'prev_value': None, 'change': True}
2020-01-25 12:20:46,998 : INFO : EventManager : Event: ======'machine_var_platform_version'====== Args={'value': '10.0.18362', 'prev_value': None, 'change': True}
2020-01-25 12:20:46,998 : INFO : EventManager : Event: ======'machine_var_platform_machine'====== Args={'value': 'AMD64', 'prev_value': None, 'change': True}
2020-01-25 12:20:46,998 : INFO : EventManager : Event: ======'init_phase_1'====== Args={}
2020-01-25 12:20:47,030 : INFO : ConfigProcessor : Loading config from cache: C:\Users\schol\AppData\Local\Temp\5c4497fcd69d1d656c4b69a28e44c490.mpf_cache
2020-01-25 12:20:47,036 : INFO : ConfigProcessor : Loading config from cache: C:\Users\schol\AppData\Local\Temp\4aeaa69609f53d9b71d1dbbedd434b0b.mpf_cache
2020-01-25 12:20:47,038 : INFO : ConfigProcessor : Loading config from cache: C:\Users\schol\AppData\Local\Temp\1068177614fe5a40fc2c1e1b0504468c.mpf_cache
2020-01-25 12:20:47,040 : INFO : ConfigProcessor : Loading config from cache: C:\Users\schol\AppData\Local\Temp\6e6d4708a613edd7635d35a6961997f3.mpf_cache
2020-01-25 12:20:47,042 : WARNING : ConfigProcessor : Config file in cache changed: E:\mpf\wows\wows\modes\container_lit\config\container_lit.yaml
2020-01-25 12:20:47,042 : INFO : ConfigProcessor : Loading config from file E:\mpf\wows\wows\modes\container_lit\config\container_lit.yaml.
2020-01-25 12:20:47,049 : INFO : ConfigProcessor : Loading config: E:\mpf\wows\wows\modes\container_lit\config\container_lit.yaml
2020-01-25 12:20:47,050 : INFO : ConfigProcessor : Config file cache created: C:\Users\schol\AppData\Local\Temp\a6527a592b6034dbfea56fdf726c3822.mpf_cache
2020-01-25 12:20:47,052 : INFO : ConfigProcessor : Loading config from cache: C:\Users\schol\AppData\Local\Temp\1e6cc6775e87a3e14ded8d45fd065b10.mpf_cache
2020-01-25 12:20:47,054 : INFO : ConfigProcessor : Loading config from cache: C:\Users\schol\AppData\Local\Temp\d5fd805c5432c1441bf01a6268536a3d.mpf_cache
2020-01-25 12:20:47,082 : INFO : EventManager : Event: ======'init_phase_2'====== Args={}
2020-01-25 12:20:47,082 : INFO : SwitchController : Found active switch: ('2', <Platform.SmartVirtual>)
2020-01-25 12:20:47,082 : INFO : SwitchController : Found active switch: ('3', <Platform.SmartVirtual>)
2020-01-25 12:20:47,083 : INFO : SwitchController : Found active switch: ('4', <Platform.SmartVirtual>)
2020-01-25 12:20:47,083 : INFO : SwitchController : Found active switch: ('5', <Platform.SmartVirtual>)
2020-01-25 12:20:47,083 : INFO : SwitchController : Found active switch: ('6', <Platform.SmartVirtual>)
2020-01-25 12:20:47,083 : INFO : SwitchController : Found active switch: ('7', <Platform.SmartVirtual>)
2020-01-25 12:20:47,087 : INFO : EventManager : Event: ======'bcp_connection_attempt'====== Args={'name': 'local_display', 'host': 'localhost', 'port': 5050}
2020-01-25 12:20:47,088 : INFO : BCPClientSocket : Connecting BCP to 'local_display' at localhost:5050...
2020-01-25 12:20:49,109 : INFO : BCPClientSocket : Connected BCP to 'local_display' localhost:5050
2020-01-25 12:20:49,110 : INFO : EventManager : Event: ======'bcp_clients_connected'====== Args={}
2020-01-25 12:20:49,142 : INFO : EventManager : Event: ======'init_phase_3'====== Args={}
2020-01-25 12:20:49,142 : INFO : AssetManager : Registering Asset: sh_mode_1_shot_made, File: sh_mode_1_shot_made.yaml, Default Group: default, Final Config: {'load': 'preload', 'file': 'E:\\mpf\\wows\\wows\\shows\\sh_mode_1_shot_made.yaml'}
2020-01-25 12:20:49,143 : INFO : AssetManager : Registering Asset: sh_mode_3_shot_made, File: sh_mode_3_shot_made.yaml, Default Group: default, Final Config: {'load': 'preload', 'file': 'E:\\mpf\\wows\\wows\\shows\\sh_mode_3_shot_made.yaml'}
2020-01-25 12:20:49,143 : INFO : AssetManager : Registering Asset: sh_mode_4_shot_made, File: sh_mode_4_shot_made.yaml, Default Group: default, Final Config: {'load': 'preload', 'file': 'E:\\mpf\\wows\\wows\\shows\\sh_mode_4_shot_made.yaml'}
2020-01-25 12:20:49,143 : INFO : AssetManager : Registering Asset: sh_mode_5_shot_made, File: sh_mode_5_shot_made.yaml, Default Group: default, Final Config: {'load': 'preload', 'file': 'E:\\mpf\\wows\\wows\\shows\\sh_mode_5_shot_made.yaml'}
2020-01-25 12:20:49,143 : INFO : AssetManager : Registering Asset: sh_mode_6_shot_made, File: sh_mode_6_shot_made.yaml, Default Group: default, Final Config: {'load': 'preload', 'file': 'E:\\mpf\\wows\\wows\\shows\\sh_mode_6_shot_made.yaml'}
2020-01-25 12:20:49,143 : INFO : AssetManager : Registering Asset: sh_mode_7_shot_made, File: sh_mode_7_shot_made.yaml, Default Group: default, Final Config: {'load': 'preload', 'file': 'E:\\mpf\\wows\\wows\\shows\\sh_mode_7_shot_made.yaml'}
2020-01-25 12:20:49,143 : INFO : AssetManager : Registering Asset: sh_mode_8_shot_made, File: sh_mode_8_shot_made.yaml, Default Group: default, Final Config: {'load': 'preload', 'file': 'E:\\mpf\\wows\\wows\\shows\\sh_mode_8_shot_made.yaml'}
2020-01-25 12:20:49,143 : INFO : AssetManager : Registering Asset: sh_mode_9_shot_made, File: sh_mode_9_shot_made.yaml, Default Group: default, Final Config: {'load': 'preload', 'file': 'E:\\mpf\\wows\\wows\\shows\\sh_mode_9_shot_made.yaml'}
2020-01-25 12:20:49,145 : INFO : EventManager : Event: ======'machine_var_mc_version'====== Args={'value': 'MPF-MC v0.53.0-dev.15', 'prev_value': None, 'change': True}
2020-01-25 12:20:49,145 : INFO : EventManager : Event: ======'machine_var_mc_extended_version'====== Args={'value': 'MPF-MC v0.53.0-dev.15 (config_version=5, BCP v1.1, Requires MPF v0.53.0-dev.51)', 'prev_value': None, 'change': True}
2020-01-25 12:20:49,147 : INFO : EventManager : Event: ======'machine_var_master_volume'====== Args={'value': 0.5, 'prev_value': None, 'change': True}
2020-01-25 12:20:49,148 : INFO : ConfigProcessor : Loading config from cache: C:\Users\schol\AppData\Local\Temp\9b528347051cb782f006c12877dcdcaa.mpf_cache
2020-01-25 12:20:49,149 : INFO : EventManager : Event: ======'loading_assets'====== Args={'total': 8, 'loaded': 1, 'remaining': 7, 'percent': 12}
2020-01-25 12:20:49,149 : INFO : AssetManager : Loading assets: 1/8 (12%)
2020-01-25 12:20:49,149 : INFO : ConfigProcessor : Loading config from cache: C:\Users\schol\AppData\Local\Temp\d7de7b0977d157ca405b11c805af3796.mpf_cache
2020-01-25 12:20:49,150 : INFO : ConfigProcessor : Loading config from cache: C:\Users\schol\AppData\Local\Temp\52f81a04bd1ef6d87bf151768dd36663.mpf_cache
2020-01-25 12:20:49,151 : INFO : ConfigProcessor : Loading config from cache: C:\Users\schol\AppData\Local\Temp\de0d3921406543974e6ec49e041634fd.mpf_cache
2020-01-25 12:20:49,152 : INFO : ConfigProcessor : Loading config from cache: C:\Users\schol\AppData\Local\Temp\102503bf7ce56b6821df42862c9d56eb.mpf_cache
2020-01-25 12:20:49,153 : INFO : ConfigProcessor : Loading config from cache: C:\Users\schol\AppData\Local\Temp\c5830c548f120859d3cdb1059c94ba18.mpf_cache
2020-01-25 12:20:49,154 : INFO : ConfigProcessor : Loading config from cache: C:\Users\schol\AppData\Local\Temp\3d3900be9a5cd37c0cc6f23ed42b0013.mpf_cache
2020-01-25 12:20:49,155 : INFO : ConfigProcessor : Loading config from cache: C:\Users\schol\AppData\Local\Temp\9fcc5d068c11e0550a899eaf73312658.mpf_cache
2020-01-25 12:20:49,156 : INFO : EventManager : Event: ======'loading_assets'====== Args={'total': 8, 'loaded': 8, 'remaining': 0, 'percent': 100}
2020-01-25 12:20:49,156 : INFO : AssetManager : Asset loading took: 2.212998390197754
2020-01-25 12:20:49,156 : INFO : EventManager : Event: ======'asset_loading_complete'====== Args={}
2020-01-25 12:20:49,156 : INFO : AssetManager : Loading assets: 8/8 (100%)
2020-01-25 12:20:49,156 : INFO : EventManager : Event: ======'init_phase_4'====== Args={}
2020-01-25 12:20:49,179 : INFO : EventManager : Event: ======'machine_var_audits_events_game_ended'====== Args={'value': 1, 'prev_value': None, 'change': True}
2020-01-25 12:20:49,179 : INFO : EventManager : Event: ======'machine_var_audits_events_game_started'====== Args={'value': 148, 'prev_value': None, 'change': True}
2020-01-25 12:20:49,179 : INFO : EventManager : Event: ======'machine_var_audits_player_score'====== Args={'value': {'average': 0.0, 'top': [0], 'total': 1}, 'prev_value': None, 'change': True}
2020-01-25 12:20:49,180 : INFO : EventManager : Event: ======'machine_var_audits_shots_lane_A'====== Args={'value': 3, 'prev_value': None, 'change': True}
2020-01-25 12:20:49,180 : INFO : EventManager : Event: ======'machine_var_audits_shots_lane_B'====== Args={'value': 4, 'prev_value': None, 'change': True}
2020-01-25 12:20:49,180 : INFO : EventManager : Event: ======'machine_var_audits_shots_lane_C'====== Args={'value': 4, 'prev_value': None, 'change': True}
2020-01-25 12:20:49,180 : INFO : EventManager : Event: ======'machine_var_audits_shots_lane_D'====== Args={'value': 10, 'prev_value': None, 'change': True}
2020-01-25 12:20:49,180 : INFO : EventManager : Event: ======'machine_var_audits_shots_lane_E'====== Args={'value': 5, 'prev_value': None, 'change': True}
2020-01-25 12:20:49,181 : INFO : EventManager : Event: ======'machine_var_audits_switches_s_bumper_1'====== Args={'value': 0, 'prev_value': None, 'change': True}
2020-01-25 12:20:49,181 : INFO : EventManager : Event: ======'machine_var_audits_switches_s_bumper_2'====== Args={'value': 0, 'prev_value': None, 'change': True}
2020-01-25 12:20:49,181 : INFO : EventManager : Event: ======'machine_var_audits_switches_s_bumper_3'====== Args={'value': 0, 'prev_value': None, 'change': True}
2020-01-25 12:20:49,181 : INFO : EventManager : Event: ======'machine_var_audits_switches_s_center_ramp'====== Args={'value': 0, 'prev_value': None, 'change': True}
2020-01-25 12:20:49,181 : INFO : EventManager : Event: ======'machine_var_audits_switches_s_citadel'====== Args={'value': 0, 'prev_value': None, 'change': True}
2020-01-25 12:20:49,181 : INFO : EventManager : Event: ======'machine_var_audits_switches_s_citadel_lock'====== Args={'value': 0, 'prev_value': None, 'change': True}
2020-01-25 12:20:49,182 : INFO : EventManager : Event: ======'machine_var_audits_switches_s_detonation'====== Args={'value': 0, 'prev_value': None, 'change': True}
2020-01-25 12:20:49,182 : INFO : EventManager : Event: ======'machine_var_audits_switches_s_dmg_1'====== Args={'value': 407, 'prev_value': None, 'change': True}
2020-01-25 12:20:49,182 : INFO : EventManager : Event: ======'machine_var_audits_switches_s_dmg_2'====== Args={'value': 3, 'prev_value': None, 'change': True}
2020-01-25 12:20:49,182 : INFO : EventManager : Event: ======'machine_var_audits_switches_s_dmg_3'====== Args={'value': 3, 'prev_value': None, 'change': True}
2020-01-25 12:20:49,182 : INFO : EventManager : Event: ======'machine_var_audits_switches_s_dmg_4'====== Args={'value': 1, 'prev_value': None, 'change': True}
2020-01-25 12:20:49,183 : INFO : EventManager : Event: ======'machine_var_audits_switches_s_dmg_5'====== Args={'value': 2, 'prev_value': None, 'change': True}
2020-01-25 12:20:49,183 : INFO : EventManager : Event: ======'machine_var_audits_switches_s_dmg_6'====== Args={'value': 1, 'prev_value': None, 'change': True}
2020-01-25 12:20:49,183 : INFO : EventManager : Event: ======'machine_var_audits_switches_s_dmg_7'====== Args={'value': 2, 'prev_value': None, 'change': True}
2020-01-25 12:20:49,184 : INFO : EventManager : Event: ======'machine_var_audits_switches_s_drop_target'====== Args={'value': 5, 'prev_value': None, 'change': True}
2020-01-25 12:20:49,184 : INFO : EventManager : Event: ======'machine_var_audits_switches_s_jet_hole'====== Args={'value': 0, 'prev_value': None, 'change': True}
2020-01-25 12:20:49,184 : INFO : EventManager : Event: ======'machine_var_audits_switches_s_jet_lane'====== Args={'value': 0, 'prev_value': None, 'change': True}
2020-01-25 12:20:49,184 : INFO : EventManager : Event: ======'machine_var_audits_switches_s_kickback'====== Args={'value': 0, 'prev_value': None, 'change': True}
2020-01-25 12:20:49,184 : INFO : EventManager : Event: ======'machine_var_audits_switches_s_kickback_target_2'====== Args={'value': 0, 'prev_value': None, 'change': True}
2020-01-25 12:20:49,185 : INFO : EventManager : Event: ======'machine_var_audits_switches_s_kickback_target_3'====== Args={'value': 2, 'prev_value': None, 'change': True}
2020-01-25 12:20:49,185 : INFO : EventManager : Event: ======'machine_var_audits_switches_s_kickback_terget_1'====== Args={'value': 0, 'prev_value': None, 'change': True}
2020-01-25 12:20:49,185 : INFO : EventManager : Event: ======'machine_var_audits_switches_s_left_flipper'====== Args={'value': 60, 'prev_value': None, 'change': True}
2020-01-25 12:20:49,185 : INFO : EventManager : Event: ======'machine_var_audits_switches_s_left_hole'====== Args={'value': 0, 'prev_value': None, 'change': True}
2020-01-25 12:20:49,186 : INFO : EventManager : Event: ======'machine_var_audits_switches_s_left_inlane'====== Args={'value': 4, 'prev_value': None, 'change': True}
2020-01-25 12:20:49,186 : INFO : EventManager : Event: ======'machine_var_audits_switches_s_left_loop_made'====== Args={'value': 3, 'prev_value': None, 'change': True}
2020-01-25 12:20:49,186 : INFO : EventManager : Event: ======'machine_var_audits_switches_s_left_loop_pre'====== Args={'value': 0, 'prev_value': None, 'change': True}
2020-01-25 12:20:49,187 : INFO : EventManager : Event: ======'machine_var_audits_switches_s_left_mid_inlane'====== Args={'value': 4, 'prev_value': None, 'change': True}
2020-01-25 12:20:49,187 : INFO : EventManager : Event: ======'machine_var_audits_switches_s_left_outlane'====== Args={'value': 3, 'prev_value': None, 'change': True}
2020-01-25 12:20:49,187 : INFO : EventManager : Event: ======'machine_var_audits_switches_s_left_ramp_made'====== Args={'value': 2, 'prev_value': None, 'change': True}
2020-01-25 12:20:49,188 : INFO : EventManager : Event: ======'machine_var_audits_switches_s_left_ramp_pre'====== Args={'value': 0, 'prev_value': None, 'change': True}
2020-01-25 12:20:49,188 : INFO : EventManager : Event: ======'machine_var_audits_switches_s_left_slingshot'====== Args={'value': 0, 'prev_value': None, 'change': True}
2020-01-25 12:20:49,188 : INFO : EventManager : Event: ======'machine_var_audits_switches_s_lock_1'====== Args={'value': 0, 'prev_value': None, 'change': True}
2020-01-25 12:20:49,189 : INFO : EventManager : Event: ======'machine_var_audits_switches_s_lock_2'====== Args={'value': 0, 'prev_value': None, 'change': True}
2020-01-25 12:20:49,189 : INFO : EventManager : Event: ======'machine_var_audits_switches_s_lock_3'====== Args={'value': 0, 'prev_value': None, 'change': True}
2020-01-25 12:20:49,189 : INFO : EventManager : Event: ======'machine_var_audits_switches_s_main_hole'====== Args={'value': 37, 'prev_value': None, 'change': True}
2020-01-25 12:20:49,190 : INFO : EventManager : Event: ======'machine_var_audits_switches_s_pen_1'====== Args={'value': 1, 'prev_value': None, 'change': True}
2020-01-25 12:20:49,190 : INFO : EventManager : Event: ======'machine_var_audits_switches_s_pen_2'====== Args={'value': 1, 'prev_value': None, 'change': True}
2020-01-25 12:20:49,190 : INFO : EventManager : Event: ======'machine_var_audits_switches_s_pen_3'====== Args={'value': 0, 'prev_value': None, 'change': True}
2020-01-25 12:20:49,191 : INFO : EventManager : Event: ======'machine_var_audits_switches_s_pen_4'====== Args={'value': 1, 'prev_value': None, 'change': True}
2020-01-25 12:20:49,191 : INFO : EventManager : Event: ======'machine_var_audits_switches_s_pen_5'====== Args={'value': 0, 'prev_value': None, 'change': True}
2020-01-25 12:20:49,191 : INFO : EventManager : Event: ======'machine_var_audits_switches_s_pen_6'====== Args={'value': 1, 'prev_value': None, 'change': True}
2020-01-25 12:20:49,192 : INFO : EventManager : Event: ======'machine_var_audits_switches_s_plunger'====== Args={'value': 168, 'prev_value': None, 'change': True}
2020-01-25 12:20:49,192 : INFO : EventManager : Event: ======'machine_var_audits_switches_s_plunger_button'====== Args={'value': 2, 'prev_value': None, 'change': True}
2020-01-25 12:20:49,192 : INFO : EventManager : Event: ======'machine_var_audits_switches_s_ricochet_1'====== Args={'value': 24, 'prev_value': None, 'change': True}
2020-01-25 12:20:49,193 : INFO : EventManager : Event: ======'machine_var_audits_switches_s_ricochet_2'====== Args={'value': 7, 'prev_value': None, 'change': True}
2020-01-25 12:20:49,193 : INFO : EventManager : Event: ======'machine_var_audits_switches_s_ricochet_3'====== Args={'value': 2, 'prev_value': None, 'change': True}
2020-01-25 12:20:49,193 : INFO : EventManager : Event: ======'machine_var_audits_switches_s_ricochet_4'====== Args={'value': 5, 'prev_value': None, 'change': True}
2020-01-25 12:20:49,194 : INFO : EventManager : Event: ======'machine_var_audits_switches_s_ricochet_5'====== Args={'value': 5, 'prev_value': None, 'change': True}
2020-01-25 12:20:49,194 : INFO : EventManager : Event: ======'machine_var_audits_switches_s_right_flipper'====== Args={'value': 321, 'prev_value': None, 'change': True}
2020-01-25 12:20:49,195 : INFO : EventManager : Event: ======'machine_var_audits_switches_s_right_hole'====== Args={'value': 26, 'prev_value': None, 'change': True}
2020-01-25 12:20:49,195 : INFO : EventManager : Event: ======'machine_var_audits_switches_s_right_inlane'====== Args={'value': 10, 'prev_value': None, 'change': True}
2020-01-25 12:20:49,195 : INFO : EventManager : Event: ======'machine_var_audits_switches_s_right_outlane'====== Args={'value': 5, 'prev_value': None, 'change': True}
2020-01-25 12:20:49,196 : INFO : EventManager : Event: ======'machine_var_audits_switches_s_right_ramp_made'====== Args={'value': 2, 'prev_value': None, 'change': True}
2020-01-25 12:20:49,196 : INFO : EventManager : Event: ======'machine_var_audits_switches_s_right_ramp_pre'====== Args={'value': 0, 'prev_value': None, 'change': True}
2020-01-25 12:20:49,196 : INFO : EventManager : Event: ======'machine_var_audits_switches_s_right_slingshot'====== Args={'value': 0, 'prev_value': None, 'change': True}
2020-01-25 12:20:49,197 : INFO : EventManager : Event: ======'machine_var_audits_switches_s_side_hole'====== Args={'value': 2, 'prev_value': None, 'change': True}
2020-01-25 12:20:49,197 : INFO : EventManager : Event: ======'machine_var_audits_switches_s_side_ramp_made'====== Args={'value': 0, 'prev_value': None, 'change': True}
2020-01-25 12:20:49,198 : INFO : EventManager : Event: ======'machine_var_audits_switches_s_side_ramp_pre'====== Args={'value': 0, 'prev_value': None, 'change': True}
2020-01-25 12:20:49,198 : INFO : EventManager : Event: ======'machine_var_audits_switches_s_start'====== Args={'value': 7, 'prev_value': None, 'change': True}
2020-01-25 12:20:49,198 : INFO : EventManager : Event: ======'machine_var_audits_switches_s_torpedo'====== Args={'value': 16, 'prev_value': None, 'change': True}
2020-01-25 12:20:49,199 : INFO : EventManager : Event: ======'machine_var_audits_switches_s_trough1'====== Args={'value': 17, 'prev_value': None, 'change': True}
2020-01-25 12:20:49,199 : INFO : EventManager : Event: ======'machine_var_audits_switches_s_trough2'====== Args={'value': 0, 'prev_value': None, 'change': True}
2020-01-25 12:20:49,199 : INFO : EventManager : Event: ======'machine_var_audits_switches_s_trough3'====== Args={'value': 0, 'prev_value': None, 'change': True}
2020-01-25 12:20:49,200 : INFO : EventManager : Event: ======'machine_var_audits_switches_s_trough4'====== Args={'value': 0, 'prev_value': None, 'change': True}
2020-01-25 12:20:49,200 : INFO : EventManager : Event: ======'machine_var_audits_switches_s_trough5'====== Args={'value': 0, 'prev_value': None, 'change': True}
2020-01-25 12:20:49,201 : INFO : EventManager : Event: ======'machine_var_audits_switches_s_trough6'====== Args={'value': 1, 'prev_value': None, 'change': True}
2020-01-25 12:20:49,201 : INFO : EventManager : Event: ======'machine_var_audits_switches_s_trough_jam'====== Args={'value': 0, 'prev_value': None, 'change': True}
2020-01-25 12:20:49,201 : INFO : EventManager : Event: ======'init_phase_5'====== Args={}
2020-01-25 12:20:49,218 : INFO : EventManager : Event: ======'init_done'====== Args={}
2020-01-25 12:20:49,219 : INFO : EventManager : Event: ======'machine_reset_phase_1'====== Args={}
2020-01-25 12:20:49,221 : INFO : EventManager : Event: ======'slide_welcome_slide_removed'====== Args={'_from_bcp': True}
2020-01-25 12:20:49,231 : INFO : EventManager : Event: ======'slide_welcome_slide_created'====== Args={'_from_bcp': True}
2020-01-25 12:20:49,233 : INFO : EventManager : Event: ======'slide_welcome_slide_active'====== Args={'_from_bcp': True}
2020-01-25 12:20:49,233 : INFO : EventManager : Event: ======'machine_reset_phase_2'====== Args={}
2020-01-25 12:20:49,233 : INFO : EventManager : Event: ======'machine_reset_phase_3'====== Args={}
2020-01-25 12:20:49,233 : INFO : EventManager : Event: ======'reset_complete'====== Args={}
2020-01-25 12:20:49,234 : INFO : EventManager : Event: ======'mode_attract_will_start'====== Args={}
2020-01-25 12:20:49,234 : INFO : EventManager : Event: ======'mode_attract_starting'====== Args={}
2020-01-25 12:20:49,234 : INFO : Mode.attract : Started. Priority: 10
2020-01-25 12:20:49,235 : INFO : EventManager : Event: ======'mode_attract_started'====== Args={}
2020-01-25 12:20:49,235 : INFO : EventManager : Event: ======'collecting_balls_complete'====== Args={}
2020-01-25 12:20:49,258 : INFO : Machine : Starting the main run loop.
2020-01-25 12:20:49,277 : INFO : EventManager : Event: ======'slide_attract_started_created'====== Args={'_from_bcp': True}
2020-01-25 12:20:49,286 : INFO : EventManager : Event: ======'slide_attract_started_active'====== Args={'_from_bcp': True}
2020-01-25 12:20:50,142 : INFO : BcpServer : New client connected.
2020-01-25 12:20:50,143 : INFO : SwitchController : <<<<<<< 's_start' active >>>>>>>
2020-01-25 12:20:50,143 : INFO : SwitchController : <<<<<<< 's_start' inactive >>>>>>>
2020-01-25 12:20:50,143 : INFO : EventManager : Event: ======'request_to_start_game'====== Args={}
2020-01-25 12:20:50,143 : INFO : EventManager : Event: ======'game_start'====== Args={'buttons': [], 'hold_time': 0.0}
2020-01-25 12:20:50,143 : INFO : EventManager : Event: ======'mode_game_will_start'====== Args={'buttons': [], 'hold_time': 0.0}
2020-01-25 12:20:50,143 : INFO : EventManager : Event: ======'mode_game_starting'====== Args={'buttons': [], 'hold_time': 0.0}
2020-01-25 12:20:50,143 : INFO : EventManager : Event: ======'mode_attract_will_stop'====== Args={}
2020-01-25 12:20:50,144 : INFO : EventManager : Event: ======'mode_attract_stopping'====== Args={}
2020-01-25 12:20:50,144 : INFO : Mode.attract : Stopped.
2020-01-25 12:20:50,144 : INFO : EventManager : Event: ======'mode_attract_stopped'====== Args={}
2020-01-25 12:20:50,144 : INFO : EventManager : Event: ======'clear'====== Args={'key': 'attract'}
2020-01-25 12:20:50,144 : INFO : Mode.game : Started. Priority: 20
2020-01-25 12:20:50,144 : INFO : EventManager : Event: ======'mode_game_started'====== Args={'buttons': [], 'hold_time': 0.0}
2020-01-25 12:20:50,152 : INFO : EventManager : Event: ======'game_will_start'====== Args={}
2020-01-25 12:20:50,160 : INFO : EventManager : Event: ======'game_starting'====== Args={'game': <Mode.game>}
2020-01-25 12:20:50,161 : INFO : EventManager : Event: ======'player_add_request'====== Args={}
2020-01-25 12:20:50,161 : INFO : EventManager : Event: ======'player_will_add'====== Args={'number': 1}
2020-01-25 12:20:50,161 : INFO : EventManager : Event: ======'player_adding'====== Args={'player': <Player 1>, 'number': 1}
2020-01-25 12:20:50,162 : INFO : EventManager : Event: ======'player_added'====== Args={'player': <Player 1>, 'num': 1}
2020-01-25 12:20:50,162 : INFO : Mode.game : Player added successfully. Total players: 1
2020-01-25 12:20:50,162 : INFO : EventManager : Event: ======'player_index'====== Args={'value': 0, 'prev_value': 0, 'change': 0, 'player_num': 1}
2020-01-25 12:20:50,162 : INFO : EventManager : Event: ======'player_number'====== Args={'value': 1, 'prev_value': 1, 'change': 0, 'player_num': 1}
2020-01-25 12:20:50,162 : INFO : EventManager : Event: ======'player_ReceivedDMG'====== Args={'value': 1, 'prev_value': 1, 'change': 0, 'player_num': 1}
2020-01-25 12:20:50,163 : INFO : EventManager : Event: ======'player_DMGValue'====== Args={'value': 10000000, 'prev_value': 10000000, 'change': 0, 'player_num': 1}
2020-01-25 12:20:50,163 : INFO : EventManager : Event: ======'player_m1shotmade'====== Args={'value': 0, 'prev_value': 0, 'change': 0, 'player_num': 1}
2020-01-25 12:20:50,163 : INFO : EventManager : Event: ======'player_m2shotmade'====== Args={'value': 0, 'prev_value': 0, 'change': 0, 'player_num': 1}
2020-01-25 12:20:50,163 : INFO : EventManager : Event: ======'player_m3shotmade'====== Args={'value': 0, 'prev_value': 0, 'change': 0, 'player_num': 1}
2020-01-25 12:20:50,163 : INFO : EventManager : Event: ======'player_m4shotmade'====== Args={'value': 0, 'prev_value': 0, 'change': 0, 'player_num': 1}
2020-01-25 12:20:50,164 : INFO : EventManager : Event: ======'player_m5shotmade'====== Args={'value': 0, 'prev_value': 0, 'change': 0, 'player_num': 1}
2020-01-25 12:20:50,164 : INFO : EventManager : Event: ======'player_m6shotmade'====== Args={'value': 0, 'prev_value': 0, 'change': 0, 'player_num': 1}
2020-01-25 12:20:50,164 : INFO : EventManager : Event: ======'player_m7shotmade'====== Args={'value': 0, 'prev_value': 0, 'change': 0, 'player_num': 1}
2020-01-25 12:20:50,164 : INFO : EventManager : Event: ======'player_m8shotmade'====== Args={'value': 0, 'prev_value': 0, 'change': 0, 'player_num': 1}
2020-01-25 12:20:50,165 : INFO : EventManager : Event: ======'player_m9shotmade'====== Args={'value': 0, 'prev_value': 0, 'change': 0, 'player_num': 1}
2020-01-25 12:20:50,165 : INFO : EventManager : Event: ======'player_score'====== Args={'value': 0, 'prev_value': 0, 'change': 0, 'player_num': 1}
2020-01-25 12:20:50,165 : INFO : EventManager : Event: ======'game_started'====== Args={}
2020-01-25 12:20:50,183 : INFO : EventManager : Event: ======'player_turn_will_start'====== Args={'player': <Player 1>, 'number': 1}
2020-01-25 12:20:50,189 : INFO : EventManager : Event: ======'player_turn_starting'====== Args={'player': <Player 1>, 'number': 1}
2020-01-25 12:20:50,190 : INFO : EventManager : Event: ======'player_ball'====== Args={'value': 1, 'prev_value': 0, 'change': 1, 'player_num': 1}
2020-01-25 12:20:50,190 : INFO : EventManager : Event: ======'player_turn_started'====== Args={'player': <Player 1>, 'number': 1}
2020-01-25 12:20:50,191 : INFO : EventManager : Event: ======'ball_will_start'====== Args={'player': 1, 'ball': 1, 'balls_remaining': 2, 'is_extra_ball': False}
2020-01-25 12:20:50,199 : INFO : EventManager : Event: ======'ball_starting'====== Args={'player': 1, 'ball': 1, 'balls_remaining': 2, 'is_extra_ball': False}
2020-01-25 12:20:50,199 : INFO : EventManager : Event: ======'mode_mode_lit_will_start'====== Args={'queue': <QueuedEvent>, 'player': 1, 'ball': 1, 'balls_remaining': 2, 'is_extra_ball': False}
2020-01-25 12:20:50,200 : INFO : EventManager : Event: ======'achievement_mode_1_changed_state'====== Args={'restore': False, 'state': 'enabled', 'selected': False}
2020-01-25 12:20:50,200 : INFO : EventManager : Event: ======'achievement_mode_1_state_enabled'====== Args={'restore': False, 'state': 'enabled', 'selected': False}
2020-01-25 12:20:50,200 : INFO : EventManager : Event: ======'achievement_mode_2_changed_state'====== Args={'restore': False, 'state': 'enabled', 'selected': False}
2020-01-25 12:20:50,201 : INFO : EventManager : Event: ======'achievement_mode_2_state_enabled'====== Args={'restore': False, 'state': 'enabled', 'selected': False}
2020-01-25 12:20:50,201 : INFO : EventManager : Event: ======'achievement_mode_3_changed_state'====== Args={'restore': False, 'state': 'enabled', 'selected': False}
2020-01-25 12:20:50,201 : INFO : EventManager : Event: ======'achievement_mode_3_state_enabled'====== Args={'restore': False, 'state': 'enabled', 'selected': False}
2020-01-25 12:20:50,202 : INFO : EventManager : Event: ======'achievement_mode_4_changed_state'====== Args={'restore': False, 'state': 'enabled', 'selected': False}
2020-01-25 12:20:50,202 : INFO : EventManager : Event: ======'achievement_mode_4_state_enabled'====== Args={'restore': False, 'state': 'enabled', 'selected': False}
2020-01-25 12:20:50,202 : INFO : EventManager : Event: ======'achievement_mode_5_changed_state'====== Args={'restore': False, 'state': 'enabled', 'selected': False}
2020-01-25 12:20:50,203 : INFO : EventManager : Event: ======'achievement_mode_5_state_enabled'====== Args={'restore': False, 'state': 'enabled', 'selected': False}
2020-01-25 12:20:50,203 : INFO : EventManager : Event: ======'achievement_mode_6_changed_state'====== Args={'restore': False, 'state': 'enabled', 'selected': False}
2020-01-25 12:20:50,203 : INFO : EventManager : Event: ======'achievement_mode_6_state_enabled'====== Args={'restore': False, 'state': 'enabled', 'selected': False}
2020-01-25 12:20:50,204 : INFO : EventManager : Event: ======'achievement_mode_7_changed_state'====== Args={'restore': False, 'state': 'enabled', 'selected': False}
2020-01-25 12:20:50,204 : INFO : EventManager : Event: ======'achievement_mode_7_state_enabled'====== Args={'restore': False, 'state': 'enabled', 'selected': False}
2020-01-25 12:20:50,205 : INFO : EventManager : Event: ======'achievement_mode_8_changed_state'====== Args={'restore': False, 'state': 'enabled', 'selected': False}
2020-01-25 12:20:50,205 : INFO : EventManager : Event: ======'achievement_mode_8_state_enabled'====== Args={'restore': False, 'state': 'enabled', 'selected': False}
2020-01-25 12:20:50,205 : INFO : EventManager : Event: ======'achievement_mode_9_changed_state'====== Args={'restore': False, 'state': 'enabled', 'selected': False}
2020-01-25 12:20:50,206 : INFO : EventManager : Event: ======'achievement_mode_9_state_enabled'====== Args={'restore': False, 'state': 'enabled', 'selected': False}
2020-01-25 12:20:50,207 : INFO : EventManager : Event: ======'mode_mode_lit_starting'====== Args={'queue': <QueuedEvent>, 'player': 1, 'ball': 1, 'balls_remaining': 2, 'is_extra_ball': False}
2020-01-25 12:20:50,208 : INFO : EventManager : Event: ======'mode_base_will_start'====== Args={'queue': <QueuedEvent>, 'player': 1, 'ball': 1, 'balls_remaining': 2, 'is_extra_ball': False}
2020-01-25 12:20:50,208 : INFO : EventManager : Event: ======'mode_base_starting'====== Args={'queue': <QueuedEvent>, 'player': 1, 'ball': 1, 'balls_remaining': 2, 'is_extra_ball': False}
2020-01-25 12:20:50,209 : INFO : EventManager : Event: ======'achievement_mode_9_changed_state'====== Args={'restore': False, 'state': 'enabled', 'selected': True}
2020-01-25 12:20:50,209 : INFO : EventManager : Event: ======'achievement_mode_9_state_enabled'====== Args={'restore': False, 'state': 'enabled', 'selected': True}
2020-01-25 12:20:50,210 : INFO : EventManager : Event: ======'achievement_mode_9_state_selected'====== Args={'restore': False, 'state': 'enabled', 'selected': True}
2020-01-25 12:20:50,210 : INFO : Mode.base : Started. Priority: 100
2020-01-25 12:20:50,210 : INFO : EventManager : Event: ======'mode_base_started'====== Args={'queue': <QueuedEvent>, 'player': 1, 'ball': 1, 'balls_remaining': 2, 'is_extra_ball': False}
2020-01-25 12:20:50,211 : INFO : Mode.mode_lit : Started. Priority: 100
2020-01-25 12:20:50,211 : INFO : EventManager : Event: ======'mode_mode_lit_started'====== Args={'queue': <QueuedEvent>, 'player': 1, 'ball': 1, 'balls_remaining': 2, 'is_extra_ball': False}
2020-01-25 12:20:50,211 : INFO : EventManager : Event: ======'balls_in_play'====== Args={'balls': 1}
2020-01-25 12:20:50,211 : INFO : EventManager : Event: ======'ball_started'====== Args={'player': 1, 'ball': 1, 'balls_remaining': 2, 'is_extra_ball': False}
2020-01-25 12:20:50,212 : INFO : EventManager : Event: ======'mode_container_lit_will_start'====== Args={'player': 1, 'ball': 1, 'balls_remaining': 2, 'is_extra_ball': False}
2020-01-25 12:20:50,212 : INFO : EventManager : Event: ======'player_shot_lane_A_enabled'====== Args={'value': True, 'prev_value': 0, 'change': 1, 'player_num': 1}
2020-01-25 12:20:50,212 : INFO : EventManager : Event: ======'player_shot_lane_B_enabled'====== Args={'value': True, 'prev_value': 0, 'change': 1, 'player_num': 1}
2020-01-25 12:20:50,213 : INFO : EventManager : Event: ======'player_shot_lane_C_enabled'====== Args={'value': True, 'prev_value': 0, 'change': 1, 'player_num': 1}
2020-01-25 12:20:50,213 : INFO : EventManager : Event: ======'player_shot_lane_D_enabled'====== Args={'value': True, 'prev_value': 0, 'change': 1, 'player_num': 1}
2020-01-25 12:20:50,214 : INFO : EventManager : Event: ======'player_shot_lane_E_enabled'====== Args={'value': True, 'prev_value': 0, 'change': 1, 'player_num': 1}
2020-01-25 12:20:50,214 : INFO : EventManager : Event: ======'container_lanes_complete'====== Args={'state': 'unlit'}
2020-01-25 12:20:50,215 : INFO : EventManager : Event: ======'container_lanes_unlit_complete'====== Args={}
2020-01-25 12:20:50,215 : INFO : EventManager : Event: ======'mode_container_lit_starting'====== Args={'player': 1, 'ball': 1, 'balls_remaining': 2, 'is_extra_ball': False}
2020-01-25 12:20:50,217 : INFO : Mode.container_lit : Started. Priority: 100
2020-01-25 12:20:50,217 : INFO : EventManager : Event: ======'mode_container_lit_started'====== Args={'player': 1, 'ball': 1, 'balls_remaining': 2, 'is_extra_ball': False}
2020-01-25 12:20:50,241 : INFO : EventManager : Event: ======'single_player_ball_started'====== Args={}
2020-01-25 12:20:50,241 : INFO : EventManager : Event: ======'slide_base.slide_player-mode_base_started_created'====== Args={'_from_bcp': True}
2020-01-25 12:20:50,241 : INFO : EventManager : Event: ======'slide_base.slide_player-mode_base_started_active'====== Args={'_from_bcp': True}
2020-01-25 12:20:50,242 : INFO : EventManager : Event: ======'balldevice_balls_available'====== Args={}
2020-01-25 12:20:50,243 : INFO : EventManager : Event: ======'balldevice_bd_trough_ball_eject_attempt'====== Args={'balls': 1, 'target': <ball_device.bd_plunger>, 'source': <ball_device.bd_trough>, 'mechanical_eject': True, 'num_attempts': 0}
2020-01-25 12:20:50,243 : INFO : ball_device.bd_trough : Ejecting ball to <ball_device.bd_plunger>
2020-01-25 12:20:50,244 : INFO : EventManager : Event: ======'balldevice_bd_trough_ejecting_ball'====== Args={'balls': 1, 'target': <ball_device.bd_plunger>, 'source': <ball_device.bd_trough>, 'mechanical_eject': True, 'num_attempts': 0}
2020-01-25 12:20:50,244 : INFO : coil.c_trough_eject : Pulsing Driver for 20ms (1.0 pulse_power)
2020-01-25 12:20:50,244 : INFO : SwitchController : <<<<<<< 's_trough1' inactive >>>>>>>
2020-01-25 12:20:50,337 : INFO : SwitchController : <<<<<<< 's_plunger' active >>>>>>>
2020-01-25 12:20:50,337 : INFO : EventManager : Event: ======'machine_var_audits_switches_s_plunger'====== Args={'value': 169, 'prev_value': 168, 'change': 1}
2020-01-25 12:20:50,641 : INFO : EventManager : Event: ======'balldevice_bd_plunger_ball_enter'====== Args={'new_balls': 1, 'unclaimed_balls': 0, 'new_available_balls': 0, 'device': <ball_device.bd_plunger>}
2020-01-25 12:20:50,642 : INFO : EventManager : Event: ======'balldevice_bd_plunger_ball_entered'====== Args={'new_balls': 0, 'device': <ball_device.bd_plunger>}
2020-01-25 12:20:50,642 : INFO : EventManager : Event: ======'balldevice_bd_plunger_ball_count_changed'====== Args={'balls': 1}
2020-01-25 12:20:50,642 : INFO : EventManager : Event: ======'balldevice_bd_trough_ball_eject_success'====== Args={'balls': 1, 'target': <ball_device.bd_plunger>}
2020-01-25 12:20:50,643 : INFO : EventManager : Event: ======'balldevice_bd_trough_ball_count_changed'====== Args={'balls': 4}
2020-01-25 12:20:50,643 : INFO : EventManager : Event: ======'balldevice_bd_plunger_ball_eject_attempt'====== Args={'balls': 1, 'target': <playfield.playfield>, 'source': <ball_device.bd_plunger>, 'mechanical_eject': True, 'num_attempts': 0}
2020-01-25 12:20:50,644 : INFO : ball_device.bd_plunger : Ejecting ball to <playfield.playfield>
2020-01-25 12:20:50,644 : INFO : EventManager : Event: ======'balldevice_bd_plunger_ejecting_ball'====== Args={'balls': 1, 'target': <playfield.playfield>, 'source': <ball_device.bd_plunger>, 'mechanical_eject': True, 'num_attempts': 0}
2020-01-25 12:20:51,972 : INFO : SwitchController : <<<<<<< 's_plunger' inactive >>>>>>>
2020-01-25 12:20:53,295 : INFO : SwitchController : <<<<<<< 's_right_inlane' active >>>>>>>
2020-01-25 12:20:53,295 : INFO : EventManager : Event: ======'s_right_inlane_active'====== Args={}
2020-01-25 12:20:53,296 : INFO : EventManager : Event: ======'sw_playfield_active'====== Args={}
2020-01-25 12:20:53,296 : INFO : EventManager : Event: ======'machine_var_audits_switches_s_right_inlane'====== Args={'value': 11, 'prev_value': 10, 'change': 1}
2020-01-25 12:20:53,296 : INFO : EventManager : Event: ======'playfield_active'====== Args={}
2020-01-25 12:20:53,296 : INFO : EventManager : Event: ======'player_shot_lane_D'====== Args={'value': 1, 'prev_value': 0, 'change': 1, 'player_num': 1}
2020-01-25 12:20:53,297 : INFO : EventManager : Event: ======'machine_var_audits_shots_lane_D'====== Args={'value': 11, 'prev_value': 10, 'change': 1}
2020-01-25 12:20:53,297 : INFO : EventManager : Event: ======'lane_D_hit'====== Args={'profile': 'default', 'state': 'unlit', 'advancing': True}
2020-01-25 12:20:53,297 : INFO : EventManager : Event: ======'lane_D_default_hit'====== Args={'profile': 'default', 'state': 'unlit', 'advancing': True}
2020-01-25 12:20:53,297 : INFO : EventManager : Event: ======'lane_D_default_unlit_hit'====== Args={'profile': 'default', 'state': 'unlit', 'advancing': True}
2020-01-25 12:20:53,298 : INFO : EventManager : Event: ======'lane_D_unlit_hit'====== Args={'profile': 'default', 'state': 'unlit', 'advancing': True}
2020-01-25 12:20:53,298 : INFO : EventManager : Event: ======'container_lanes_hit'====== Args={}
2020-01-25 12:20:53,298 : INFO : EventManager : Event: ======'container_lanes_unlit_hit'====== Args={}
2020-01-25 12:20:53,298 : INFO : EventManager : Event: ======'playfield_active'====== Args={}
2020-01-25 12:20:53,314 : INFO : EventManager : Event: ======'balldevice_bd_plunger_ball_eject_success'====== Args={'balls': 1, 'target': <playfield.playfield>}
2020-01-25 12:20:53,314 : INFO : EventManager : Event: ======'balldevice_playfield_ball_enter'====== Args={'new_balls': 1, 'unclaimed_balls': 1, 'device': <playfield.playfield>}
2020-01-25 12:20:53,314 : INFO : EventManager : Event: ======'playfield_ball_count_change'====== Args={'balls': 1, 'change': 1}
2020-01-25 12:20:53,314 : INFO : EventManager : Event: ======'balldevice_bd_plunger_ball_count_changed'====== Args={'balls': 0}
2020-01-25 12:20:53,360 : INFO : SwitchController : <<<<<<< 's_right_inlane' inactive >>>>>>>
2020-01-25 12:20:54,323 : INFO : SwitchController : <<<<<<< 's_right_outlane' active >>>>>>>
2020-01-25 12:20:54,323 : INFO : EventManager : Event: ======'s_right_outlane_active'====== Args={}
2020-01-25 12:20:54,323 : INFO : EventManager : Event: ======'machine_var_audits_switches_s_right_outlane'====== Args={'value': 6, 'prev_value': 5, 'change': 1}
2020-01-25 12:20:54,324 : INFO : EventManager : Event: ======'player_shot_lane_E'====== Args={'value': 1, 'prev_value': 0, 'change': 1, 'player_num': 1}
2020-01-25 12:20:54,324 : INFO : EventManager : Event: ======'machine_var_audits_shots_lane_E'====== Args={'value': 6, 'prev_value': 5, 'change': 1}
2020-01-25 12:20:54,325 : INFO : EventManager : Event: ======'lane_E_hit'====== Args={'profile': 'default', 'state': 'unlit', 'advancing': True}
2020-01-25 12:20:54,325 : INFO : EventManager : Event: ======'lane_E_default_hit'====== Args={'profile': 'default', 'state': 'unlit', 'advancing': True}
2020-01-25 12:20:54,325 : INFO : EventManager : Event: ======'lane_E_default_unlit_hit'====== Args={'profile': 'default', 'state': 'unlit', 'advancing': True}
2020-01-25 12:20:54,325 : INFO : EventManager : Event: ======'lane_E_unlit_hit'====== Args={'profile': 'default', 'state': 'unlit', 'advancing': True}
2020-01-25 12:20:54,326 : INFO : EventManager : Event: ======'container_lanes_hit'====== Args={}
2020-01-25 12:20:54,326 : INFO : EventManager : Event: ======'container_lanes_unlit_hit'====== Args={}
2020-01-25 12:20:54,416 : INFO : SwitchController : <<<<<<< 's_right_outlane' inactive >>>>>>>
2020-01-25 12:20:55,624 : INFO : SwitchController : <<<<<<< 's_right_flipper' active >>>>>>>
2020-01-25 12:20:55,624 : INFO : EventManager : Event: ======'s_right_flipper_active'====== Args={}
2020-01-25 12:20:55,624 : INFO : EventManager : Event: ======'machine_var_audits_switches_s_right_flipper'====== Args={'value': 322, 'prev_value': 321, 'change': 1}
2020-01-25 12:20:55,625 : INFO : EventManager : Event: ======'player_shot_lane_A'====== Args={'value': 1, 'prev_value': 0, 'change': 1, 'player_num': 1}
2020-01-25 12:20:55,625 : INFO : EventManager : Event: ======'player_shot_lane_D'====== Args={'value': 0, 'prev_value': 1, 'change': -1, 'player_num': 1}
2020-01-25 12:20:55,626 : INFO : EventManager : Event: ======'achievement_mode_9_changed_state'====== Args={'restore': False, 'state': 'enabled', 'selected': False}
2020-01-25 12:20:55,626 : INFO : EventManager : Event: ======'achievement_mode_9_state_enabled'====== Args={'restore': False, 'state': 'enabled', 'selected': False}
2020-01-25 12:20:55,627 : INFO : EventManager : Event: ======'achievement_mode_1_changed_state'====== Args={'restore': False, 'state': 'enabled', 'selected': True}
2020-01-25 12:20:55,627 : INFO : EventManager : Event: ======'achievement_mode_1_state_enabled'====== Args={'restore': False, 'state': 'enabled', 'selected': True}
2020-01-25 12:20:55,627 : INFO : EventManager : Event: ======'achievement_mode_1_state_selected'====== Args={'restore': False, 'state': 'enabled', 'selected': True}
2020-01-25 12:20:55,691 : INFO : SwitchController : <<<<<<< 's_right_flipper' inactive >>>>>>>
2020-01-25 12:20:55,999 : INFO : SwitchController : <<<<<<< 's_right_flipper' active >>>>>>>
2020-01-25 12:20:55,999 : INFO : EventManager : Event: ======'s_right_flipper_active'====== Args={}
2020-01-25 12:20:56,000 : INFO : EventManager : Event: ======'machine_var_audits_switches_s_right_flipper'====== Args={'value': 323, 'prev_value': 322, 'change': 1}
2020-01-25 12:20:56,001 : INFO : EventManager : Event: ======'player_shot_lane_B'====== Args={'value': 1, 'prev_value': 0, 'change': 1, 'player_num': 1}
2020-01-25 12:20:56,001 : INFO : EventManager : Event: ======'player_shot_lane_E'====== Args={'value': 0, 'prev_value': 1, 'change': -1, 'player_num': 1}
2020-01-25 12:20:56,002 : INFO : EventManager : Event: ======'achievement_mode_1_changed_state'====== Args={'restore': False, 'state': 'enabled', 'selected': False}
2020-01-25 12:20:56,002 : INFO : EventManager : Event: ======'achievement_mode_1_state_enabled'====== Args={'restore': False, 'state': 'enabled', 'selected': False}
2020-01-25 12:20:56,003 : INFO : EventManager : Event: ======'achievement_mode_2_changed_state'====== Args={'restore': False, 'state': 'enabled', 'selected': True}
2020-01-25 12:20:56,003 : INFO : EventManager : Event: ======'achievement_mode_2_state_enabled'====== Args={'restore': False, 'state': 'enabled', 'selected': True}
2020-01-25 12:20:56,003 : INFO : EventManager : Event: ======'achievement_mode_2_state_selected'====== Args={'restore': False, 'state': 'enabled', 'selected': True}
2020-01-25 12:20:56,076 : INFO : SwitchController : <<<<<<< 's_right_flipper' inactive >>>>>>>
2020-01-25 12:20:57,397 : INFO : SwitchController : <<<<<<< 's_right_flipper' active >>>>>>>
2020-01-25 12:20:57,397 : INFO : EventManager : Event: ======'s_right_flipper_active'====== Args={}
2020-01-25 12:20:57,398 : INFO : EventManager : Event: ======'machine_var_audits_switches_s_right_flipper'====== Args={'value': 324, 'prev_value': 323, 'change': 1}
2020-01-25 12:20:57,398 : INFO : EventManager : Event: ======'player_shot_lane_A'====== Args={'value': 0, 'prev_value': 1, 'change': -1, 'player_num': 1}
2020-01-25 12:20:57,405 : INFO : EventManager : Event: ======'player_shot_lane_C'====== Args={'value': 1, 'prev_value': 0, 'change': 1, 'player_num': 1}
2020-01-25 12:20:57,406 : INFO : EventManager : Event: ======'achievement_mode_2_changed_state'====== Args={'restore': False, 'state': 'enabled', 'selected': False}
2020-01-25 12:20:57,406 : INFO : EventManager : Event: ======'achievement_mode_2_state_enabled'====== Args={'restore': False, 'state': 'enabled', 'selected': False}
2020-01-25 12:20:57,407 : INFO : EventManager : Event: ======'achievement_mode_3_changed_state'====== Args={'restore': False, 'state': 'enabled', 'selected': True}
2020-01-25 12:20:57,407 : INFO : EventManager : Event: ======'achievement_mode_3_state_enabled'====== Args={'restore': False, 'state': 'enabled', 'selected': True}
2020-01-25 12:20:57,407 : INFO : EventManager : Event: ======'achievement_mode_3_state_selected'====== Args={'restore': False, 'state': 'enabled', 'selected': True}
2020-01-25 12:20:57,472 : INFO : SwitchController : <<<<<<< 's_right_flipper' inactive >>>>>>>
2020-01-25 12:20:57,573 : INFO : SwitchController : <<<<<<< 's_right_flipper' active >>>>>>>
2020-01-25 12:20:57,573 : INFO : EventManager : Event: ======'s_right_flipper_active'====== Args={}
2020-01-25 12:20:57,573 : INFO : EventManager : Event: ======'machine_var_audits_switches_s_right_flipper'====== Args={'value': 325, 'prev_value': 324, 'change': 1}
2020-01-25 12:20:57,574 : INFO : EventManager : Event: ======'player_shot_lane_B'====== Args={'value': 0, 'prev_value': 1, 'change': -1, 'player_num': 1}
2020-01-25 12:20:57,574 : INFO : EventManager : Event: ======'player_shot_lane_D'====== Args={'value': 1, 'prev_value': 0, 'change': 1, 'player_num': 1}
2020-01-25 12:20:57,575 : INFO : EventManager : Event: ======'achievement_mode_3_changed_state'====== Args={'restore': False, 'state': 'enabled', 'selected': False}
2020-01-25 12:20:57,575 : INFO : EventManager : Event: ======'achievement_mode_3_state_enabled'====== Args={'restore': False, 'state': 'enabled', 'selected': False}
2020-01-25 12:20:57,576 : INFO : EventManager : Event: ======'achievement_mode_4_changed_state'====== Args={'restore': False, 'state': 'enabled', 'selected': True}
2020-01-25 12:20:57,576 : INFO : EventManager : Event: ======'achievement_mode_4_state_enabled'====== Args={'restore': False, 'state': 'enabled', 'selected': True}
2020-01-25 12:20:57,576 : INFO : EventManager : Event: ======'achievement_mode_4_state_selected'====== Args={'restore': False, 'state': 'enabled', 'selected': True}
2020-01-25 12:20:57,660 : INFO : SwitchController : <<<<<<< 's_right_flipper' inactive >>>>>>>
2020-01-25 12:20:57,924 : INFO : SwitchController : <<<<<<< 's_right_flipper' active >>>>>>>
2020-01-25 12:20:57,924 : INFO : EventManager : Event: ======'s_right_flipper_active'====== Args={}
2020-01-25 12:20:57,924 : INFO : EventManager : Event: ======'machine_var_audits_switches_s_right_flipper'====== Args={'value': 326, 'prev_value': 325, 'change': 1}
2020-01-25 12:20:57,925 : INFO : EventManager : Event: ======'player_shot_lane_C'====== Args={'value': 0, 'prev_value': 1, 'change': -1, 'player_num': 1}
2020-01-25 12:20:57,925 : INFO : EventManager : Event: ======'player_shot_lane_E'====== Args={'value': 1, 'prev_value': 0, 'change': 1, 'player_num': 1}
2020-01-25 12:20:57,926 : INFO : EventManager : Event: ======'achievement_mode_4_changed_state'====== Args={'restore': False, 'state': 'enabled', 'selected': False}
2020-01-25 12:20:57,926 : INFO : EventManager : Event: ======'achievement_mode_4_state_enabled'====== Args={'restore': False, 'state': 'enabled', 'selected': False}
2020-01-25 12:20:57,927 : INFO : EventManager : Event: ======'achievement_mode_5_changed_state'====== Args={'restore': False, 'state': 'enabled', 'selected': True}
2020-01-25 12:20:57,927 : INFO : EventManager : Event: ======'achievement_mode_5_state_enabled'====== Args={'restore': False, 'state': 'enabled', 'selected': True}
2020-01-25 12:20:57,927 : INFO : EventManager : Event: ======'achievement_mode_5_state_selected'====== Args={'restore': False, 'state': 'enabled', 'selected': True}
2020-01-25 12:20:57,975 : INFO : SwitchController : <<<<<<< 's_right_flipper' inactive >>>>>>>
2020-01-25 12:20:58,745 : INFO : SwitchController : <<<<<<< 's_left_inlane' active >>>>>>>
2020-01-25 12:20:58,745 : INFO : EventManager : Event: ======'s_left_inlane_active'====== Args={}
2020-01-25 12:20:58,745 : INFO : EventManager : Event: ======'machine_var_audits_switches_s_left_inlane'====== Args={'value': 5, 'prev_value': 4, 'change': 1}
2020-01-25 12:20:58,745 : INFO : EventManager : Event: ======'player_shot_lane_C'====== Args={'value': 1, 'prev_value': 0, 'change': 1, 'player_num': 1}
2020-01-25 12:20:58,746 : INFO : EventManager : Event: ======'machine_var_audits_shots_lane_C'====== Args={'value': 5, 'prev_value': 4, 'change': 1}
2020-01-25 12:20:58,746 : INFO : EventManager : Event: ======'lane_C_hit'====== Args={'profile': 'default', 'state': 'unlit', 'advancing': True}
2020-01-25 12:20:58,747 : INFO : EventManager : Event: ======'lane_C_default_hit'====== Args={'profile': 'default', 'state': 'unlit', 'advancing': True}
2020-01-25 12:20:58,747 : INFO : EventManager : Event: ======'lane_C_default_unlit_hit'====== Args={'profile': 'default', 'state': 'unlit', 'advancing': True}
2020-01-25 12:20:58,747 : INFO : EventManager : Event: ======'lane_C_unlit_hit'====== Args={'profile': 'default', 'state': 'unlit', 'advancing': True}
2020-01-25 12:20:58,747 : INFO : EventManager : Event: ======'container_lanes_hit'====== Args={}
2020-01-25 12:20:58,747 : INFO : EventManager : Event: ======'container_lanes_unlit_hit'====== Args={}
2020-01-25 12:20:58,831 : INFO : SwitchController : <<<<<<< 's_left_inlane' inactive >>>>>>>
2020-01-25 12:20:59,459 : INFO : SwitchController : <<<<<<< 's_left_mid_inlane' active >>>>>>>
2020-01-25 12:20:59,459 : INFO : EventManager : Event: ======'s_left_mid_inlane_active'====== Args={}
2020-01-25 12:20:59,460 : INFO : EventManager : Event: ======'machine_var_audits_switches_s_left_mid_inlane'====== Args={'value': 5, 'prev_value': 4, 'change': 1}
2020-01-25 12:20:59,460 : INFO : EventManager : Event: ======'player_shot_lane_B'====== Args={'value': 1, 'prev_value': 0, 'change': 1, 'player_num': 1}
2020-01-25 12:20:59,461 : INFO : EventManager : Event: ======'machine_var_audits_shots_lane_B'====== Args={'value': 5, 'prev_value': 4, 'change': 1}
2020-01-25 12:20:59,461 : INFO : EventManager : Event: ======'lane_B_hit'====== Args={'profile': 'default', 'state': 'unlit', 'advancing': True}
2020-01-25 12:20:59,462 : INFO : EventManager : Event: ======'lane_B_default_hit'====== Args={'profile': 'default', 'state': 'unlit', 'advancing': True}
2020-01-25 12:20:59,462 : INFO : EventManager : Event: ======'lane_B_default_unlit_hit'====== Args={'profile': 'default', 'state': 'unlit', 'advancing': True}
2020-01-25 12:20:59,462 : INFO : EventManager : Event: ======'lane_B_unlit_hit'====== Args={'profile': 'default', 'state': 'unlit', 'advancing': True}
2020-01-25 12:20:59,462 : INFO : EventManager : Event: ======'container_lanes_hit'====== Args={}
2020-01-25 12:20:59,462 : INFO : EventManager : Event: ======'container_lanes_unlit_hit'====== Args={}
2020-01-25 12:20:59,536 : INFO : SwitchController : <<<<<<< 's_left_mid_inlane' inactive >>>>>>>
2020-01-25 12:21:00,173 : INFO : SwitchController : <<<<<<< 's_left_outlane' active >>>>>>>
2020-01-25 12:21:00,173 : INFO : EventManager : Event: ======'s_left_outlane_active'====== Args={}
2020-01-25 12:21:00,173 : INFO : EventManager : Event: ======'machine_var_audits_switches_s_left_outlane'====== Args={'value': 4, 'prev_value': 3, 'change': 1}
2020-01-25 12:21:00,174 : INFO : EventManager : Event: ======'player_shot_lane_A'====== Args={'value': 1, 'prev_value': 0, 'change': 1, 'player_num': 1}
2020-01-25 12:21:00,174 : INFO : EventManager : Event: ======'machine_var_audits_shots_lane_A'====== Args={'value': 4, 'prev_value': 3, 'change': 1}
2020-01-25 12:21:00,175 : INFO : EventManager : Event: ======'lane_A_hit'====== Args={'profile': 'default', 'state': 'unlit', 'advancing': True}
2020-01-25 12:21:00,175 : INFO : EventManager : Event: ======'lane_A_default_hit'====== Args={'profile': 'default', 'state': 'unlit', 'advancing': True}
2020-01-25 12:21:00,175 : INFO : EventManager : Event: ======'lane_A_default_unlit_hit'====== Args={'profile': 'default', 'state': 'unlit', 'advancing': True}
2020-01-25 12:21:00,175 : INFO : EventManager : Event: ======'lane_A_unlit_hit'====== Args={'profile': 'default', 'state': 'unlit', 'advancing': True}
2020-01-25 12:21:00,175 : INFO : EventManager : Event: ======'container_lanes_complete'====== Args={'state': 'lit'}
2020-01-25 12:21:00,176 : INFO : EventManager : Event: ======'container_lanes_lit_complete'====== Args={}
2020-01-25 12:21:00,176 : INFO : EventManager : Event: ======'container_lanes_hit'====== Args={}
2020-01-25 12:21:00,176 : INFO : EventManager : Event: ======'container_lanes_unlit_hit'====== Args={}
2020-01-25 12:21:00,176 : INFO : EventManager : Event: ======'player_shot_lane_A'====== Args={'value': 0, 'prev_value': 1, 'change': -1, 'player_num': 1}
2020-01-25 12:21:00,177 : INFO : EventManager : Event: ======'player_shot_lane_B'====== Args={'value': 0, 'prev_value': 1, 'change': -1, 'player_num': 1}
2020-01-25 12:21:00,177 : INFO : EventManager : Event: ======'player_shot_lane_C'====== Args={'value': 0, 'prev_value': 1, 'change': -1, 'player_num': 1}
2020-01-25 12:21:00,178 : INFO : EventManager : Event: ======'player_shot_lane_D'====== Args={'value': 0, 'prev_value': 1, 'change': -1, 'player_num': 1}
2020-01-25 12:21:00,178 : INFO : EventManager : Event: ======'player_shot_lane_E'====== Args={'value': 0, 'prev_value': 1, 'change': -1, 'player_num': 1}
2020-01-25 12:21:00,179 : ERROR : asyncio : Exception in callback EventManager.process_event_queue()
handle: <Handle EventManager.process_event_queue()>
Traceback (most recent call last):
  File "c:\users\schol\appdata\local\programs\python\python36\lib\site-packages\mpf\config_players\device_config_player.py", line 100, in _expand_device
    device_list.append(self.device_collection[device_name])
KeyError: 'container_lanes'

During handling of the above exception, another exception occurred:

Traceback (most recent call last):
  File "c:\users\schol\appdata\local\programs\python\python36\lib\site-packages\mpf\core\events.py", line 662, in _run_handlers
    result = handler.callback(**merged_kwargs)
  File "c:\users\schol\appdata\local\programs\python\python36\lib\site-packages\mpf\core\config_player.py", line 338, in config_play_callback
    **kwargs)
  File "c:\users\schol\appdata\local\programs\python\python36\lib\site-packages\mpf\config_players\show_player.py", line 58, in play
    self._update_show(show.name, show_settings, context, queue, start_time, kwargs)
  File "c:\users\schol\appdata\local\programs\python\python36\lib\site-packages\mpf\config_players\show_player.py", line 201, in _update_show
    action(key, instance_dict, show_name, show_settings, queue, start_time, placeholder_args)
  File "c:\users\schol\appdata\local\programs\python\python36\lib\site-packages\mpf\config_players\show_player.py", line 118, in _play
    start_step, start_time, stop_callback)
  File "c:\users\schol\appdata\local\programs\python\python36\lib\site-packages\mpf\core\show_controller.py", line 132, in replace_or_advance_show
    start_callback=start_callback
  File "c:\users\schol\appdata\local\programs\python\python36\lib\site-packages\mpf\assets\show.py", line 303, in play_with_config
    show_config=show_config)
  File "c:\users\schol\appdata\local\programs\python\python36\lib\site-packages\mpf\assets\show.py", line 526, in __init__
    self.show_loaded()
  File "c:\users\schol\appdata\local\programs\python\python36\lib\site-packages\mpf\assets\show.py", line 535, in show_loaded
    self.show_steps = self.show.get_show_steps_with_token(self.show_config.show_tokens)
  File "c:\users\schol\appdata\local\programs\python\python36\lib\site-packages\mpf\assets\show.py", line 429, in get_show_steps_with_token
    step[key] = self.machine.show_controller.show_players[key].expand_config_entry(value)
  File "c:\users\schol\appdata\local\programs\python\python36\lib\site-packages\mpf\config_players\device_config_player.py", line 24, in expand_config_entry
    devices = self._expand_device(device)
  File "c:\users\schol\appdata\local\programs\python\python36\lib\site-packages\mpf\config_players\device_config_player.py", line 110, in _expand_device
    1)
  File "c:\users\schol\appdata\local\programs\python\python36\lib\site-packages\mpf\core\logging.py", line 165, in raise_config_error
    raise ConfigFileError(msg, error_no, self.log.name, context, self._url_base)
mpf.exceptions.config_file_error.ConfigFileError: Config File Error in light_player: Could not find a lights device with name or tag container_lanes. Error Code: CFE-light_player-1 (https://docs.missionpinball.org/en/dev/logs/CFE-light_player-1.html)

The above exception was the direct cause of the following exception:

Traceback (most recent call last):
  File "c:\users\schol\appdata\local\programs\python\python36\lib\asyncio\events.py", line 145, in _run
    self._callback(*self._args)
  File "c:\users\schol\appdata\local\programs\python\python36\lib\site-packages\mpf\core\events.py", line 743, in process_event_queue
    **event[3])
  File "c:\users\schol\appdata\local\programs\python\python36\lib\site-packages\mpf\core\events.py", line 708, in _process_event
    result = self._run_handlers(event, ev_type, kwargs)
  File "c:\users\schol\appdata\local\programs\python\python36\lib\site-packages\mpf\core\events.py", line 664, in _run_handlers
    raise Exception("Exception while processing {} for event {}".format(handler, event)) from e
Exception: Exception while processing RegisteredHandler(callback=<bound method ConfigPlayer.config_play_callback of ConfigPlayer.show_player/shows>, priority=100, kwargs={'calling_context': 'container_lanes_lit_complete', 'mode': <Mode.container_lit>, 'settings': {flash-None-None: {'loops': 4, 'speed': 4.0, 'show_tokens': {'lights': <NativeTemplate container_lanes>}, 'priority': 0, 'action': 'play', 'show': None, 'block_queue': False, 'start_step': <NativeTemplate 1>, 'sync_ms': None, 'manual_advance': False, 'key': None, 'events_when_played': [], 'events_when_stopped': [], 'events_when_looped': [], 'events_when_paused': [], 'events_when_resumed': [], 'events_when_advanced': [], 'events_when_stepped_back': [], 'events_when_updated': [], 'events_when_completed': []}}}, key=UUID('4bd8199a-efaa-40ca-995d-78c84389535d'), condition=None, blocking_facility=None) for event container_lanes_lit_complete
2020-01-25 12:21:00,262 : INFO : SwitchController : <<<<<<< 's_left_outlane' inactive >>>>>>>
2020-01-25 12:21:00,264 : INFO : Machine : Shutting down...
2020-01-25 12:21:00,264 : INFO : EventManager : Event: ======'shutdown'====== Args={}
2020-01-25 12:21:00,266 : ERROR : Machine : Runtime Exception
Traceback (most recent call last):
  File "c:\users\schol\appdata\local\programs\python\python36\lib\site-packages\mpf\config_players\device_config_player.py", line 100, in _expand_device
    device_list.append(self.device_collection[device_name])
KeyError: 'container_lanes'

During handling of the above exception, another exception occurred:

Traceback (most recent call last):
  File "c:\users\schol\appdata\local\programs\python\python36\lib\site-packages\mpf\core\events.py", line 662, in _run_handlers
    result = handler.callback(**merged_kwargs)
  File "c:\users\schol\appdata\local\programs\python\python36\lib\site-packages\mpf\core\config_player.py", line 338, in config_play_callback
    **kwargs)
  File "c:\users\schol\appdata\local\programs\python\python36\lib\site-packages\mpf\config_players\show_player.py", line 58, in play
    self._update_show(show.name, show_settings, context, queue, start_time, kwargs)
  File "c:\users\schol\appdata\local\programs\python\python36\lib\site-packages\mpf\config_players\show_player.py", line 201, in _update_show
    action(key, instance_dict, show_name, show_settings, queue, start_time, placeholder_args)
  File "c:\users\schol\appdata\local\programs\python\python36\lib\site-packages\mpf\config_players\show_player.py", line 118, in _play
    start_step, start_time, stop_callback)
  File "c:\users\schol\appdata\local\programs\python\python36\lib\site-packages\mpf\core\show_controller.py", line 132, in replace_or_advance_show
    start_callback=start_callback
  File "c:\users\schol\appdata\local\programs\python\python36\lib\site-packages\mpf\assets\show.py", line 303, in play_with_config
    show_config=show_config)
  File "c:\users\schol\appdata\local\programs\python\python36\lib\site-packages\mpf\assets\show.py", line 526, in __init__
    self.show_loaded()
  File "c:\users\schol\appdata\local\programs\python\python36\lib\site-packages\mpf\assets\show.py", line 535, in show_loaded
    self.show_steps = self.show.get_show_steps_with_token(self.show_config.show_tokens)
  File "c:\users\schol\appdata\local\programs\python\python36\lib\site-packages\mpf\assets\show.py", line 429, in get_show_steps_with_token
    step[key] = self.machine.show_controller.show_players[key].expand_config_entry(value)
  File "c:\users\schol\appdata\local\programs\python\python36\lib\site-packages\mpf\config_players\device_config_player.py", line 24, in expand_config_entry
    devices = self._expand_device(device)
  File "c:\users\schol\appdata\local\programs\python\python36\lib\site-packages\mpf\config_players\device_config_player.py", line 110, in _expand_device
    1)
  File "c:\users\schol\appdata\local\programs\python\python36\lib\site-packages\mpf\core\logging.py", line 165, in raise_config_error
    raise ConfigFileError(msg, error_no, self.log.name, context, self._url_base)
mpf.exceptions.config_file_error.ConfigFileError: Config File Error in light_player: Could not find a lights device with name or tag container_lanes. Error Code: CFE-light_player-1 (https://docs.missionpinball.org/en/dev/logs/CFE-light_player-1.html)

The above exception was the direct cause of the following exception:

Traceback (most recent call last):
  File "c:\users\schol\appdata\local\programs\python\python36\lib\site-packages\mpf\core\machine.py", line 765, in _run_loop
    raise self._exception['exception']
  File "c:\users\schol\appdata\local\programs\python\python36\lib\asyncio\events.py", line 145, in _run
    self._callback(*self._args)
  File "c:\users\schol\appdata\local\programs\python\python36\lib\site-packages\mpf\core\events.py", line 743, in process_event_queue
    **event[3])
  File "c:\users\schol\appdata\local\programs\python\python36\lib\site-packages\mpf\core\events.py", line 708, in _process_event
    result = self._run_handlers(event, ev_type, kwargs)
  File "c:\users\schol\appdata\local\programs\python\python36\lib\site-packages\mpf\core\events.py", line 664, in _run_handlers
    raise Exception("Exception while processing {} for event {}".format(handler, event)) from e
Exception: Exception while processing RegisteredHandler(callback=<bound method ConfigPlayer.config_play_callback of ConfigPlayer.show_player/shows>, priority=100, kwargs={'calling_context': 'container_lanes_lit_complete', 'mode': <Mode.container_lit>, 'settings': {flash-None-None: {'loops': 4, 'speed': 4.0, 'show_tokens': {'lights': <NativeTemplate container_lanes>}, 'priority': 0, 'action': 'play', 'show': None, 'block_queue': False, 'start_step': <NativeTemplate 1>, 'sync_ms': None, 'manual_advance': False, 'key': None, 'events_when_played': [], 'events_when_stopped': [], 'events_when_looped': [], 'events_when_paused': [], 'events_when_resumed': [], 'events_when_advanced': [], 'events_when_stepped_back': [], 'events_when_updated': [], 'events_when_completed': []}}}, key=UUID('4bd8199a-efaa-40ca-995d-78c84389535d'), condition=None, blocking_facility=None) for event container_lanes_lit_complete
2020-01-25 12:21:00,267 : INFO : root : MPF run loop ended.
