2020-03-24 18:38:31,664 : INFO : Machine : Mission Pinball Framework Core Engine v0.53.2
2020-03-24 18:38:31,664 : INFO : Machine : Command line arguments: {'no_load_cache': False, 'create_config_cache': True, 'bcp': True, 'configfile': ['config.yaml'], 'mpfconfigfile': 'c:\\users\\schol\\appdata\\local\\programs\\python\\python36\\lib\\site-packages\\mpf\\mpfconfig.yaml', 'force_assets_load': False, 'jsonlogging': False, 'logfile': 'logs\\2020-03-24-18-38-31-mpf-DESKTOP-FPTMTCL.log', 'pause': False, 'production': False, 'text_ui': True, 'loglevel': 15, 'consoleloglevel': 20, 'force_platform': 'smart_virtual', 'syslog_address': None, 'mc_file_name': None, 'no_sound': False}
2020-03-24 18:38:31,664 : INFO : Machine : MPF path: c:\users\schol\appdata\local\programs\python\python36\lib\site-packages\mpf
2020-03-24 18:38:31,664 : INFO : Machine : Machine path: E:\MPF\wows\wows
2020-03-24 18:38:31,664 : INFO : Machine : Platform: win32
2020-03-24 18:38:31,664 : INFO : Machine : Python executable location: c:\users\schol\appdata\local\programs\python\python36\python.exe
2020-03-24 18:38:31,664 : INFO : Machine : Python version: 3.6.4 (64-bit)
2020-03-24 18:38:31,664 : INFO : Machine : Machine config file #1: config.yaml
2020-03-24 18:38:31,665 : WARNING : ConfigProcessor : Config file in cache changed: E:\MPF\wows\wows\config\config.yaml
2020-03-24 18:38:31,665 : INFO : ConfigProcessor : Loading config from file c:\users\schol\appdata\local\programs\python\python36\lib\site-packages\mpf\mpfconfig.yaml.
2020-03-24 18:38:31,732 : INFO : ConfigProcessor : Loading config: c:\users\schol\appdata\local\programs\python\python36\lib\site-packages\mpf\mpfconfig.yaml
2020-03-24 18:38:31,740 : INFO : ConfigProcessor : Loading config from file E:\MPF\wows\wows\config\config.yaml.
2020-03-24 18:38:31,853 : INFO : ConfigProcessor : Loading config: E:\MPF\wows\wows\config\config.yaml
2020-03-24 18:38:31,855 : INFO : ConfigProcessor : Config file cache created: C:\Users\schol\AppData\Local\Temp\1ed54315bc874a19390ba34e1a0f1800.mpf_cache
2020-03-24 18:38:31,857 : INFO : Machine : Initialise MPF.
2020-03-24 18:38:32,183 : INFO : EventManager : Event: ======'machine_var_credits_string'====== Args={'value': 'FREE PLAY', 'prev_value': None, 'change': True}
2020-03-24 18:38:32,223 : INFO : EventManager : Event: ======'machine_var_player1_score'====== Args={'value': 0, 'prev_value': None, 'change': True}
2020-03-24 18:38:32,223 : INFO : EventManager : Event: ======'machine_var_mpf_version'====== Args={'value': 'MPF v0.53.2', 'prev_value': None, 'change': True}
2020-03-24 18:38:32,223 : INFO : EventManager : Event: ======'machine_var_mpf_extended_version'====== Args={'value': 'MPF v0.53.2, Config version:5, Show version: 5, BCP version:1.1', 'prev_value': None, 'change': True}
2020-03-24 18:38:32,223 : INFO : EventManager : Event: ======'machine_var_python_version'====== Args={'value': '3.6.4', 'prev_value': None, 'change': True}
2020-03-24 18:38:32,223 : INFO : EventManager : Event: ======'machine_var_platform'====== Args={'value': 'Windows-10-10.0.18362-SP0', 'prev_value': None, 'change': True}
2020-03-24 18:38:32,224 : INFO : EventManager : Event: ======'machine_var_platform_system'====== Args={'value': 'Windows', 'prev_value': None, 'change': True}
2020-03-24 18:38:32,224 : INFO : EventManager : Event: ======'machine_var_platform_release'====== Args={'value': '10', 'prev_value': None, 'change': True}
2020-03-24 18:38:32,224 : INFO : EventManager : Event: ======'machine_var_platform_version'====== Args={'value': '10.0.18362', 'prev_value': None, 'change': True}
2020-03-24 18:38:32,224 : INFO : EventManager : Event: ======'machine_var_platform_machine'====== Args={'value': 'AMD64', 'prev_value': None, 'change': True}
2020-03-24 18:38:32,224 : INFO : EventManager : Event: ======'init_phase_1'====== Args={}
2020-03-24 18:38:32,259 : INFO : ConfigProcessor : Loading config from cache: C:\Users\schol\AppData\Local\Temp\c84d6d08bf6f923cbcccfeeea02d2c8a.mpf_cache
2020-03-24 18:38:32,261 : INFO : ConfigProcessor : Loading config from cache: C:\Users\schol\AppData\Local\Temp\72e9fea1cb562e40024eb5e8538ccaf2.mpf_cache
2020-03-24 18:38:32,263 : INFO : ConfigProcessor : Loading config from cache: C:\Users\schol\AppData\Local\Temp\93429a2a8e0859f6546b68f40c2a4656.mpf_cache
2020-03-24 18:38:32,265 : INFO : ConfigProcessor : Loading config from cache: C:\Users\schol\AppData\Local\Temp\b1234e2c44a33609dc2af4760c4a3f89.mpf_cache
2020-03-24 18:38:32,267 : INFO : ConfigProcessor : Loading config from cache: C:\Users\schol\AppData\Local\Temp\dec453850496132f8dddcdfa0a36feb5.mpf_cache
2020-03-24 18:38:32,269 : INFO : ConfigProcessor : Loading config from cache: C:\Users\schol\AppData\Local\Temp\ba047bbdc168fca96d58d351c4240916.mpf_cache
2020-03-24 18:38:32,271 : INFO : ConfigProcessor : Loading config from cache: C:\Users\schol\AppData\Local\Temp\666b1342d8c11f754ca383a548aa0442.mpf_cache
2020-03-24 18:38:32,273 : INFO : ConfigProcessor : Loading config from cache: C:\Users\schol\AppData\Local\Temp\200a9b2dddbe7706ffb4c4426b6d54a8.mpf_cache
2020-03-24 18:38:32,275 : INFO : ConfigProcessor : Loading config from cache: C:\Users\schol\AppData\Local\Temp\d5fd805c5432c1441bf01a6268536a3d.mpf_cache
2020-03-24 18:38:32,280 : INFO : ConfigProcessor : Loading config from cache: C:\Users\schol\AppData\Local\Temp\de2d3fc178b15ce3807fa4ab35b9c965.mpf_cache
2020-03-24 18:38:32,282 : INFO : ConfigProcessor : Loading config from cache: C:\Users\schol\AppData\Local\Temp\95e265efe14e4eb05d8d5c5689c9ae6b.mpf_cache
2020-03-24 18:38:32,284 : INFO : ConfigProcessor : Loading config from cache: C:\Users\schol\AppData\Local\Temp\0c80ca2179989d09b86c78c19ec87d9b.mpf_cache
2020-03-24 18:38:32,286 : INFO : ConfigProcessor : Loading config from cache: C:\Users\schol\AppData\Local\Temp\4303dca7489148da2d256fc831cf8c96.mpf_cache
2020-03-24 18:38:32,288 : INFO : ConfigProcessor : Loading config from cache: C:\Users\schol\AppData\Local\Temp\7c1900736275ba8a713cfe77e991e929.mpf_cache
2020-03-24 18:38:32,290 : INFO : ConfigProcessor : Loading config from cache: C:\Users\schol\AppData\Local\Temp\e8fceecd8f65a6a7269e98c7961bbf6a.mpf_cache
2020-03-24 18:38:32,292 : INFO : ConfigProcessor : Loading config from cache: C:\Users\schol\AppData\Local\Temp\95ae88fb094583fa2b4097c6df179650.mpf_cache
2020-03-24 18:38:32,294 : INFO : ConfigProcessor : Loading config from cache: C:\Users\schol\AppData\Local\Temp\db3d1ab92e5d5c563b40d82372434517.mpf_cache
2020-03-24 18:38:32,296 : INFO : ConfigProcessor : Loading config from cache: C:\Users\schol\AppData\Local\Temp\1ff29be1d22fb14fe5fd1c82a6918df4.mpf_cache
2020-03-24 18:38:32,298 : INFO : ConfigProcessor : Loading config from cache: C:\Users\schol\AppData\Local\Temp\b0de444617e3bf30a07f755a6d4831cc.mpf_cache
2020-03-24 18:38:32,300 : WARNING : ConfigProcessor : Cache file not found: C:\Users\schol\AppData\Local\Temp\2f89b2ab1d9f3cef79a660914b2a527a.mpf_cache
2020-03-24 18:38:32,300 : INFO : ConfigProcessor : Loading config from file E:\MPF\wows\wows\modes\value_manager\config\value_manager.yaml.
2020-03-24 18:38:32,303 : INFO : ConfigProcessor : Loading config: E:\MPF\wows\wows\modes\value_manager\config\value_manager.yaml
2020-03-24 18:38:32,303 : INFO : ConfigProcessor : Config file cache created: C:\Users\schol\AppData\Local\Temp\2f89b2ab1d9f3cef79a660914b2a527a.mpf_cache
2020-03-24 18:38:32,305 : INFO : ConfigProcessor : Loading config from cache: C:\Users\schol\AppData\Local\Temp\5c4497fcd69d1d656c4b69a28e44c490.mpf_cache
2020-03-24 18:38:32,309 : INFO : ConfigProcessor : Loading config from cache: C:\Users\schol\AppData\Local\Temp\5ab98d4be1e8de85bea62364890eb2e9.mpf_cache
2020-03-24 18:38:32,311 : INFO : ConfigProcessor : Loading config from cache: C:\Users\schol\AppData\Local\Temp\159a0b7ffc6de2ed1a8cdcd57b7df3c0.mpf_cache
2020-03-24 18:38:32,345 : INFO : EventManager : Event: ======'main_state'====== Args={}
2020-03-24 18:38:32,345 : INFO : EventManager : Event: ======'lock_lit_started'====== Args={}
2020-03-24 18:38:32,346 : INFO : EventManager : Event: ======'lite_detonation_start'====== Args={}
2020-03-24 18:38:32,346 : WARNING : Mode.confederate : Can only start mode confederate during a game. Aborting start.
2020-03-24 18:38:32,346 : WARNING : Mode.hc_lock_lit : Can only start mode hc_lock_lit during a game. Aborting start.
2020-03-24 18:38:32,346 : WARNING : Mode.value_manager : Can only start mode value_manager during a game. Aborting start.
2020-03-24 18:38:32,346 : INFO : EventManager : Event: ======'init_phase_2'====== Args={}
2020-03-24 18:38:32,347 : INFO : SwitchController : Found active switch: ('2', <Platform.SmartVirtual>)
2020-03-24 18:38:32,347 : INFO : SwitchController : Found active switch: ('3', <Platform.SmartVirtual>)
2020-03-24 18:38:32,347 : INFO : SwitchController : Found active switch: ('4', <Platform.SmartVirtual>)
2020-03-24 18:38:32,347 : INFO : SwitchController : Found active switch: ('5', <Platform.SmartVirtual>)
2020-03-24 18:38:32,347 : INFO : SwitchController : Found active switch: ('6', <Platform.SmartVirtual>)
2020-03-24 18:38:32,347 : INFO : SwitchController : Found active switch: ('7', <Platform.SmartVirtual>)
2020-03-24 18:38:32,357 : INFO : EventManager : Event: ======'bcp_connection_attempt'====== Args={'name': 'local_display', 'host': 'localhost', 'port': 5050}
2020-03-24 18:38:32,358 : INFO : BCPClientSocket : Connecting BCP to 'local_display' at localhost:5050...
2020-03-24 18:38:34,377 : INFO : BCPClientSocket : Connected BCP to 'local_display' localhost:5050
2020-03-24 18:38:34,378 : INFO : EventManager : Event: ======'bcp_clients_connected'====== Args={}
2020-03-24 18:38:34,390 : INFO : EventManager : Event: ======'machine_var_mc_version'====== Args={'value': 'MPF-MC v0.53.0', 'prev_value': None, 'change': True}
2020-03-24 18:38:34,390 : INFO : EventManager : Event: ======'machine_var_mc_extended_version'====== Args={'value': 'MPF-MC v0.53.0 (config_version=5, BCP v1.1, Requires MPF v0.53.0)', 'prev_value': None, 'change': True}
2020-03-24 18:38:34,392 : INFO : EventManager : Event: ======'machine_var_master_volume'====== Args={'value': 0.5, 'prev_value': None, 'change': True}
2020-03-24 18:38:34,435 : INFO : EventManager : Event: ======'init_phase_3'====== Args={}
2020-03-24 18:38:34,436 : INFO : AssetManager : Registering Asset: mode_countdown, File: mode_countdown.yaml, Default Group: default, Final Config: {'load': 'preload', 'file': 'E:\\MPF\\wows\\wows\\shows\\mode_countdown.yaml'}
2020-03-24 18:38:34,436 : INFO : AssetManager : Registering Asset: sh_mode_1_shot_made, File: sh_mode_1_shot_made.yaml, Default Group: default, Final Config: {'load': 'preload', 'file': 'E:\\MPF\\wows\\wows\\shows\\sh_mode_1_shot_made.yaml'}
2020-03-24 18:38:34,436 : INFO : AssetManager : Registering Asset: sh_mode_3_shot_made, File: sh_mode_3_shot_made.yaml, Default Group: default, Final Config: {'load': 'preload', 'file': 'E:\\MPF\\wows\\wows\\shows\\sh_mode_3_shot_made.yaml'}
2020-03-24 18:38:34,436 : INFO : AssetManager : Registering Asset: sh_mode_4_shot_made, File: sh_mode_4_shot_made.yaml, Default Group: default, Final Config: {'load': 'preload', 'file': 'E:\\MPF\\wows\\wows\\shows\\sh_mode_4_shot_made.yaml'}
2020-03-24 18:38:34,436 : INFO : AssetManager : Registering Asset: sh_mode_5_shot_made, File: sh_mode_5_shot_made.yaml, Default Group: default, Final Config: {'load': 'preload', 'file': 'E:\\MPF\\wows\\wows\\shows\\sh_mode_5_shot_made.yaml'}
2020-03-24 18:38:34,436 : INFO : AssetManager : Registering Asset: sh_mode_6_shot_made, File: sh_mode_6_shot_made.yaml, Default Group: default, Final Config: {'load': 'preload', 'file': 'E:\\MPF\\wows\\wows\\shows\\sh_mode_6_shot_made.yaml'}
2020-03-24 18:38:34,436 : INFO : AssetManager : Registering Asset: sh_mode_7_shot_made, File: sh_mode_7_shot_made.yaml, Default Group: default, Final Config: {'load': 'preload', 'file': 'E:\\MPF\\wows\\wows\\shows\\sh_mode_7_shot_made.yaml'}
2020-03-24 18:38:34,436 : INFO : AssetManager : Registering Asset: sh_mode_8_shot_made, File: sh_mode_8_shot_made.yaml, Default Group: default, Final Config: {'load': 'preload', 'file': 'E:\\MPF\\wows\\wows\\shows\\sh_mode_8_shot_made.yaml'}
2020-03-24 18:38:34,436 : INFO : AssetManager : Registering Asset: sh_mode_9_shot_made, File: sh_mode_9_shot_made.yaml, Default Group: default, Final Config: {'load': 'preload', 'file': 'E:\\MPF\\wows\\wows\\shows\\sh_mode_9_shot_made.yaml'}
2020-03-24 18:38:34,439 : INFO : ConfigProcessor : Loading config from cache: C:\Users\schol\AppData\Local\Temp\6d62665f0d27f04673542af594d4fd9b.mpf_cache
2020-03-24 18:38:34,441 : INFO : EventManager : Event: ======'loading_assets'====== Args={'total': 9, 'loaded': 1, 'remaining': 8, 'percent': 11}
2020-03-24 18:38:34,441 : INFO : AssetManager : Loading assets: 1/9 (11%)
2020-03-24 18:38:34,442 : INFO : ConfigProcessor : Loading config from cache: C:\Users\schol\AppData\Local\Temp\9e890f4f58f205d8bba0abd84e3290c7.mpf_cache
2020-03-24 18:38:34,443 : INFO : ConfigProcessor : Loading config from cache: C:\Users\schol\AppData\Local\Temp\91df8e0ae0e44730ed622ea2efb74e97.mpf_cache
2020-03-24 18:38:34,443 : INFO : ConfigProcessor : Loading config from cache: C:\Users\schol\AppData\Local\Temp\69fdf32f8b1f00ca71933bfdf818d181.mpf_cache
2020-03-24 18:38:34,444 : INFO : ConfigProcessor : Loading config from cache: C:\Users\schol\AppData\Local\Temp\3078b120455821a73c8c6f8a1dceab4f.mpf_cache
2020-03-24 18:38:34,445 : INFO : ConfigProcessor : Loading config from cache: C:\Users\schol\AppData\Local\Temp\8d6f9c7ff9c39db68f4d155bf8492fbe.mpf_cache
2020-03-24 18:38:34,446 : INFO : ConfigProcessor : Loading config from cache: C:\Users\schol\AppData\Local\Temp\58d128190d1d0b57398f3d0bb3d51665.mpf_cache
2020-03-24 18:38:34,447 : INFO : ConfigProcessor : Loading config from cache: C:\Users\schol\AppData\Local\Temp\53b5443f454133ae1b362b3b93db77cb.mpf_cache
2020-03-24 18:38:34,447 : INFO : ConfigProcessor : Loading config from cache: C:\Users\schol\AppData\Local\Temp\92bd7ddb78685ce3872fdffddbf4066b.mpf_cache
2020-03-24 18:38:34,448 : INFO : EventManager : Event: ======'loading_assets'====== Args={'total': 9, 'loaded': 9, 'remaining': 0, 'percent': 100}
2020-03-24 18:38:34,448 : INFO : AssetManager : Asset loading took: 2.2815451622009277
2020-03-24 18:38:34,448 : INFO : EventManager : Event: ======'asset_loading_complete'====== Args={}
2020-03-24 18:38:34,448 : INFO : AssetManager : Loading assets: 9/9 (100%)
2020-03-24 18:38:34,448 : INFO : EventManager : Event: ======'init_phase_4'====== Args={}
2020-03-24 18:38:34,457 : INFO : EventManager : Event: ======'machine_var_audits_events_game_ended'====== Args={'value': 1, 'prev_value': None, 'change': True}
2020-03-24 18:38:34,457 : INFO : EventManager : Event: ======'machine_var_audits_events_game_started'====== Args={'value': 453, 'prev_value': None, 'change': True}
2020-03-24 18:38:34,457 : INFO : EventManager : Event: ======'machine_var_audits_player_score'====== Args={'value': {'average': 0.0, 'top': [0], 'total': 1}, 'prev_value': None, 'change': True}
2020-03-24 18:38:34,458 : INFO : EventManager : Event: ======'machine_var_audits_shots_battle_shot'====== Args={'value': 53, 'prev_value': None, 'change': True}
2020-03-24 18:38:34,458 : INFO : EventManager : Event: ======'machine_var_audits_shots_confederate_1'====== Args={'value': 9, 'prev_value': None, 'change': True}
2020-03-24 18:38:34,458 : INFO : EventManager : Event: ======'machine_var_audits_shots_confederate_2'====== Args={'value': 198, 'prev_value': None, 'change': True}
2020-03-24 18:38:34,458 : INFO : EventManager : Event: ======'machine_var_audits_shots_confederate_3'====== Args={'value': 87, 'prev_value': None, 'change': True}
2020-03-24 18:38:34,459 : INFO : EventManager : Event: ======'machine_var_audits_shots_confederate_4'====== Args={'value': 22, 'prev_value': None, 'change': True}
2020-03-24 18:38:34,459 : INFO : EventManager : Event: ======'machine_var_audits_shots_confederate_5'====== Args={'value': 7, 'prev_value': None, 'change': True}
2020-03-24 18:38:34,459 : INFO : EventManager : Event: ======'machine_var_audits_shots_confederate_6'====== Args={'value': 244, 'prev_value': None, 'change': True}
2020-03-24 18:38:34,459 : INFO : EventManager : Event: ======'machine_var_audits_shots_detonation'====== Args={'value': 41, 'prev_value': None, 'change': True}
2020-03-24 18:38:34,460 : INFO : EventManager : Event: ======'machine_var_audits_shots_detonation_lit'====== Args={'value': 132, 'prev_value': None, 'change': True}
2020-03-24 18:38:34,460 : INFO : EventManager : Event: ======'machine_var_audits_shots_jackpot_1'====== Args={'value': 37, 'prev_value': None, 'change': True}
2020-03-24 18:38:34,460 : INFO : EventManager : Event: ======'machine_var_audits_shots_jackpot_2'====== Args={'value': 35, 'prev_value': None, 'change': True}
2020-03-24 18:38:34,460 : INFO : EventManager : Event: ======'machine_var_audits_shots_jackpot_3'====== Args={'value': 55, 'prev_value': None, 'change': True}
2020-03-24 18:38:34,461 : INFO : EventManager : Event: ======'machine_var_audits_shots_jackpot_4'====== Args={'value': 32, 'prev_value': None, 'change': True}
2020-03-24 18:38:34,461 : INFO : EventManager : Event: ======'machine_var_audits_shots_jackpot_5'====== Args={'value': 32, 'prev_value': None, 'change': True}
2020-03-24 18:38:34,461 : INFO : EventManager : Event: ======'machine_var_audits_shots_jackpot_6'====== Args={'value': 33, 'prev_value': None, 'change': True}
2020-03-24 18:38:34,461 : INFO : EventManager : Event: ======'machine_var_audits_shots_lane_A'====== Args={'value': 9, 'prev_value': None, 'change': True}
2020-03-24 18:38:34,462 : INFO : EventManager : Event: ======'machine_var_audits_shots_lane_B'====== Args={'value': 10, 'prev_value': None, 'change': True}
2020-03-24 18:38:34,462 : INFO : EventManager : Event: ======'machine_var_audits_shots_lane_C'====== Args={'value': 11, 'prev_value': None, 'change': True}
2020-03-24 18:38:34,462 : INFO : EventManager : Event: ======'machine_var_audits_shots_lane_D'====== Args={'value': 17, 'prev_value': None, 'change': True}
2020-03-24 18:38:34,462 : INFO : EventManager : Event: ======'machine_var_audits_shots_lane_E'====== Args={'value': 16, 'prev_value': None, 'change': True}
2020-03-24 18:38:34,463 : INFO : EventManager : Event: ======'machine_var_audits_shots_lock_lit_1'====== Args={'value': 194, 'prev_value': None, 'change': True}
2020-03-24 18:38:34,463 : INFO : EventManager : Event: ======'machine_var_audits_shots_lock_lit_2'====== Args={'value': 240, 'prev_value': None, 'change': True}
2020-03-24 18:38:34,463 : INFO : EventManager : Event: ======'machine_var_audits_shots_ricochet_1'====== Args={'value': 3, 'prev_value': None, 'change': True}
2020-03-24 18:38:34,464 : INFO : EventManager : Event: ======'machine_var_audits_shots_ricochet_2'====== Args={'value': 4, 'prev_value': None, 'change': True}
2020-03-24 18:38:34,464 : INFO : EventManager : Event: ======'machine_var_audits_shots_ricochet_3'====== Args={'value': 3, 'prev_value': None, 'change': True}
2020-03-24 18:38:34,464 : INFO : EventManager : Event: ======'machine_var_audits_shots_ricochet_4'====== Args={'value': 1, 'prev_value': None, 'change': True}
2020-03-24 18:38:34,465 : INFO : EventManager : Event: ======'machine_var_audits_shots_ricochet_5'====== Args={'value': 2, 'prev_value': None, 'change': True}
2020-03-24 18:38:34,465 : INFO : EventManager : Event: ======'machine_var_audits_switches_s_bumper_1'====== Args={'value': 9, 'prev_value': None, 'change': True}
2020-03-24 18:38:34,465 : INFO : EventManager : Event: ======'machine_var_audits_switches_s_bumper_2'====== Args={'value': 7, 'prev_value': None, 'change': True}
2020-03-24 18:38:34,465 : INFO : EventManager : Event: ======'machine_var_audits_switches_s_bumper_3'====== Args={'value': 1, 'prev_value': None, 'change': True}
2020-03-24 18:38:34,466 : INFO : EventManager : Event: ======'machine_var_audits_switches_s_center_ramp'====== Args={'value': 13, 'prev_value': None, 'change': True}
2020-03-24 18:38:34,466 : INFO : EventManager : Event: ======'machine_var_audits_switches_s_citadel'====== Args={'value': 8, 'prev_value': None, 'change': True}
2020-03-24 18:38:34,466 : INFO : EventManager : Event: ======'machine_var_audits_switches_s_citadel_lock'====== Args={'value': 28, 'prev_value': None, 'change': True}
2020-03-24 18:38:34,467 : INFO : EventManager : Event: ======'machine_var_audits_switches_s_detonation'====== Args={'value': 132, 'prev_value': None, 'change': True}
2020-03-24 18:38:34,467 : INFO : EventManager : Event: ======'machine_var_audits_switches_s_dmg_1'====== Args={'value': 559, 'prev_value': None, 'change': True}
2020-03-24 18:38:34,467 : INFO : EventManager : Event: ======'machine_var_audits_switches_s_dmg_2'====== Args={'value': 14, 'prev_value': None, 'change': True}
2020-03-24 18:38:34,467 : INFO : EventManager : Event: ======'machine_var_audits_switches_s_dmg_3'====== Args={'value': 13, 'prev_value': None, 'change': True}
2020-03-24 18:38:34,468 : INFO : EventManager : Event: ======'machine_var_audits_switches_s_dmg_4'====== Args={'value': 5, 'prev_value': None, 'change': True}
2020-03-24 18:38:34,468 : INFO : EventManager : Event: ======'machine_var_audits_switches_s_dmg_5'====== Args={'value': 8, 'prev_value': None, 'change': True}
2020-03-24 18:38:34,469 : INFO : EventManager : Event: ======'machine_var_audits_switches_s_dmg_6'====== Args={'value': 5, 'prev_value': None, 'change': True}
2020-03-24 18:38:34,469 : INFO : EventManager : Event: ======'machine_var_audits_switches_s_dmg_7'====== Args={'value': 7, 'prev_value': None, 'change': True}
2020-03-24 18:38:34,469 : INFO : EventManager : Event: ======'machine_var_audits_switches_s_drop_target'====== Args={'value': 153, 'prev_value': None, 'change': True}
2020-03-24 18:38:34,470 : INFO : EventManager : Event: ======'machine_var_audits_switches_s_jet_hole'====== Args={'value': 0, 'prev_value': None, 'change': True}
2020-03-24 18:38:34,470 : INFO : EventManager : Event: ======'machine_var_audits_switches_s_jet_lane'====== Args={'value': 1, 'prev_value': None, 'change': True}
2020-03-24 18:38:34,471 : INFO : EventManager : Event: ======'machine_var_audits_switches_s_kickback'====== Args={'value': 0, 'prev_value': None, 'change': True}
2020-03-24 18:38:34,471 : INFO : EventManager : Event: ======'machine_var_audits_switches_s_kickback_target_1'====== Args={'value': 0, 'prev_value': None, 'change': True}
2020-03-24 18:38:34,472 : INFO : EventManager : Event: ======'machine_var_audits_switches_s_kickback_target_2'====== Args={'value': 0, 'prev_value': None, 'change': True}
2020-03-24 18:38:34,472 : INFO : EventManager : Event: ======'machine_var_audits_switches_s_kickback_target_3'====== Args={'value': 2, 'prev_value': None, 'change': True}
2020-03-24 18:38:34,473 : INFO : EventManager : Event: ======'machine_var_audits_switches_s_kickback_terget_1'====== Args={'value': 0, 'prev_value': None, 'change': True}
2020-03-24 18:38:34,473 : INFO : EventManager : Event: ======'machine_var_audits_switches_s_left_flipper'====== Args={'value': 72, 'prev_value': None, 'change': True}
2020-03-24 18:38:34,473 : INFO : EventManager : Event: ======'machine_var_audits_switches_s_left_hole'====== Args={'value': 0, 'prev_value': None, 'change': True}
2020-03-24 18:38:34,474 : INFO : EventManager : Event: ======'machine_var_audits_switches_s_left_inlane'====== Args={'value': 11, 'prev_value': None, 'change': True}
2020-03-24 18:38:34,474 : INFO : EventManager : Event: ======'machine_var_audits_switches_s_left_loop_made'====== Args={'value': 23, 'prev_value': None, 'change': True}
2020-03-24 18:38:34,475 : INFO : EventManager : Event: ======'machine_var_audits_switches_s_left_loop_pre'====== Args={'value': 1, 'prev_value': None, 'change': True}
2020-03-24 18:38:34,475 : INFO : EventManager : Event: ======'machine_var_audits_switches_s_left_mid_inlane'====== Args={'value': 10, 'prev_value': None, 'change': True}
2020-03-24 18:38:34,475 : INFO : EventManager : Event: ======'machine_var_audits_switches_s_left_outlane'====== Args={'value': 9, 'prev_value': None, 'change': True}
2020-03-24 18:38:34,476 : INFO : EventManager : Event: ======'machine_var_audits_switches_s_left_ramp_made'====== Args={'value': 220, 'prev_value': None, 'change': True}
2020-03-24 18:38:34,476 : INFO : EventManager : Event: ======'machine_var_audits_switches_s_left_ramp_pre'====== Args={'value': 2, 'prev_value': None, 'change': True}
2020-03-24 18:38:34,476 : INFO : EventManager : Event: ======'machine_var_audits_switches_s_left_slingshot'====== Args={'value': 0, 'prev_value': None, 'change': True}
2020-03-24 18:38:34,477 : INFO : EventManager : Event: ======'machine_var_audits_switches_s_lock_1'====== Args={'value': 114, 'prev_value': None, 'change': True}
2020-03-24 18:38:34,477 : INFO : EventManager : Event: ======'machine_var_audits_switches_s_lock_2'====== Args={'value': 119, 'prev_value': None, 'change': True}
2020-03-24 18:38:34,477 : INFO : EventManager : Event: ======'machine_var_audits_switches_s_lock_3'====== Args={'value': 171, 'prev_value': None, 'change': True}
2020-03-24 18:38:34,478 : INFO : EventManager : Event: ======'machine_var_audits_switches_s_magnet_switch'====== Args={'value': 0, 'prev_value': None, 'change': True}
2020-03-24 18:38:34,478 : INFO : EventManager : Event: ======'machine_var_audits_switches_s_main_hole'====== Args={'value': 145, 'prev_value': None, 'change': True}
2020-03-24 18:38:34,478 : INFO : EventManager : Event: ======'machine_var_audits_switches_s_pen_1'====== Args={'value': 2, 'prev_value': None, 'change': True}
2020-03-24 18:38:34,479 : INFO : EventManager : Event: ======'machine_var_audits_switches_s_pen_2'====== Args={'value': 2, 'prev_value': None, 'change': True}
2020-03-24 18:38:34,479 : INFO : EventManager : Event: ======'machine_var_audits_switches_s_pen_3'====== Args={'value': 1, 'prev_value': None, 'change': True}
2020-03-24 18:38:34,480 : INFO : EventManager : Event: ======'machine_var_audits_switches_s_pen_4'====== Args={'value': 3, 'prev_value': None, 'change': True}
2020-03-24 18:38:34,480 : INFO : EventManager : Event: ======'machine_var_audits_switches_s_pen_5'====== Args={'value': 1, 'prev_value': None, 'change': True}
2020-03-24 18:38:34,480 : INFO : EventManager : Event: ======'machine_var_audits_switches_s_pen_6'====== Args={'value': 3, 'prev_value': None, 'change': True}
2020-03-24 18:38:34,481 : INFO : EventManager : Event: ======'machine_var_audits_switches_s_plunger'====== Args={'value': 675, 'prev_value': None, 'change': True}
2020-03-24 18:38:34,481 : INFO : EventManager : Event: ======'machine_var_audits_switches_s_plunger_button'====== Args={'value': 2, 'prev_value': None, 'change': True}
2020-03-24 18:38:34,482 : INFO : EventManager : Event: ======'machine_var_audits_switches_s_ricochet_1'====== Args={'value': 27, 'prev_value': None, 'change': True}
2020-03-24 18:38:34,482 : INFO : EventManager : Event: ======'machine_var_audits_switches_s_ricochet_2'====== Args={'value': 11, 'prev_value': None, 'change': True}
2020-03-24 18:38:34,482 : INFO : EventManager : Event: ======'machine_var_audits_switches_s_ricochet_3'====== Args={'value': 5, 'prev_value': None, 'change': True}
2020-03-24 18:38:34,483 : INFO : EventManager : Event: ======'machine_var_audits_switches_s_ricochet_4'====== Args={'value': 6, 'prev_value': None, 'change': True}
2020-03-24 18:38:34,483 : INFO : EventManager : Event: ======'machine_var_audits_switches_s_ricochet_5'====== Args={'value': 7, 'prev_value': None, 'change': True}
2020-03-24 18:38:34,484 : INFO : EventManager : Event: ======'machine_var_audits_switches_s_right_flipper'====== Args={'value': 700, 'prev_value': None, 'change': True}
2020-03-24 18:38:34,484 : INFO : EventManager : Event: ======'machine_var_audits_switches_s_right_hole'====== Args={'value': 26, 'prev_value': None, 'change': True}
2020-03-24 18:38:34,484 : INFO : EventManager : Event: ======'machine_var_audits_switches_s_right_inlane'====== Args={'value': 17, 'prev_value': None, 'change': True}
2020-03-24 18:38:34,485 : INFO : EventManager : Event: ======'machine_var_audits_switches_s_right_loop_made'====== Args={'value': 5, 'prev_value': None, 'change': True}
2020-03-24 18:38:34,485 : INFO : EventManager : Event: ======'machine_var_audits_switches_s_right_loop_pre'====== Args={'value': 2, 'prev_value': None, 'change': True}
2020-03-24 18:38:34,486 : INFO : EventManager : Event: ======'machine_var_audits_switches_s_right_outlane'====== Args={'value': 16, 'prev_value': None, 'change': True}
2020-03-24 18:38:34,486 : INFO : EventManager : Event: ======'machine_var_audits_switches_s_right_ramp_made'====== Args={'value': 260, 'prev_value': None, 'change': True}
2020-03-24 18:38:34,487 : INFO : EventManager : Event: ======'machine_var_audits_switches_s_right_ramp_pre'====== Args={'value': 0, 'prev_value': None, 'change': True}
2020-03-24 18:38:34,487 : INFO : EventManager : Event: ======'machine_var_audits_switches_s_right_slingshot'====== Args={'value': 0, 'prev_value': None, 'change': True}
2020-03-24 18:38:34,488 : INFO : EventManager : Event: ======'machine_var_audits_switches_s_right_small_ramp'====== Args={'value': 0, 'prev_value': None, 'change': True}
2020-03-24 18:38:34,489 : INFO : EventManager : Event: ======'machine_var_audits_switches_s_side_hole'====== Args={'value': 192, 'prev_value': None, 'change': True}
2020-03-24 18:38:34,489 : INFO : EventManager : Event: ======'machine_var_audits_switches_s_side_ramp_made'====== Args={'value': 171, 'prev_value': None, 'change': True}
2020-03-24 18:38:34,490 : INFO : EventManager : Event: ======'machine_var_audits_switches_s_side_ramp_pre'====== Args={'value': 2, 'prev_value': None, 'change': True}
2020-03-24 18:38:34,490 : INFO : EventManager : Event: ======'machine_var_audits_switches_s_start'====== Args={'value': 15, 'prev_value': None, 'change': True}
2020-03-24 18:38:34,491 : INFO : EventManager : Event: ======'machine_var_audits_switches_s_torpedo'====== Args={'value': 109, 'prev_value': None, 'change': True}
2020-03-24 18:38:34,491 : INFO : EventManager : Event: ======'machine_var_audits_switches_s_torpedo_lane'====== Args={'value': 2, 'prev_value': None, 'change': True}
2020-03-24 18:38:34,492 : INFO : EventManager : Event: ======'machine_var_audits_switches_s_trough1'====== Args={'value': 19, 'prev_value': None, 'change': True}
2020-03-24 18:38:34,492 : INFO : EventManager : Event: ======'machine_var_audits_switches_s_trough2'====== Args={'value': 9, 'prev_value': None, 'change': True}
2020-03-24 18:38:34,493 : INFO : EventManager : Event: ======'machine_var_audits_switches_s_trough3'====== Args={'value': 12, 'prev_value': None, 'change': True}
2020-03-24 18:38:34,493 : INFO : EventManager : Event: ======'machine_var_audits_switches_s_trough4'====== Args={'value': 3, 'prev_value': None, 'change': True}
2020-03-24 18:38:34,494 : INFO : EventManager : Event: ======'machine_var_audits_switches_s_trough5'====== Args={'value': 0, 'prev_value': None, 'change': True}
2020-03-24 18:38:34,494 : INFO : EventManager : Event: ======'machine_var_audits_switches_s_trough6'====== Args={'value': 1, 'prev_value': None, 'change': True}
2020-03-24 18:38:34,494 : INFO : EventManager : Event: ======'machine_var_audits_switches_s_trough_jam'====== Args={'value': 0, 'prev_value': None, 'change': True}
2020-03-24 18:38:34,495 : INFO : EventManager : Event: ======'init_phase_5'====== Args={}
2020-03-24 18:38:34,542 : INFO : EventManager : Event: ======'init_done'====== Args={}
2020-03-24 18:38:34,542 : INFO : EventManager : Event: ======'machine_reset_phase_1'====== Args={}
2020-03-24 18:38:34,554 : INFO : EventManager : Event: ======'machine_reset_phase_2'====== Args={}
2020-03-24 18:38:34,554 : INFO : EventManager : Event: ======'machine_reset_phase_3'====== Args={}
2020-03-24 18:38:34,555 : INFO : EventManager : Event: ======'reset_complete'====== Args={}
2020-03-24 18:38:34,555 : INFO : EventManager : Event: ======'mode_attract_will_start'====== Args={}
2020-03-24 18:38:34,556 : INFO : EventManager : Event: ======'mode_attract_starting'====== Args={}
2020-03-24 18:38:34,556 : INFO : Mode.attract : Started. Priority: 10
2020-03-24 18:38:34,556 : INFO : EventManager : Event: ======'mode_attract_started'====== Args={}
2020-03-24 18:38:34,556 : INFO : EventManager : Event: ======'collecting_balls_complete'====== Args={}
2020-03-24 18:38:34,590 : INFO : Machine : Starting the main run loop.
2020-03-24 18:38:34,860 : INFO : BcpServer : New client connected.
2020-03-24 18:38:43,052 : INFO : SwitchController : <<<<<<< 's_start' active >>>>>>>
2020-03-24 18:38:43,150 : INFO : SwitchController : <<<<<<< 's_start' inactive >>>>>>>
2020-03-24 18:38:43,150 : INFO : EventManager : Event: ======'request_to_start_game'====== Args={}
2020-03-24 18:38:43,151 : INFO : EventManager : Event: ======'game_start'====== Args={'buttons': [], 'hold_time': 0.09399999999732245}
2020-03-24 18:38:43,151 : INFO : EventManager : Event: ======'mode_game_will_start'====== Args={'buttons': [], 'hold_time': 0.09399999999732245}
2020-03-24 18:38:43,152 : INFO : EventManager : Event: ======'mode_game_starting'====== Args={'buttons': [], 'hold_time': 0.09399999999732245}
2020-03-24 18:38:43,152 : INFO : EventManager : Event: ======'mode_attract_will_stop'====== Args={}
2020-03-24 18:38:43,152 : INFO : EventManager : Event: ======'mode_attract_stopping'====== Args={}
2020-03-24 18:38:43,152 : INFO : Mode.attract : Stopped.
2020-03-24 18:38:43,152 : INFO : EventManager : Event: ======'mode_attract_stopped'====== Args={}
2020-03-24 18:38:43,153 : INFO : EventManager : Event: ======'clear'====== Args={'key': 'attract'}
2020-03-24 18:38:43,153 : INFO : Mode.game : Started. Priority: 20
2020-03-24 18:38:43,153 : INFO : EventManager : Event: ======'mode_game_started'====== Args={'buttons': [], 'hold_time': 0.09399999999732245}
2020-03-24 18:38:43,165 : INFO : EventManager : Event: ======'game_will_start'====== Args={}
2020-03-24 18:38:43,166 : INFO : EventManager : Event: ======'game_starting'====== Args={'game': <Mode.game>}
2020-03-24 18:38:43,166 : INFO : EventManager : Event: ======'player_add_request'====== Args={}
2020-03-24 18:38:43,167 : INFO : EventManager : Event: ======'player_will_add'====== Args={'number': 1}
2020-03-24 18:38:43,167 : INFO : EventManager : Event: ======'player_adding'====== Args={'player': <Player 1>, 'number': 1}
2020-03-24 18:38:43,168 : INFO : EventManager : Event: ======'player_added'====== Args={'player': <Player 1>, 'num': 1}
2020-03-24 18:38:43,168 : INFO : Mode.game : Player added successfully. Total players: 1
2020-03-24 18:38:43,168 : INFO : EventManager : Event: ======'player_index'====== Args={'value': 0, 'prev_value': 0, 'change': 0, 'player_num': 1}
2020-03-24 18:38:43,168 : INFO : EventManager : Event: ======'player_number'====== Args={'value': 1, 'prev_value': 1, 'change': 0, 'player_num': 1}
2020-03-24 18:38:43,168 : INFO : EventManager : Event: ======'player_ReceivedDMG'====== Args={'value': 1, 'prev_value': 1, 'change': 0, 'player_num': 1}
2020-03-24 18:38:43,169 : INFO : EventManager : Event: ======'player_DMGValue'====== Args={'value': 10000000, 'prev_value': 10000000, 'change': 0, 'player_num': 1}
2020-03-24 18:38:43,169 : INFO : EventManager : Event: ======'player_m1shotmade'====== Args={'value': 0, 'prev_value': 0, 'change': 0, 'player_num': 1}
2020-03-24 18:38:43,169 : INFO : EventManager : Event: ======'player_m2shotmade'====== Args={'value': 0, 'prev_value': 0, 'change': 0, 'player_num': 1}
2020-03-24 18:38:43,170 : INFO : EventManager : Event: ======'player_m3shotmade'====== Args={'value': 0, 'prev_value': 0, 'change': 0, 'player_num': 1}
2020-03-24 18:38:43,170 : INFO : EventManager : Event: ======'player_m4shotmade'====== Args={'value': 0, 'prev_value': 0, 'change': 0, 'player_num': 1}
2020-03-24 18:38:43,170 : INFO : EventManager : Event: ======'player_m5shotmade'====== Args={'value': 0, 'prev_value': 0, 'change': 0, 'player_num': 1}
2020-03-24 18:38:43,171 : INFO : EventManager : Event: ======'player_m6shotmade'====== Args={'value': 0, 'prev_value': 0, 'change': 0, 'player_num': 1}
2020-03-24 18:38:43,171 : INFO : EventManager : Event: ======'player_m7shotmade'====== Args={'value': 0, 'prev_value': 0, 'change': 0, 'player_num': 1}
2020-03-24 18:38:43,171 : INFO : EventManager : Event: ======'player_m8shotmade'====== Args={'value': 0, 'prev_value': 0, 'change': 0, 'player_num': 1}
2020-03-24 18:38:43,171 : INFO : EventManager : Event: ======'player_m9shotmade'====== Args={'value': 0, 'prev_value': 0, 'change': 0, 'player_num': 1}
2020-03-24 18:38:43,172 : INFO : EventManager : Event: ======'player_m1_active'====== Args={'value': 0, 'prev_value': 0, 'change': 0, 'player_num': 1}
2020-03-24 18:38:43,172 : INFO : EventManager : Event: ======'player_m2_active'====== Args={'value': 0, 'prev_value': 0, 'change': 0, 'player_num': 1}
2020-03-24 18:38:43,172 : INFO : EventManager : Event: ======'player_m3_active'====== Args={'value': 0, 'prev_value': 0, 'change': 0, 'player_num': 1}
2020-03-24 18:38:43,172 : INFO : EventManager : Event: ======'player_m4_active'====== Args={'value': 0, 'prev_value': 0, 'change': 0, 'player_num': 1}
2020-03-24 18:38:43,172 : INFO : EventManager : Event: ======'player_m5_active'====== Args={'value': 0, 'prev_value': 0, 'change': 0, 'player_num': 1}
2020-03-24 18:38:43,173 : INFO : EventManager : Event: ======'player_m6_active'====== Args={'value': 0, 'prev_value': 0, 'change': 0, 'player_num': 1}
2020-03-24 18:38:43,173 : INFO : EventManager : Event: ======'player_m7_active'====== Args={'value': 0, 'prev_value': 0, 'change': 0, 'player_num': 1}
2020-03-24 18:38:43,173 : INFO : EventManager : Event: ======'player_m8_active'====== Args={'value': 0, 'prev_value': 0, 'change': 0, 'player_num': 1}
2020-03-24 18:38:43,174 : INFO : EventManager : Event: ======'player_m9_active'====== Args={'value': 0, 'prev_value': 0, 'change': 0, 'player_num': 1}
2020-03-24 18:38:43,174 : INFO : EventManager : Event: ======'player_lock_lit_1_state'====== Args={'value': 0, 'prev_value': 0, 'change': 0, 'player_num': 1}
2020-03-24 18:38:43,174 : INFO : EventManager : Event: ======'player_lock_lit_2_state'====== Args={'value': 0, 'prev_value': 0, 'change': 0, 'player_num': 1}
2020-03-24 18:38:43,175 : INFO : EventManager : Event: ======'player_frezee_started'====== Args={'value': 0, 'prev_value': 0, 'change': 0, 'player_num': 1}
2020-03-24 18:38:43,175 : INFO : EventManager : Event: ======'player_timer_height'====== Args={'value': 0.0, 'prev_value': 0.0, 'change': 0, 'player_num': 1}
2020-03-24 18:38:43,175 : INFO : EventManager : Event: ======'player_citadel_number'====== Args={'value': 0, 'prev_value': 0, 'change': 0, 'player_num': 1}
2020-03-24 18:38:43,176 : INFO : EventManager : Event: ======'player_torpedo_number'====== Args={'value': 0, 'prev_value': 0, 'change': 0, 'player_num': 1}
2020-03-24 18:38:43,176 : INFO : EventManager : Event: ======'player_citadel_load_number'====== Args={'value': 3, 'prev_value': 3, 'change': 0, 'player_num': 1}
2020-03-24 18:38:43,176 : INFO : EventManager : Event: ======'player_torpedo_load_number'====== Args={'value': 3, 'prev_value': 3, 'change': 0, 'player_num': 1}
2020-03-24 18:38:43,177 : INFO : EventManager : Event: ======'player_citadel_ready'====== Args={'value': 0, 'prev_value': 0, 'change': 0, 'player_num': 1}
2020-03-24 18:38:43,177 : INFO : EventManager : Event: ======'player_torpedo_ready'====== Args={'value': 0, 'prev_value': 0, 'change': 0, 'player_num': 1}
2020-03-24 18:38:43,177 : INFO : EventManager : Event: ======'player_modeshotmade'====== Args={'value': 0, 'prev_value': 0, 'change': 0, 'player_num': 1}
2020-03-24 18:38:43,177 : INFO : EventManager : Event: ======'player_super_lock'====== Args={'value': 0, 'prev_value': 0, 'change': 0, 'player_num': 1}
2020-03-24 18:38:43,178 : INFO : EventManager : Event: ======'player_score'====== Args={'value': 0, 'prev_value': 0, 'change': 0, 'player_num': 1}
2020-03-24 18:38:43,178 : INFO : EventManager : Event: ======'game_started'====== Args={}
2020-03-24 18:38:43,215 : INFO : EventManager : Event: ======'player_turn_will_start'====== Args={'player': <Player 1>, 'number': 1}
2020-03-24 18:38:43,215 : INFO : EventManager : Event: ======'player_turn_starting'====== Args={'player': <Player 1>, 'number': 1}
2020-03-24 18:38:43,221 : INFO : EventManager : Event: ======'player_ball'====== Args={'value': 1, 'prev_value': 0, 'change': 1, 'player_num': 1}
2020-03-24 18:38:43,221 : INFO : EventManager : Event: ======'player_turn_started'====== Args={'player': <Player 1>, 'number': 1}
2020-03-24 18:38:43,222 : INFO : EventManager : Event: ======'ball_will_start'====== Args={'player': 1, 'ball': 1, 'balls_remaining': 2, 'is_extra_ball': False}
2020-03-24 18:38:43,232 : INFO : EventManager : Event: ======'ball_starting'====== Args={'player': 1, 'ball': 1, 'balls_remaining': 2, 'is_extra_ball': False}
2020-03-24 18:38:43,233 : INFO : EventManager : Event: ======'mode_mode_lit_will_start'====== Args={'queue': <QueuedEvent>, 'player': 1, 'ball': 1, 'balls_remaining': 2, 'is_extra_ball': False}
2020-03-24 18:38:43,234 : INFO : EventManager : Event: ======'achievement_mode_1_changed_state'====== Args={'restore': False, 'state': 'enabled', 'selected': False}
2020-03-24 18:38:43,234 : INFO : EventManager : Event: ======'achievement_mode_1_state_enabled'====== Args={'restore': False, 'state': 'enabled', 'selected': False}
2020-03-24 18:38:43,234 : INFO : EventManager : Event: ======'achievement_mode_2_changed_state'====== Args={'restore': False, 'state': 'enabled', 'selected': False}
2020-03-24 18:38:43,234 : INFO : EventManager : Event: ======'achievement_mode_2_state_enabled'====== Args={'restore': False, 'state': 'enabled', 'selected': False}
2020-03-24 18:38:43,235 : INFO : EventManager : Event: ======'achievement_mode_3_changed_state'====== Args={'restore': False, 'state': 'enabled', 'selected': False}
2020-03-24 18:38:43,236 : INFO : EventManager : Event: ======'achievement_mode_3_state_enabled'====== Args={'restore': False, 'state': 'enabled', 'selected': False}
2020-03-24 18:38:43,236 : INFO : EventManager : Event: ======'achievement_mode_4_changed_state'====== Args={'restore': False, 'state': 'enabled', 'selected': False}
2020-03-24 18:38:43,236 : INFO : EventManager : Event: ======'achievement_mode_4_state_enabled'====== Args={'restore': False, 'state': 'enabled', 'selected': False}
2020-03-24 18:38:43,237 : INFO : EventManager : Event: ======'achievement_mode_5_changed_state'====== Args={'restore': False, 'state': 'enabled', 'selected': False}
2020-03-24 18:38:43,237 : INFO : EventManager : Event: ======'achievement_mode_5_state_enabled'====== Args={'restore': False, 'state': 'enabled', 'selected': False}
2020-03-24 18:38:43,237 : INFO : EventManager : Event: ======'achievement_mode_6_changed_state'====== Args={'restore': False, 'state': 'enabled', 'selected': False}
2020-03-24 18:38:43,238 : INFO : EventManager : Event: ======'achievement_mode_6_state_enabled'====== Args={'restore': False, 'state': 'enabled', 'selected': False}
2020-03-24 18:38:43,238 : INFO : EventManager : Event: ======'achievement_mode_7_changed_state'====== Args={'restore': False, 'state': 'enabled', 'selected': False}
2020-03-24 18:38:43,238 : INFO : EventManager : Event: ======'achievement_mode_7_state_enabled'====== Args={'restore': False, 'state': 'enabled', 'selected': False}
2020-03-24 18:38:43,239 : INFO : EventManager : Event: ======'achievement_mode_8_changed_state'====== Args={'restore': False, 'state': 'enabled', 'selected': False}
2020-03-24 18:38:43,239 : INFO : EventManager : Event: ======'achievement_mode_8_state_enabled'====== Args={'restore': False, 'state': 'enabled', 'selected': False}
2020-03-24 18:38:43,239 : INFO : EventManager : Event: ======'achievement_mode_9_changed_state'====== Args={'restore': False, 'state': 'enabled', 'selected': False}
2020-03-24 18:38:43,240 : INFO : EventManager : Event: ======'achievement_mode_9_state_enabled'====== Args={'restore': False, 'state': 'enabled', 'selected': False}
2020-03-24 18:38:43,241 : INFO : EventManager : Event: ======'mode_mode_lit_starting'====== Args={'queue': <QueuedEvent>, 'player': 1, 'ball': 1, 'balls_remaining': 2, 'is_extra_ball': False}
2020-03-24 18:38:43,242 : INFO : EventManager : Event: ======'mode_base_will_start'====== Args={'queue': <QueuedEvent>, 'player': 1, 'ball': 1, 'balls_remaining': 2, 'is_extra_ball': False}
2020-03-24 18:38:43,242 : INFO : EventManager : Event: ======'mode_base_starting'====== Args={'queue': <QueuedEvent>, 'player': 1, 'ball': 1, 'balls_remaining': 2, 'is_extra_ball': False}
2020-03-24 18:38:43,243 : INFO : EventManager : Event: ======'achievement_mode_4_changed_state'====== Args={'restore': False, 'state': 'enabled', 'selected': True}
2020-03-24 18:38:43,243 : INFO : EventManager : Event: ======'achievement_mode_4_state_enabled'====== Args={'restore': False, 'state': 'enabled', 'selected': True}
2020-03-24 18:38:43,244 : INFO : EventManager : Event: ======'achievement_mode_4_state_selected'====== Args={'restore': False, 'state': 'enabled', 'selected': True}
2020-03-24 18:38:43,244 : INFO : Mode.base : Started. Priority: 100
2020-03-24 18:38:43,244 : INFO : EventManager : Event: ======'mode_base_started'====== Args={'queue': <QueuedEvent>, 'player': 1, 'ball': 1, 'balls_remaining': 2, 'is_extra_ball': False}
2020-03-24 18:38:43,245 : INFO : Mode.mode_lit : Started. Priority: 100
2020-03-24 18:38:43,245 : INFO : EventManager : Event: ======'mode_mode_lit_started'====== Args={'queue': <QueuedEvent>, 'player': 1, 'ball': 1, 'balls_remaining': 2, 'is_extra_ball': False}
2020-03-24 18:38:43,245 : INFO : EventManager : Event: ======'balls_in_play'====== Args={'balls': 1}
2020-03-24 18:38:43,245 : INFO : EventManager : Event: ======'ball_started'====== Args={'player': 1, 'ball': 1, 'balls_remaining': 2, 'is_extra_ball': False}
2020-03-24 18:38:43,246 : INFO : EventManager : Event: ======'mode_mode_manager_will_start'====== Args={'player': 1, 'ball': 1, 'balls_remaining': 2, 'is_extra_ball': False}
2020-03-24 18:38:43,251 : INFO : EventManager : Event: ======'mode_mode_manager_starting'====== Args={'player': 1, 'ball': 1, 'balls_remaining': 2, 'is_extra_ball': False}
2020-03-24 18:38:43,251 : INFO : EventManager : Event: ======'mode_salvo_lit_will_start'====== Args={'player': 1, 'ball': 1, 'balls_remaining': 2, 'is_extra_ball': False}
2020-03-24 18:38:43,251 : INFO : EventManager : Event: ======'player_shot_ricochet_1_enabled'====== Args={'value': True, 'prev_value': 0, 'change': 1, 'player_num': 1}
2020-03-24 18:38:43,252 : INFO : EventManager : Event: ======'player_shot_ricochet_2_enabled'====== Args={'value': True, 'prev_value': 0, 'change': 1, 'player_num': 1}
2020-03-24 18:38:43,253 : INFO : EventManager : Event: ======'player_shot_ricochet_3_enabled'====== Args={'value': True, 'prev_value': 0, 'change': 1, 'player_num': 1}
2020-03-24 18:38:43,253 : INFO : EventManager : Event: ======'player_shot_ricochet_4_enabled'====== Args={'value': True, 'prev_value': 0, 'change': 1, 'player_num': 1}
2020-03-24 18:38:43,254 : INFO : EventManager : Event: ======'player_shot_ricochet_5_enabled'====== Args={'value': True, 'prev_value': 0, 'change': 1, 'player_num': 1}
2020-03-24 18:38:43,255 : INFO : EventManager : Event: ======'ricochet_targets_complete'====== Args={'state': 'unlit'}
2020-03-24 18:38:43,255 : INFO : EventManager : Event: ======'ricochet_targets_unlit_complete'====== Args={}
2020-03-24 18:38:43,256 : INFO : EventManager : Event: ======'mode_salvo_lit_starting'====== Args={'player': 1, 'ball': 1, 'balls_remaining': 2, 'is_extra_ball': False}
2020-03-24 18:38:43,256 : INFO : EventManager : Event: ======'mode_container_lit_will_start'====== Args={'player': 1, 'ball': 1, 'balls_remaining': 2, 'is_extra_ball': False}
2020-03-24 18:38:43,256 : INFO : EventManager : Event: ======'player_shot_lane_A_enabled'====== Args={'value': True, 'prev_value': 0, 'change': 1, 'player_num': 1}
2020-03-24 18:38:43,256 : INFO : EventManager : Event: ======'player_shot_lane_B_enabled'====== Args={'value': True, 'prev_value': 0, 'change': 1, 'player_num': 1}
2020-03-24 18:38:43,257 : INFO : EventManager : Event: ======'player_shot_lane_C_enabled'====== Args={'value': True, 'prev_value': 0, 'change': 1, 'player_num': 1}
2020-03-24 18:38:43,258 : INFO : EventManager : Event: ======'player_shot_lane_D_enabled'====== Args={'value': True, 'prev_value': 0, 'change': 1, 'player_num': 1}
2020-03-24 18:38:43,258 : INFO : EventManager : Event: ======'player_shot_lane_E_enabled'====== Args={'value': True, 'prev_value': 0, 'change': 1, 'player_num': 1}
2020-03-24 18:38:43,259 : INFO : EventManager : Event: ======'container_lanes_complete'====== Args={'state': 'unlit'}
2020-03-24 18:38:43,259 : INFO : EventManager : Event: ======'container_lanes_unlit_complete'====== Args={}
2020-03-24 18:38:43,261 : INFO : EventManager : Event: ======'mode_container_lit_starting'====== Args={'player': 1, 'ball': 1, 'balls_remaining': 2, 'is_extra_ball': False}
2020-03-24 18:38:43,261 : INFO : EventManager : Event: ======'mode_battle_manager_will_start'====== Args={'player': 1, 'ball': 1, 'balls_remaining': 2, 'is_extra_ball': False}
2020-03-24 18:38:43,261 : INFO : EventManager : Event: ======'player_shot_battle_shot_enabled'====== Args={'value': True, 'prev_value': 0, 'change': 1, 'player_num': 1}
2020-03-24 18:38:43,264 : INFO : EventManager : Event: ======'mode_battle_manager_starting'====== Args={'player': 1, 'ball': 1, 'balls_remaining': 2, 'is_extra_ball': False}
2020-03-24 18:38:43,264 : INFO : EventManager : Event: ======'mode_detonation_will_start'====== Args={'player': 1, 'ball': 1, 'balls_remaining': 2, 'is_extra_ball': False}
2020-03-24 18:38:43,264 : INFO : EventManager : Event: ======'player_shot_detonation_lit_enabled'====== Args={'value': True, 'prev_value': 0, 'change': 1, 'player_num': 1}
2020-03-24 18:38:43,265 : INFO : EventManager : Event: ======'player_shot_detonation_enabled'====== Args={'value': False, 'prev_value': 0, 'change': 0, 'player_num': 1}
2020-03-24 18:38:43,266 : INFO : EventManager : Event: ======'mode_detonation_starting'====== Args={'player': 1, 'ball': 1, 'balls_remaining': 2, 'is_extra_ball': False}
2020-03-24 18:38:43,266 : INFO : EventManager : Event: ======'mode_value_manager_will_start'====== Args={'player': 1, 'ball': 1, 'balls_remaining': 2, 'is_extra_ball': False}
2020-03-24 18:38:43,266 : ERROR : Machine : value_manager mode's variable_player: section contains a "ball_started:" event which is also in the start_events: for the value_manager mode. Change the variable_player: ball_started: event name to "mode_value_manager_started:"
2020-03-24 18:38:43,266 : ERROR : asyncio : Exception in callback EventManager.process_event_queue()
handle: <Handle EventManager.process_event_queue()>
Traceback (most recent call last):
  File "c:\users\schol\appdata\local\programs\python\python36\lib\site-packages\mpf\core\events.py", line 665, in _run_handlers
    result = handler.callback(**merged_kwargs)
  File "c:\users\schol\appdata\local\programs\python\python36\lib\site-packages\mpf\core\mode.py", line 211, in start
    **item.kwargs)
  File "c:\users\schol\appdata\local\programs\python\python36\lib\site-packages\mpf\core\config_player.py", line 203, in mode_start
    event_keys = self.register_player_events(config, mode, priority)
  File "c:\users\schol\appdata\local\programs\python\python36\lib\site-packages\mpf\core\config_player.py", line 301, in register_player_events
    mode.name, self.config_file_section, event))
ValueError: value_manager mode's variable_player: section contains a "ball_started:" event which is also in the start_events: for the value_manager mode. Change the variable_player: ball_started: event name to "mode_value_manager_started:"

The above exception was the direct cause of the following exception:

Traceback (most recent call last):
  File "c:\users\schol\appdata\local\programs\python\python36\lib\asyncio\events.py", line 145, in _run
    self._callback(*self._args)
  File "c:\users\schol\appdata\local\programs\python\python36\lib\site-packages\mpf\core\events.py", line 752, in process_event_queue
    **event[3])
  File "c:\users\schol\appdata\local\programs\python\python36\lib\site-packages\mpf\core\events.py", line 711, in _process_event
    result = self._run_handlers(event, ev_type, kwargs)
  File "c:\users\schol\appdata\local\programs\python\python36\lib\site-packages\mpf\core\events.py", line 667, in _run_handlers
    raise Exception("Exception while processing {} for event {}".format(handler, event)) from e
Exception: Exception while processing RegisteredHandler(callback=<bound method Mode.start of <Mode.value_manager>>, priority=100, kwargs={}, key=UUID('213c9fb3-37cc-4768-8918-860080302d36'), condition=None, blocking_facility=None) for event ball_started
2020-03-24 18:38:43,322 : INFO : Mode.detonation : Started. Priority: 100
2020-03-24 18:38:43,322 : INFO : EventManager : Event: ======'mode_detonation_started'====== Args={'player': 1, 'ball': 1, 'balls_remaining': 2, 'is_extra_ball': False}
2020-03-24 18:38:43,322 : INFO : Mode.container_lit : Started. Priority: 100
2020-03-24 18:38:43,322 : INFO : EventManager : Event: ======'mode_container_lit_started'====== Args={'player': 1, 'ball': 1, 'balls_remaining': 2, 'is_extra_ball': False}
2020-03-24 18:38:43,323 : INFO : Mode.salvo_lit : Started. Priority: 100
2020-03-24 18:38:43,323 : INFO : EventManager : Event: ======'mode_salvo_lit_started'====== Args={'player': 1, 'ball': 1, 'balls_remaining': 2, 'is_extra_ball': False}
2020-03-24 18:38:43,323 : INFO : Mode.mode_manager : Started. Priority: 300
2020-03-24 18:38:43,323 : INFO : EventManager : Event: ======'mode_mode_manager_started'====== Args={'player': 1, 'ball': 1, 'balls_remaining': 2, 'is_extra_ball': False}
2020-03-24 18:38:43,364 : INFO : EventManager : Event: ======'logicblock_battle_counter_updated'====== Args={'value': 5, 'enabled': False}
2020-03-24 18:38:43,364 : INFO : Mode.battle_manager : Started. Priority: 100
2020-03-24 18:38:43,364 : INFO : EventManager : Event: ======'mode_battle_manager_started'====== Args={'player': 1, 'ball': 1, 'balls_remaining': 2, 'is_extra_ball': False}
2020-03-24 18:38:43,393 : INFO : Machine : Shutting down...
2020-03-24 18:38:43,393 : INFO : EventManager : Event: ======'shutdown'====== Args={}
2020-03-24 18:38:43,395 : ERROR : Machine : Runtime Exception
Traceback (most recent call last):
  File "c:\users\schol\appdata\local\programs\python\python36\lib\site-packages\mpf\core\events.py", line 665, in _run_handlers
    result = handler.callback(**merged_kwargs)
  File "c:\users\schol\appdata\local\programs\python\python36\lib\site-packages\mpf\core\mode.py", line 211, in start
    **item.kwargs)
  File "c:\users\schol\appdata\local\programs\python\python36\lib\site-packages\mpf\core\config_player.py", line 203, in mode_start
    event_keys = self.register_player_events(config, mode, priority)
  File "c:\users\schol\appdata\local\programs\python\python36\lib\site-packages\mpf\core\config_player.py", line 301, in register_player_events
    mode.name, self.config_file_section, event))
ValueError: value_manager mode's variable_player: section contains a "ball_started:" event which is also in the start_events: for the value_manager mode. Change the variable_player: ball_started: event name to "mode_value_manager_started:"

The above exception was the direct cause of the following exception:

Traceback (most recent call last):
  File "c:\users\schol\appdata\local\programs\python\python36\lib\site-packages\mpf\core\machine.py", line 765, in _run_loop
    raise self._exception['exception']
  File "c:\users\schol\appdata\local\programs\python\python36\lib\asyncio\events.py", line 145, in _run
    self._callback(*self._args)
  File "c:\users\schol\appdata\local\programs\python\python36\lib\site-packages\mpf\core\events.py", line 752, in process_event_queue
    **event[3])
  File "c:\users\schol\appdata\local\programs\python\python36\lib\site-packages\mpf\core\events.py", line 711, in _process_event
    result = self._run_handlers(event, ev_type, kwargs)
  File "c:\users\schol\appdata\local\programs\python\python36\lib\site-packages\mpf\core\events.py", line 667, in _run_handlers
    raise Exception("Exception while processing {} for event {}".format(handler, event)) from e
Exception: Exception while processing RegisteredHandler(callback=<bound method Mode.start of <Mode.value_manager>>, priority=100, kwargs={}, key=UUID('213c9fb3-37cc-4768-8918-860080302d36'), condition=None, blocking_facility=None) for event ball_started
2020-03-24 18:38:43,405 : INFO : root : MPF run loop ended.
