2020-04-04 12:46:10,645 : INFO : Machine : Mission Pinball Framework Core Engine v0.53.2
2020-04-04 12:46:10,645 : INFO : Machine : Command line arguments: {'no_load_cache': False, 'create_config_cache': True, 'bcp': True, 'configfile': ['config.yaml'], 'mpfconfigfile': 'c:\\users\\schol\\appdata\\local\\programs\\python\\python36\\lib\\site-packages\\mpf\\mpfconfig.yaml', 'force_assets_load': False, 'jsonlogging': False, 'logfile': 'logs\\2020-04-04-12-46-10-mpf-DESKTOP-FPTMTCL.log', 'pause': False, 'production': False, 'text_ui': True, 'loglevel': 15, 'consoleloglevel': 20, 'force_platform': 'smart_virtual', 'syslog_address': None, 'mc_file_name': None, 'no_sound': False}
2020-04-04 12:46:10,645 : INFO : Machine : MPF path: c:\users\schol\appdata\local\programs\python\python36\lib\site-packages\mpf
2020-04-04 12:46:10,645 : INFO : Machine : Machine path: E:\MPF\wows\wows
2020-04-04 12:46:10,645 : INFO : Machine : Platform: win32
2020-04-04 12:46:10,645 : INFO : Machine : Python executable location: c:\users\schol\appdata\local\programs\python\python36\python.exe
2020-04-04 12:46:10,645 : INFO : Machine : Python version: 3.6.4 (64-bit)
2020-04-04 12:46:10,645 : INFO : Machine : Machine config file #1: config.yaml
2020-04-04 12:46:10,648 : INFO : ConfigProcessor : Loading config from cache: C:\Users\schol\AppData\Local\Temp\1ed54315bc874a19390ba34e1a0f1800.mpf_cache
2020-04-04 12:46:10,655 : INFO : Machine : Initialise MPF.
2020-04-04 12:46:10,992 : INFO : ConfigValidator : Config spec file cache created: C:\Users\schol\AppData\Local\Temp\config_spec.mpf_cache
2020-04-04 12:46:11,522 : INFO : EventManager : Event: ======'machine_var_credits_string'====== Args={'value': 'FREE PLAY', 'prev_value': None, 'change': True}
2020-04-04 12:46:11,589 : INFO : EventManager : Event: ======'machine_var_player1_score'====== Args={'value': 0, 'prev_value': None, 'change': True}
2020-04-04 12:46:11,589 : INFO : EventManager : Event: ======'machine_var_mpf_version'====== Args={'value': 'MPF v0.53.2', 'prev_value': None, 'change': True}
2020-04-04 12:46:11,589 : INFO : EventManager : Event: ======'machine_var_mpf_extended_version'====== Args={'value': 'MPF v0.53.2, Config version:5, Show version: 5, BCP version:1.1', 'prev_value': None, 'change': True}
2020-04-04 12:46:11,589 : INFO : EventManager : Event: ======'machine_var_python_version'====== Args={'value': '3.6.4', 'prev_value': None, 'change': True}
2020-04-04 12:46:11,590 : INFO : EventManager : Event: ======'machine_var_platform'====== Args={'value': 'Windows-10-10.0.18362-SP0', 'prev_value': None, 'change': True}
2020-04-04 12:46:11,590 : INFO : EventManager : Event: ======'machine_var_platform_system'====== Args={'value': 'Windows', 'prev_value': None, 'change': True}
2020-04-04 12:46:11,590 : INFO : EventManager : Event: ======'machine_var_platform_release'====== Args={'value': '10', 'prev_value': None, 'change': True}
2020-04-04 12:46:11,590 : INFO : EventManager : Event: ======'machine_var_platform_version'====== Args={'value': '10.0.18362', 'prev_value': None, 'change': True}
2020-04-04 12:46:11,590 : INFO : EventManager : Event: ======'machine_var_platform_machine'====== Args={'value': 'AMD64', 'prev_value': None, 'change': True}
2020-04-04 12:46:11,590 : INFO : EventManager : Event: ======'init_phase_1'====== Args={}
2020-04-04 12:46:11,694 : INFO : ConfigProcessor : Loading config from cache: C:\Users\schol\AppData\Local\Temp\d5fd805c5432c1441bf01a6268536a3d.mpf_cache
2020-04-04 12:46:11,704 : INFO : ConfigProcessor : Loading config from cache: C:\Users\schol\AppData\Local\Temp\b0de444617e3bf30a07f755a6d4831cc.mpf_cache
2020-04-04 12:46:11,710 : INFO : ConfigProcessor : Loading config from cache: C:\Users\schol\AppData\Local\Temp\ba047bbdc168fca96d58d351c4240916.mpf_cache
2020-04-04 12:46:11,718 : INFO : ConfigProcessor : Loading config from cache: C:\Users\schol\AppData\Local\Temp\c84d6d08bf6f923cbcccfeeea02d2c8a.mpf_cache
2020-04-04 12:46:11,723 : INFO : ConfigProcessor : Loading config from cache: C:\Users\schol\AppData\Local\Temp\72e9fea1cb562e40024eb5e8538ccaf2.mpf_cache
2020-04-04 12:46:11,729 : INFO : ConfigProcessor : Loading config from cache: C:\Users\schol\AppData\Local\Temp\5c4497fcd69d1d656c4b69a28e44c490.mpf_cache
2020-04-04 12:46:11,740 : INFO : ConfigProcessor : Loading config from cache: C:\Users\schol\AppData\Local\Temp\de2d3fc178b15ce3807fa4ab35b9c965.mpf_cache
2020-04-04 12:46:11,746 : INFO : ConfigProcessor : Loading config from cache: C:\Users\schol\AppData\Local\Temp\b1234e2c44a33609dc2af4760c4a3f89.mpf_cache
2020-04-04 12:46:11,752 : WARNING : ConfigProcessor : Cache file not found: C:\Users\schol\AppData\Local\Temp\dec453850496132f8dddcdfa0a36feb5.mpf_cache
2020-04-04 12:46:11,752 : INFO : ConfigProcessor : Loading config from file E:\MPF\wows\wows\modes\base\config\base.yaml.
2020-04-04 12:46:11,758 : INFO : ConfigProcessor : Loading config: E:\MPF\wows\wows\modes\base\config\base.yaml
2020-04-04 12:46:11,759 : INFO : ConfigProcessor : Config file cache created: C:\Users\schol\AppData\Local\Temp\dec453850496132f8dddcdfa0a36feb5.mpf_cache
2020-04-04 12:46:11,761 : INFO : ConfigProcessor : Loading config from cache: C:\Users\schol\AppData\Local\Temp\2f89b2ab1d9f3cef79a660914b2a527a.mpf_cache
2020-04-04 12:46:11,768 : INFO : ConfigProcessor : Loading config from cache: C:\Users\schol\AppData\Local\Temp\95e265efe14e4eb05d8d5c5689c9ae6b.mpf_cache
2020-04-04 12:46:11,774 : INFO : ConfigProcessor : Loading config from cache: C:\Users\schol\AppData\Local\Temp\159a0b7ffc6de2ed1a8cdcd57b7df3c0.mpf_cache
2020-04-04 12:46:11,780 : INFO : ConfigProcessor : Loading config from cache: C:\Users\schol\AppData\Local\Temp\e8fceecd8f65a6a7269e98c7961bbf6a.mpf_cache
2020-04-04 12:46:11,786 : INFO : ConfigProcessor : Loading config from cache: C:\Users\schol\AppData\Local\Temp\466eddfec572894d9eb472ce07aa5fba.mpf_cache
2020-04-04 12:46:11,792 : INFO : ConfigProcessor : Loading config from cache: C:\Users\schol\AppData\Local\Temp\200a9b2dddbe7706ffb4c4426b6d54a8.mpf_cache
2020-04-04 12:46:11,797 : INFO : ConfigProcessor : Loading config from cache: C:\Users\schol\AppData\Local\Temp\4303dca7489148da2d256fc831cf8c96.mpf_cache
2020-04-04 12:46:11,803 : INFO : ConfigProcessor : Loading config from cache: C:\Users\schol\AppData\Local\Temp\95ae88fb094583fa2b4097c6df179650.mpf_cache
2020-04-04 12:46:11,809 : INFO : ConfigProcessor : Loading config from cache: C:\Users\schol\AppData\Local\Temp\1ff29be1d22fb14fe5fd1c82a6918df4.mpf_cache
2020-04-04 12:46:11,815 : INFO : ConfigProcessor : Loading config from cache: C:\Users\schol\AppData\Local\Temp\93429a2a8e0859f6546b68f40c2a4656.mpf_cache
2020-04-04 12:46:11,821 : INFO : ConfigProcessor : Loading config from cache: C:\Users\schol\AppData\Local\Temp\db3d1ab92e5d5c563b40d82372434517.mpf_cache
2020-04-04 12:46:11,827 : INFO : ConfigProcessor : Loading config from cache: C:\Users\schol\AppData\Local\Temp\5ab98d4be1e8de85bea62364890eb2e9.mpf_cache
2020-04-04 12:46:11,833 : INFO : ConfigProcessor : Loading config from cache: C:\Users\schol\AppData\Local\Temp\0c80ca2179989d09b86c78c19ec87d9b.mpf_cache
2020-04-04 12:46:11,839 : INFO : ConfigProcessor : Loading config from cache: C:\Users\schol\AppData\Local\Temp\7c1900736275ba8a713cfe77e991e929.mpf_cache
2020-04-04 12:46:11,878 : INFO : EventManager : Event: ======'main_state'====== Args={}
2020-04-04 12:46:11,878 : INFO : EventManager : Event: ======'lock_lit_started'====== Args={}
2020-04-04 12:46:11,878 : INFO : EventManager : Event: ======'disable_mode'====== Args={}
2020-04-04 12:46:11,878 : INFO : EventManager : Event: ======'multiball_inactive'====== Args={}
2020-04-04 12:46:11,878 : INFO : EventManager : Event: ======'lite_detonation_start'====== Args={}
2020-04-04 12:46:11,878 : WARNING : Mode.mode_lit : Can only start mode mode_lit during a game. Aborting start.
2020-04-04 12:46:11,878 : WARNING : Mode.value_manager : Can only start mode value_manager during a game. Aborting start.
2020-04-04 12:46:11,879 : WARNING : Mode.confederate : Can only start mode confederate during a game. Aborting start.
2020-04-04 12:46:11,879 : WARNING : Mode.hc_lock_lit : Can only start mode hc_lock_lit during a game. Aborting start.
2020-04-04 12:46:11,879 : WARNING : Mode.battle_manager : Can only start mode battle_manager during a game. Aborting start.
2020-04-04 12:46:11,879 : INFO : EventManager : Event: ======'init_phase_2'====== Args={}
2020-04-04 12:46:11,880 : INFO : SwitchController : Found active switch: ('2', <Platform.SmartVirtual>)
2020-04-04 12:46:11,880 : INFO : SwitchController : Found active switch: ('3', <Platform.SmartVirtual>)
2020-04-04 12:46:11,880 : INFO : SwitchController : Found active switch: ('4', <Platform.SmartVirtual>)
2020-04-04 12:46:11,880 : INFO : SwitchController : Found active switch: ('5', <Platform.SmartVirtual>)
2020-04-04 12:46:11,880 : INFO : SwitchController : Found active switch: ('6', <Platform.SmartVirtual>)
2020-04-04 12:46:11,880 : INFO : SwitchController : Found active switch: ('7', <Platform.SmartVirtual>)
2020-04-04 12:46:11,889 : INFO : EventManager : Event: ======'bcp_connection_attempt'====== Args={'name': 'local_display', 'host': 'localhost', 'port': 5050}
2020-04-04 12:46:11,891 : INFO : BCPClientSocket : Connecting BCP to 'local_display' at localhost:5050...
2020-04-04 12:46:15,410 : INFO : BCPClientSocket : Connected BCP to 'local_display' localhost:5050
2020-04-04 12:46:15,410 : INFO : EventManager : Event: ======'bcp_clients_connected'====== Args={}
2020-04-04 12:46:15,411 : ERROR : asyncio : Exception in callback EventManager.process_event_queue()
handle: <Handle EventManager.process_event_queue()>
Traceback (most recent call last):
  File "c:\users\schol\appdata\local\programs\python\python36\lib\site-packages\mpf\core\events.py", line 665, in _run_handlers
    result = handler.callback(**merged_kwargs)
  File "c:\users\schol\appdata\local\programs\python\python36\lib\site-packages\mpf\core\text_ui.py", line 442, in _bcp_connected
    self.scene.remove_effect(self._pending_bcp_connection)
  File "c:\users\schol\appdata\local\programs\python\python36\lib\site-packages\asciimatics\scene.py", line 94, in remove_effect
    self._effects.remove(effect)
ValueError: list.remove(x): x not in list

The above exception was the direct cause of the following exception:

Traceback (most recent call last):
  File "c:\users\schol\appdata\local\programs\python\python36\lib\asyncio\events.py", line 145, in _run
    self._callback(*self._args)
  File "c:\users\schol\appdata\local\programs\python\python36\lib\site-packages\mpf\core\events.py", line 752, in process_event_queue
    **event[3])
  File "c:\users\schol\appdata\local\programs\python\python36\lib\site-packages\mpf\core\events.py", line 711, in _process_event
    result = self._run_handlers(event, ev_type, kwargs)
  File "c:\users\schol\appdata\local\programs\python\python36\lib\site-packages\mpf\core\events.py", line 667, in _run_handlers
    raise Exception("Exception while processing {} for event {}".format(handler, event)) from e
Exception: Exception while processing RegisteredHandler(callback=<bound method TextUi._bcp_connected of <mpf.core.text_ui.TextUi object at 0x000001DDA88FA298>>, priority=1, kwargs={}, key=UUID('d8745ff0-6856-45d0-a519-a003e53539b4'), condition=None, blocking_facility=None) for event bcp_clients_connected
2020-04-04 12:46:15,449 : INFO : EventManager : Event: ======'machine_var_mc_version'====== Args={'value': 'MPF-MC v0.53.0', 'prev_value': None, 'change': True}
2020-04-04 12:46:15,449 : INFO : EventManager : Event: ======'machine_var_mc_extended_version'====== Args={'value': 'MPF-MC v0.53.0 (config_version=5, BCP v1.1, Requires MPF v0.53.0)', 'prev_value': None, 'change': True}
2020-04-04 12:46:15,451 : INFO : EventManager : Event: ======'machine_var_master_volume'====== Args={'value': 0.5, 'prev_value': None, 'change': True}
2020-04-04 12:46:15,470 : INFO : Machine : Starting the main run loop.
2020-04-04 12:46:15,471 : INFO : Machine : Shutting down...
2020-04-04 12:46:15,471 : INFO : EventManager : Event: ======'shutdown'====== Args={}
2020-04-04 12:46:15,511 : INFO : EventManager : Event: ======'init_phase_3'====== Args={}
2020-04-04 12:46:15,524 : INFO : AssetManager : Registering Asset: mode_countdown, File: mode_countdown.yaml, Default Group: default, Final Config: {'load': 'preload', 'file': 'E:\\MPF\\wows\\wows\\shows\\mode_countdown.yaml'}
2020-04-04 12:46:15,525 : INFO : AssetManager : Registering Asset: sh_mode_1_shot_made, File: sh_mode_1_shot_made.yaml, Default Group: default, Final Config: {'load': 'preload', 'file': 'E:\\MPF\\wows\\wows\\shows\\sh_mode_1_shot_made.yaml'}
2020-04-04 12:46:15,526 : INFO : AssetManager : Registering Asset: sh_mode_3_shot_made, File: sh_mode_3_shot_made.yaml, Default Group: default, Final Config: {'load': 'preload', 'file': 'E:\\MPF\\wows\\wows\\shows\\sh_mode_3_shot_made.yaml'}
2020-04-04 12:46:15,526 : INFO : AssetManager : Registering Asset: sh_mode_4_shot_made, File: sh_mode_4_shot_made.yaml, Default Group: default, Final Config: {'load': 'preload', 'file': 'E:\\MPF\\wows\\wows\\shows\\sh_mode_4_shot_made.yaml'}
2020-04-04 12:46:15,527 : INFO : AssetManager : Registering Asset: sh_mode_5_shot_made, File: sh_mode_5_shot_made.yaml, Default Group: default, Final Config: {'load': 'preload', 'file': 'E:\\MPF\\wows\\wows\\shows\\sh_mode_5_shot_made.yaml'}
2020-04-04 12:46:15,527 : INFO : AssetManager : Registering Asset: sh_mode_6_shot_made, File: sh_mode_6_shot_made.yaml, Default Group: default, Final Config: {'load': 'preload', 'file': 'E:\\MPF\\wows\\wows\\shows\\sh_mode_6_shot_made.yaml'}
2020-04-04 12:46:15,528 : INFO : AssetManager : Registering Asset: sh_mode_7_shot_made, File: sh_mode_7_shot_made.yaml, Default Group: default, Final Config: {'load': 'preload', 'file': 'E:\\MPF\\wows\\wows\\shows\\sh_mode_7_shot_made.yaml'}
2020-04-04 12:46:15,528 : INFO : AssetManager : Registering Asset: sh_mode_8_shot_made, File: sh_mode_8_shot_made.yaml, Default Group: default, Final Config: {'load': 'preload', 'file': 'E:\\MPF\\wows\\wows\\shows\\sh_mode_8_shot_made.yaml'}
2020-04-04 12:46:15,528 : INFO : AssetManager : Registering Asset: sh_mode_9_shot_made, File: sh_mode_9_shot_made.yaml, Default Group: default, Final Config: {'load': 'preload', 'file': 'E:\\MPF\\wows\\wows\\shows\\sh_mode_9_shot_made.yaml'}
2020-04-04 12:46:15,536 : INFO : ConfigProcessor : Loading config from cache: C:\Users\schol\AppData\Local\Temp\6d62665f0d27f04673542af594d4fd9b.mpf_cache
2020-04-04 12:46:15,548 : INFO : EventManager : Event: ======'loading_assets'====== Args={'total': 9, 'loaded': 1, 'remaining': 8, 'percent': 11}
2020-04-04 12:46:15,548 : INFO : AssetManager : Loading assets: 1/9 (11%)
2020-04-04 12:46:15,549 : INFO : ConfigProcessor : Loading config from cache: C:\Users\schol\AppData\Local\Temp\9e890f4f58f205d8bba0abd84e3290c7.mpf_cache
2020-04-04 12:46:15,566 : INFO : ConfigProcessor : Loading config from cache: C:\Users\schol\AppData\Local\Temp\91df8e0ae0e44730ed622ea2efb74e97.mpf_cache
2020-04-04 12:46:15,576 : INFO : ConfigProcessor : Loading config from cache: C:\Users\schol\AppData\Local\Temp\69fdf32f8b1f00ca71933bfdf818d181.mpf_cache
2020-04-04 12:46:15,585 : INFO : ConfigProcessor : Loading config from cache: C:\Users\schol\AppData\Local\Temp\3078b120455821a73c8c6f8a1dceab4f.mpf_cache
2020-04-04 12:46:15,593 : INFO : ConfigProcessor : Loading config from cache: C:\Users\schol\AppData\Local\Temp\8d6f9c7ff9c39db68f4d155bf8492fbe.mpf_cache
2020-04-04 12:46:15,598 : INFO : ConfigProcessor : Loading config from cache: C:\Users\schol\AppData\Local\Temp\58d128190d1d0b57398f3d0bb3d51665.mpf_cache
2020-04-04 12:46:15,603 : INFO : ConfigProcessor : Loading config from cache: C:\Users\schol\AppData\Local\Temp\53b5443f454133ae1b362b3b93db77cb.mpf_cache
2020-04-04 12:46:15,608 : INFO : ConfigProcessor : Loading config from cache: C:\Users\schol\AppData\Local\Temp\92bd7ddb78685ce3872fdffddbf4066b.mpf_cache
2020-04-04 12:46:15,612 : INFO : EventManager : Event: ======'loading_assets'====== Args={'total': 9, 'loaded': 9, 'remaining': 0, 'percent': 100}
2020-04-04 12:46:15,613 : INFO : AssetManager : Asset loading took: 4.122802734375
2020-04-04 12:46:15,613 : INFO : EventManager : Event: ======'asset_loading_complete'====== Args={}
2020-04-04 12:46:15,613 : INFO : AssetManager : Loading assets: 9/9 (100%)
2020-04-04 12:46:15,613 : INFO : EventManager : Event: ======'init_phase_4'====== Args={}
2020-04-04 12:46:15,614 : ERROR : asyncio : Exception in callback EventManager.process_event_queue()
handle: <Handle EventManager.process_event_queue()>
Traceback (most recent call last):
  File "c:\users\schol\appdata\local\programs\python\python36\lib\site-packages\mpf\core\events.py", line 665, in _run_handlers
    result = handler.callback(**merged_kwargs)
  File "c:\users\schol\appdata\local\programs\python\python36\lib\site-packages\mpf\core\text_ui.py", line 449, in _asset_load_change
    self._asset_percent = PopUpDialog(self.screen, 'LOADING ASSETS: {}%'.format(percent), [])
  File "c:\users\schol\appdata\local\programs\python\python36\lib\site-packages\asciimatics\widgets.py", line 3104, in __init__
    string_len = wcswidth if screen.unicode_aware else len
AttributeError: 'NoneType' object has no attribute 'unicode_aware'

The above exception was the direct cause of the following exception:

Traceback (most recent call last):
  File "c:\users\schol\appdata\local\programs\python\python36\lib\asyncio\events.py", line 145, in _run
    self._callback(*self._args)
  File "c:\users\schol\appdata\local\programs\python\python36\lib\site-packages\mpf\core\events.py", line 752, in process_event_queue
    **event[3])
  File "c:\users\schol\appdata\local\programs\python\python36\lib\site-packages\mpf\core\events.py", line 711, in _process_event
    result = self._run_handlers(event, ev_type, kwargs)
  File "c:\users\schol\appdata\local\programs\python\python36\lib\site-packages\mpf\core\events.py", line 667, in _run_handlers
    raise Exception("Exception while processing {} for event {}".format(handler, event)) from e
Exception: Exception while processing RegisteredHandler(callback=<bound method TextUi._asset_load_change of <mpf.core.text_ui.TextUi object at 0x000001DDA88FA298>>, priority=1, kwargs={}, key=UUID('68d2ae69-5485-44f8-8adf-0c92ee3c3cd9'), condition=None, blocking_facility=None) for event loading_assets
2020-04-04 12:46:15,635 : ERROR : Machine : Runtime Exception
Traceback (most recent call last):
  File "c:\users\schol\appdata\local\programs\python\python36\lib\site-packages\mpf\core\events.py", line 665, in _run_handlers
    result = handler.callback(**merged_kwargs)
  File "c:\users\schol\appdata\local\programs\python\python36\lib\site-packages\mpf\core\text_ui.py", line 442, in _bcp_connected
    self.scene.remove_effect(self._pending_bcp_connection)
  File "c:\users\schol\appdata\local\programs\python\python36\lib\site-packages\asciimatics\scene.py", line 94, in remove_effect
    self._effects.remove(effect)
ValueError: list.remove(x): x not in list

The above exception was the direct cause of the following exception:

Traceback (most recent call last):
  File "c:\users\schol\appdata\local\programs\python\python36\lib\site-packages\mpf\core\machine.py", line 765, in _run_loop
    raise self._exception['exception']
  File "c:\users\schol\appdata\local\programs\python\python36\lib\asyncio\events.py", line 145, in _run
    self._callback(*self._args)
  File "c:\users\schol\appdata\local\programs\python\python36\lib\site-packages\mpf\core\events.py", line 752, in process_event_queue
    **event[3])
  File "c:\users\schol\appdata\local\programs\python\python36\lib\site-packages\mpf\core\events.py", line 711, in _process_event
    result = self._run_handlers(event, ev_type, kwargs)
  File "c:\users\schol\appdata\local\programs\python\python36\lib\site-packages\mpf\core\events.py", line 667, in _run_handlers
    raise Exception("Exception while processing {} for event {}".format(handler, event)) from e
Exception: Exception while processing RegisteredHandler(callback=<bound method TextUi._bcp_connected of <mpf.core.text_ui.TextUi object at 0x000001DDA88FA298>>, priority=1, kwargs={}, key=UUID('d8745ff0-6856-45d0-a519-a003e53539b4'), condition=None, blocking_facility=None) for event bcp_clients_connected
2020-04-04 12:46:15,644 : INFO : root : MPF run loop ended.
