2020-03-03 20:12:54,449 : INFO : Machine : Mission Pinball Framework Core Engine v0.53.2
2020-03-03 20:12:54,449 : INFO : Machine : Command line arguments: {'no_load_cache': False, 'create_config_cache': True, 'bcp': True, 'configfile': ['config.yaml'], 'mpfconfigfile': 'c:\\users\\schol\\appdata\\local\\programs\\python\\python36\\lib\\site-packages\\mpf\\mpfconfig.yaml', 'force_assets_load': False, 'jsonlogging': False, 'logfile': 'logs\\2020-03-03-20-12-54-mpf-DESKTOP-FPTMTCL.log', 'pause': False, 'production': False, 'text_ui': True, 'loglevel': 15, 'consoleloglevel': 20, 'force_platform': 'smart_virtual', 'syslog_address': None, 'mc_file_name': None, 'no_sound': False}
2020-03-03 20:12:54,449 : INFO : Machine : MPF path: c:\users\schol\appdata\local\programs\python\python36\lib\site-packages\mpf
2020-03-03 20:12:54,449 : INFO : Machine : Machine path: E:\mpf\wows\wows
2020-03-03 20:12:54,449 : INFO : Machine : Platform: win32
2020-03-03 20:12:54,450 : INFO : Machine : Python executable location: c:\users\schol\appdata\local\programs\python\python36\python.exe
2020-03-03 20:12:54,450 : INFO : Machine : Python version: 3.6.4 (64-bit)
2020-03-03 20:12:54,450 : INFO : Machine : Machine config file #1: config.yaml
2020-03-03 20:12:54,453 : WARNING : ConfigProcessor : Config file in cache changed: E:\mpf\wows\wows\config\config.yaml
2020-03-03 20:12:54,454 : INFO : ConfigProcessor : Loading config from file c:\users\schol\appdata\local\programs\python\python36\lib\site-packages\mpf\mpfconfig.yaml.
2020-03-03 20:12:54,532 : INFO : ConfigProcessor : Loading config: c:\users\schol\appdata\local\programs\python\python36\lib\site-packages\mpf\mpfconfig.yaml
2020-03-03 20:12:54,572 : INFO : ConfigProcessor : Loading config from file E:\mpf\wows\wows\config\config.yaml.
2020-03-03 20:12:54,675 : INFO : ConfigProcessor : Loading config: E:\mpf\wows\wows\config\config.yaml
2020-03-03 20:12:54,677 : INFO : ConfigProcessor : Config file cache created: C:\Users\schol\AppData\Local\Temp\a7e9e9e882fa7eca7cb0ba00eaf15121.mpf_cache
2020-03-03 20:12:54,679 : INFO : Machine : Initialise MPF.
2020-03-03 20:12:55,181 : INFO : EventManager : Event: ======'machine_var_credits_string'====== Args={'value': 'FREE PLAY', 'prev_value': None, 'change': True}
2020-03-03 20:12:55,246 : INFO : EventManager : Event: ======'machine_var_player1_score'====== Args={'value': 0, 'prev_value': None, 'change': True}
2020-03-03 20:12:55,246 : INFO : EventManager : Event: ======'machine_var_mpf_version'====== Args={'value': 'MPF v0.53.2', 'prev_value': None, 'change': True}
2020-03-03 20:12:55,246 : INFO : EventManager : Event: ======'machine_var_mpf_extended_version'====== Args={'value': 'MPF v0.53.2, Config version:5, Show version: 5, BCP version:1.1', 'prev_value': None, 'change': True}
2020-03-03 20:12:55,246 : INFO : EventManager : Event: ======'machine_var_python_version'====== Args={'value': '3.6.4', 'prev_value': None, 'change': True}
2020-03-03 20:12:55,247 : INFO : EventManager : Event: ======'machine_var_platform'====== Args={'value': 'Windows-10-10.0.18362-SP0', 'prev_value': None, 'change': True}
2020-03-03 20:12:55,247 : INFO : EventManager : Event: ======'machine_var_platform_system'====== Args={'value': 'Windows', 'prev_value': None, 'change': True}
2020-03-03 20:12:55,247 : INFO : EventManager : Event: ======'machine_var_platform_release'====== Args={'value': '10', 'prev_value': None, 'change': True}
2020-03-03 20:12:55,247 : INFO : EventManager : Event: ======'machine_var_platform_version'====== Args={'value': '10.0.18362', 'prev_value': None, 'change': True}
2020-03-03 20:12:55,247 : INFO : EventManager : Event: ======'machine_var_platform_machine'====== Args={'value': 'AMD64', 'prev_value': None, 'change': True}
2020-03-03 20:12:55,247 : INFO : EventManager : Event: ======'init_phase_1'====== Args={}
2020-03-03 20:12:55,352 : INFO : ConfigProcessor : Loading config from cache: C:\Users\schol\AppData\Local\Temp\79b69aca05077178b8904472f0120320.mpf_cache
2020-03-03 20:12:55,359 : INFO : ConfigProcessor : Loading config from cache: C:\Users\schol\AppData\Local\Temp\6e6d4708a613edd7635d35a6961997f3.mpf_cache
2020-03-03 20:12:55,366 : INFO : ConfigProcessor : Loading config from cache: C:\Users\schol\AppData\Local\Temp\fa1d48c05f4d8fd05f0b267836a1ac4f.mpf_cache
2020-03-03 20:12:55,373 : INFO : ConfigProcessor : Loading config from cache: C:\Users\schol\AppData\Local\Temp\f6b4884431efff4cb2e21d23d2c7b801.mpf_cache
2020-03-03 20:12:55,380 : INFO : ConfigProcessor : Loading config from cache: C:\Users\schol\AppData\Local\Temp\a6527a592b6034dbfea56fdf726c3822.mpf_cache
2020-03-03 20:12:55,387 : INFO : ConfigProcessor : Loading config from cache: C:\Users\schol\AppData\Local\Temp\2f7452aae1b2779bb4a1388fc419c0c8.mpf_cache
2020-03-03 20:12:55,394 : INFO : ConfigProcessor : Loading config from cache: C:\Users\schol\AppData\Local\Temp\5c4497fcd69d1d656c4b69a28e44c490.mpf_cache
2020-03-03 20:12:55,406 : INFO : ConfigProcessor : Loading config from cache: C:\Users\schol\AppData\Local\Temp\d5fd805c5432c1441bf01a6268536a3d.mpf_cache
2020-03-03 20:12:55,417 : INFO : ConfigProcessor : Loading config from cache: C:\Users\schol\AppData\Local\Temp\edfeac6524e6d1874b234b23d854175f.mpf_cache
2020-03-03 20:12:55,428 : INFO : ConfigProcessor : Loading config from cache: C:\Users\schol\AppData\Local\Temp\f9a57b3955e1480227d6e8589f6567c4.mpf_cache
2020-03-03 20:12:55,434 : INFO : ConfigProcessor : Loading config from cache: C:\Users\schol\AppData\Local\Temp\2242affd3e515f08e26d4d5b365e866b.mpf_cache
2020-03-03 20:12:55,442 : INFO : ConfigProcessor : Loading config from cache: C:\Users\schol\AppData\Local\Temp\bafdfa3518b80fac5c67bbc1ea3da4f8.mpf_cache
2020-03-03 20:12:55,449 : WARNING : ConfigProcessor : Config file in cache changed: E:\mpf\wows\wows\modes\confederate\config\confederate.yaml
2020-03-03 20:12:55,449 : INFO : ConfigProcessor : Loading config from file E:\mpf\wows\wows\modes\confederate\config\confederate.yaml.
2020-03-03 20:12:55,457 : INFO : ConfigProcessor : Loading config: E:\mpf\wows\wows\modes\confederate\config\confederate.yaml
2020-03-03 20:12:55,458 : INFO : ConfigProcessor : Config file cache created: C:\Users\schol\AppData\Local\Temp\fbcc5772262340622f93ebd98450e45f.mpf_cache
2020-03-03 20:12:55,460 : INFO : ConfigProcessor : Loading config from cache: C:\Users\schol\AppData\Local\Temp\97f63c0afcbce8d9df7044fccf1035a4.mpf_cache
2020-03-03 20:12:55,466 : WARNING : ConfigProcessor : Config file in cache changed: E:\mpf\wows\wows\modes\mode_manager\config\mode_manager.yaml
2020-03-03 20:12:55,466 : INFO : ConfigProcessor : Loading config from file E:\mpf\wows\wows\modes\mode_manager\config\mode_manager.yaml.
2020-03-03 20:12:55,501 : INFO : ConfigProcessor : Loading config: E:\mpf\wows\wows\modes\mode_manager\config\mode_manager.yaml
2020-03-03 20:12:55,501 : INFO : ConfigProcessor : Config file cache created: C:\Users\schol\AppData\Local\Temp\5dbeda7d2775496a54d206d506904281.mpf_cache
2020-03-03 20:12:55,504 : INFO : ConfigProcessor : Loading config from cache: C:\Users\schol\AppData\Local\Temp\d01089fe8a4c8b32515bd43f8cd9fd8b.mpf_cache
2020-03-03 20:12:55,510 : INFO : ConfigProcessor : Loading config from cache: C:\Users\schol\AppData\Local\Temp\4aeaa69609f53d9b71d1dbbedd434b0b.mpf_cache
2020-03-03 20:12:55,517 : INFO : ConfigProcessor : Loading config from cache: C:\Users\schol\AppData\Local\Temp\1e6cc6775e87a3e14ded8d45fd065b10.mpf_cache
2020-03-03 20:12:55,553 : INFO : EventManager : Event: ======'init_phase_2'====== Args={}
2020-03-03 20:12:55,554 : INFO : SwitchController : Found active switch: ('2', <Platform.SmartVirtual>)
2020-03-03 20:12:55,554 : INFO : SwitchController : Found active switch: ('3', <Platform.SmartVirtual>)
2020-03-03 20:12:55,554 : INFO : SwitchController : Found active switch: ('4', <Platform.SmartVirtual>)
2020-03-03 20:12:55,554 : INFO : SwitchController : Found active switch: ('5', <Platform.SmartVirtual>)
2020-03-03 20:12:55,554 : INFO : SwitchController : Found active switch: ('6', <Platform.SmartVirtual>)
2020-03-03 20:12:55,554 : INFO : SwitchController : Found active switch: ('7', <Platform.SmartVirtual>)
2020-03-03 20:12:55,561 : INFO : EventManager : Event: ======'bcp_connection_attempt'====== Args={'name': 'local_display', 'host': 'localhost', 'port': 5050}
2020-03-03 20:12:55,563 : INFO : BCPClientSocket : Connecting BCP to 'local_display' at localhost:5050...
2020-03-03 20:13:01,703 : INFO : BCPClientSocket : Connected BCP to 'local_display' localhost:5050
2020-03-03 20:13:01,704 : INFO : EventManager : Event: ======'bcp_clients_connected'====== Args={}
2020-03-03 20:13:01,725 : INFO : Machine : Starting the main run loop.
2020-03-03 20:13:01,726 : INFO : Machine : Shutting down...
2020-03-03 20:13:01,726 : INFO : EventManager : Event: ======'shutdown'====== Args={}
2020-03-03 20:13:01,847 : INFO : EventManager : Event: ======'init_phase_3'====== Args={}
2020-03-03 20:13:01,857 : INFO : AssetManager : Registering Asset: mode_countdown, File: mode_countdown.yaml, Default Group: default, Final Config: {'load': 'preload', 'file': 'E:\\mpf\\wows\\wows\\shows\\mode_countdown.yaml'}
2020-03-03 20:13:01,857 : INFO : AssetManager : Registering Asset: sh_mode_1_shot_made, File: sh_mode_1_shot_made.yaml, Default Group: default, Final Config: {'load': 'preload', 'file': 'E:\\mpf\\wows\\wows\\shows\\sh_mode_1_shot_made.yaml'}
2020-03-03 20:13:01,858 : INFO : AssetManager : Registering Asset: sh_mode_3_shot_made, File: sh_mode_3_shot_made.yaml, Default Group: default, Final Config: {'load': 'preload', 'file': 'E:\\mpf\\wows\\wows\\shows\\sh_mode_3_shot_made.yaml'}
2020-03-03 20:13:01,858 : INFO : AssetManager : Registering Asset: sh_mode_4_shot_made, File: sh_mode_4_shot_made.yaml, Default Group: default, Final Config: {'load': 'preload', 'file': 'E:\\mpf\\wows\\wows\\shows\\sh_mode_4_shot_made.yaml'}
2020-03-03 20:13:01,858 : INFO : AssetManager : Registering Asset: sh_mode_5_shot_made, File: sh_mode_5_shot_made.yaml, Default Group: default, Final Config: {'load': 'preload', 'file': 'E:\\mpf\\wows\\wows\\shows\\sh_mode_5_shot_made.yaml'}
2020-03-03 20:13:01,858 : INFO : AssetManager : Registering Asset: sh_mode_6_shot_made, File: sh_mode_6_shot_made.yaml, Default Group: default, Final Config: {'load': 'preload', 'file': 'E:\\mpf\\wows\\wows\\shows\\sh_mode_6_shot_made.yaml'}
2020-03-03 20:13:01,858 : INFO : AssetManager : Registering Asset: sh_mode_7_shot_made, File: sh_mode_7_shot_made.yaml, Default Group: default, Final Config: {'load': 'preload', 'file': 'E:\\mpf\\wows\\wows\\shows\\sh_mode_7_shot_made.yaml'}
2020-03-03 20:13:01,858 : INFO : AssetManager : Registering Asset: sh_mode_8_shot_made, File: sh_mode_8_shot_made.yaml, Default Group: default, Final Config: {'load': 'preload', 'file': 'E:\\mpf\\wows\\wows\\shows\\sh_mode_8_shot_made.yaml'}
2020-03-03 20:13:01,858 : INFO : AssetManager : Registering Asset: sh_mode_9_shot_made, File: sh_mode_9_shot_made.yaml, Default Group: default, Final Config: {'load': 'preload', 'file': 'E:\\mpf\\wows\\wows\\shows\\sh_mode_9_shot_made.yaml'}
2020-03-03 20:13:01,861 : INFO : ConfigProcessor : Loading config from cache: C:\Users\schol\AppData\Local\Temp\ec696ce66b3d6f0120abfe51c845c449.mpf_cache
2020-03-03 20:13:01,866 : INFO : EventManager : Event: ======'loading_assets'====== Args={'total': 9, 'loaded': 1, 'remaining': 8, 'percent': 11}
2020-03-03 20:13:01,866 : INFO : AssetManager : Loading assets: 1/9 (11%)
2020-03-03 20:13:01,867 : INFO : ConfigProcessor : Loading config from cache: C:\Users\schol\AppData\Local\Temp\9b528347051cb782f006c12877dcdcaa.mpf_cache
2020-03-03 20:13:01,883 : INFO : ConfigProcessor : Loading config from cache: C:\Users\schol\AppData\Local\Temp\d7de7b0977d157ca405b11c805af3796.mpf_cache
2020-03-03 20:13:01,888 : INFO : ConfigProcessor : Loading config from cache: C:\Users\schol\AppData\Local\Temp\52f81a04bd1ef6d87bf151768dd36663.mpf_cache
2020-03-03 20:13:01,893 : INFO : ConfigProcessor : Loading config from cache: C:\Users\schol\AppData\Local\Temp\de0d3921406543974e6ec49e041634fd.mpf_cache
2020-03-03 20:13:01,898 : INFO : ConfigProcessor : Loading config from cache: C:\Users\schol\AppData\Local\Temp\102503bf7ce56b6821df42862c9d56eb.mpf_cache
2020-03-03 20:13:01,904 : INFO : ConfigProcessor : Loading config from cache: C:\Users\schol\AppData\Local\Temp\c5830c548f120859d3cdb1059c94ba18.mpf_cache
2020-03-03 20:13:01,909 : INFO : ConfigProcessor : Loading config from cache: C:\Users\schol\AppData\Local\Temp\3d3900be9a5cd37c0cc6f23ed42b0013.mpf_cache
2020-03-03 20:13:01,915 : INFO : ConfigProcessor : Loading config from cache: C:\Users\schol\AppData\Local\Temp\9fcc5d068c11e0550a899eaf73312658.mpf_cache
2020-03-03 20:13:01,920 : INFO : EventManager : Event: ======'loading_assets'====== Args={'total': 9, 'loaded': 9, 'remaining': 0, 'percent': 100}
2020-03-03 20:13:01,920 : INFO : AssetManager : Asset loading took: 6.767584800720215
2020-03-03 20:13:01,920 : INFO : EventManager : Event: ======'asset_loading_complete'====== Args={}
2020-03-03 20:13:01,920 : INFO : AssetManager : Loading assets: 9/9 (100%)
2020-03-03 20:13:01,920 : ERROR : asyncio : Exception in callback EventManager._done(<Task finishe... not found',)>)
handle: <Handle EventManager._done(<Task finishe... not found',)>)>
Traceback (most recent call last):
  File "c:\users\schol\appdata\local\programs\python\python36\lib\asyncio\events.py", line 145, in _run
    self._callback(*self._args)
  File "c:\users\schol\appdata\local\programs\python\python36\lib\site-packages\mpf\core\events.py", line 698, in _done
    future.result()
  File "c:\users\schol\appdata\local\programs\python\python36\lib\site-packages\mpf\core\events.py", line 615, in _run_handlers_sequential
    handler.callback(queue=queue, **merged_kwargs)
  File "c:\users\schol\appdata\local\programs\python\python36\lib\site-packages\mpf\core\config_player.py", line 86, in _initialise_system_wide
    self.machine.config[self.config_file_section])
  File "c:\users\schol\appdata\local\programs\python\python36\lib\site-packages\mpf\config_players\plugin_player.py", line 57, in register_player_events
    self.bcp_client = self._get_bcp_client(config)
  File "c:\users\schol\appdata\local\programs\python\python36\lib\site-packages\mpf\config_players\plugin_player.py", line 34, in _get_bcp_client
    "bcp connection {} not found".format(client_name))
AssertionError: bcp connection local_display not found
2020-03-03 20:13:01,947 : ERROR : asyncio : Exception in callback EventManager.process_event_queue()
handle: <Handle EventManager.process_event_queue()>
Traceback (most recent call last):
  File "c:\users\schol\appdata\local\programs\python\python36\lib\site-packages\mpf\core\events.py", line 665, in _run_handlers
    result = handler.callback(**merged_kwargs)
  File "c:\users\schol\appdata\local\programs\python\python36\lib\site-packages\mpf\core\text_ui.py", line 449, in _asset_load_change
    self._asset_percent = PopUpDialog(self.screen, 'LOADING ASSETS: {}%'.format(percent), [])
  File "c:\users\schol\appdata\local\programs\python\python36\lib\site-packages\asciimatics\widgets.py", line 3104, in __init__
    string_len = wcswidth if screen.unicode_aware else len
AttributeError: 'NoneType' object has no attribute 'unicode_aware'

The above exception was the direct cause of the following exception:

Traceback (most recent call last):
  File "c:\users\schol\appdata\local\programs\python\python36\lib\asyncio\events.py", line 145, in _run
    self._callback(*self._args)
  File "c:\users\schol\appdata\local\programs\python\python36\lib\site-packages\mpf\core\events.py", line 752, in process_event_queue
    **event[3])
  File "c:\users\schol\appdata\local\programs\python\python36\lib\site-packages\mpf\core\events.py", line 711, in _process_event
    result = self._run_handlers(event, ev_type, kwargs)
  File "c:\users\schol\appdata\local\programs\python\python36\lib\site-packages\mpf\core\events.py", line 667, in _run_handlers
    raise Exception("Exception while processing {} for event {}".format(handler, event)) from e
Exception: Exception while processing RegisteredHandler(callback=<bound method TextUi._asset_load_change of <mpf.core.text_ui.TextUi object at 0x0000017A57321170>>, priority=1, kwargs={}, key=UUID('2a403d6e-1385-45fa-b781-909ef112921e'), condition=None, blocking_facility=None) for event loading_assets
2020-03-03 20:13:01,965 : INFO : root : MPF run loop ended.
