2021-06-20 12:55:36,097 : INFO : root : Loading config.
2021-06-20 12:55:36,440 : INFO : ConfigProcessor : Config spec file cache created: C:\Users\SCHOLT~1\AppData\Local\Temp\config_spec.mpf_cache
2021-06-20 12:55:36,441 : INFO : YamlMultifileConfigLoader : Machine config file #1: config.yaml
2021-06-20 12:55:36,441 : INFO : ConfigProcessor : Loading config from cache: C:\Users\SCHOLT~1\AppData\Local\Temp\9ff6550cccf6510efc6a8bcf190bf370.mpf_cache
2021-06-20 12:55:36,509 : INFO : ConfigProcessor : Loading config from cache: C:\Users\SCHOLT~1\AppData\Local\Temp\3dd0efc3fc2458bb25a941f6d23e6a9c.mpf_cache
2021-06-20 12:55:36,510 : INFO : ConfigProcessor : Loading config from cache: C:\Users\SCHOLT~1\AppData\Local\Temp\c7e3f646a6ae875a07a0c3d1323c1c71.mpf_cache
2021-06-20 12:55:36,510 : INFO : ConfigProcessor : Loading config from cache: C:\Users\SCHOLT~1\AppData\Local\Temp\3dd0efc3fc2458bb25a941f6d23e6a9c.mpf_cache
2021-06-20 12:55:36,511 : INFO : ConfigProcessor : Loading config from cache: C:\Users\SCHOLT~1\AppData\Local\Temp\3a8cfb4ac342a25cc8f91711ea4bafc2.mpf_cache
2021-06-20 12:55:36,511 : INFO : ConfigProcessor : Loading config from cache: C:\Users\SCHOLT~1\AppData\Local\Temp\479d7318d211ad46f9f0d828c96341f2.mpf_cache
2021-06-20 12:55:36,512 : INFO : ConfigProcessor : Loading config from cache: C:\Users\SCHOLT~1\AppData\Local\Temp\c96ee90647ae5b034e2dd42c348c42ad.mpf_cache
2021-06-20 12:55:36,512 : INFO : ConfigProcessor : Loading config from cache: C:\Users\SCHOLT~1\AppData\Local\Temp\ca0415bb38fd20ce1ae72b2592ece46e.mpf_cache
2021-06-20 12:55:36,513 : INFO : ConfigProcessor : Loading config from cache: C:\Users\SCHOLT~1\AppData\Local\Temp\72e9fea1cb562e40024eb5e8538ccaf2.mpf_cache
2021-06-20 12:55:36,513 : INFO : ConfigProcessor : Loading config from cache: C:\Users\SCHOLT~1\AppData\Local\Temp\c22c03646c3330fed25ec0d2c1900176.mpf_cache
2021-06-20 12:55:36,514 : INFO : ConfigProcessor : Loading config from cache: C:\Users\SCHOLT~1\AppData\Local\Temp\4f40b51a2a6ab6b3327b174347355c6f.mpf_cache
2021-06-20 12:55:36,514 : INFO : ConfigProcessor : Loading config from cache: C:\Users\SCHOLT~1\AppData\Local\Temp\39fabcdae38f081491893b3f9bf3922e.mpf_cache
2021-06-20 12:55:36,515 : INFO : ConfigProcessor : Loading config from cache: C:\Users\SCHOLT~1\AppData\Local\Temp\943ecf72a5798e3efec3d4f70c6ce1d2.mpf_cache
2021-06-20 12:55:36,515 : INFO : ConfigProcessor : Loading config from cache: C:\Users\SCHOLT~1\AppData\Local\Temp\04d9c03061fa17a1f6b23081f79db9ab.mpf_cache
2021-06-20 12:55:36,516 : INFO : ConfigProcessor : Loading config from cache: C:\Users\SCHOLT~1\AppData\Local\Temp\1ff29be1d22fb14fe5fd1c82a6918df4.mpf_cache
2021-06-20 12:55:36,516 : INFO : ConfigProcessor : Loading config from cache: C:\Users\SCHOLT~1\AppData\Local\Temp\f0ffd5ecaddfe34035bf3b1779215a88.mpf_cache
2021-06-20 12:55:36,517 : INFO : ConfigProcessor : Loading config from cache: C:\Users\SCHOLT~1\AppData\Local\Temp\b0de444617e3bf30a07f755a6d4831cc.mpf_cache
2021-06-20 12:55:36,517 : INFO : ConfigProcessor : Loading config from cache: C:\Users\SCHOLT~1\AppData\Local\Temp\200a9b2dddbe7706ffb4c4426b6d54a8.mpf_cache
2021-06-20 12:55:36,517 : INFO : ConfigProcessor : Loading config from cache: C:\Users\SCHOLT~1\AppData\Local\Temp\5ab98d4be1e8de85bea62364890eb2e9.mpf_cache
2021-06-20 12:55:36,518 : INFO : ConfigProcessor : Loading config from cache: C:\Users\SCHOLT~1\AppData\Local\Temp\4303dca7489148da2d256fc831cf8c96.mpf_cache
2021-06-20 12:55:36,518 : INFO : ConfigProcessor : Loading config from cache: C:\Users\SCHOLT~1\AppData\Local\Temp\e8fceecd8f65a6a7269e98c7961bbf6a.mpf_cache
2021-06-20 12:55:36,519 : INFO : ConfigProcessor : Loading config from cache: C:\Users\SCHOLT~1\AppData\Local\Temp\c84d6d08bf6f923cbcccfeeea02d2c8a.mpf_cache
2021-06-20 12:55:36,519 : INFO : ConfigProcessor : Loading config from cache: C:\Users\SCHOLT~1\AppData\Local\Temp\159a0b7ffc6de2ed1a8cdcd57b7df3c0.mpf_cache
2021-06-20 12:55:36,519 : INFO : ConfigProcessor : Loading config from cache: C:\Users\SCHOLT~1\AppData\Local\Temp\47da5935da57327449007069e0d0551c.mpf_cache
2021-06-20 12:55:36,520 : INFO : ConfigProcessor : Loading config from cache: C:\Users\SCHOLT~1\AppData\Local\Temp\b1234e2c44a33609dc2af4760c4a3f89.mpf_cache
2021-06-20 12:55:36,520 : INFO : ConfigProcessor : Loading config from cache: C:\Users\SCHOLT~1\AppData\Local\Temp\466eddfec572894d9eb472ce07aa5fba.mpf_cache
2021-06-20 12:55:36,521 : INFO : ConfigProcessor : Loading config from cache: C:\Users\SCHOLT~1\AppData\Local\Temp\93429a2a8e0859f6546b68f40c2a4656.mpf_cache
2021-06-20 12:55:36,521 : INFO : ConfigProcessor : Loading config from cache: C:\Users\SCHOLT~1\AppData\Local\Temp\95ae88fb094583fa2b4097c6df179650.mpf_cache
2021-06-20 12:55:36,522 : INFO : ConfigProcessor : Loading config from cache: C:\Users\SCHOLT~1\AppData\Local\Temp\de2d3fc178b15ce3807fa4ab35b9c965.mpf_cache
2021-06-20 12:55:36,522 : INFO : ConfigProcessor : Loading config from cache: C:\Users\SCHOLT~1\AppData\Local\Temp\0c80ca2179989d09b86c78c19ec87d9b.mpf_cache
2021-06-20 12:55:36,523 : INFO : ConfigProcessor : Loading config from cache: C:\Users\SCHOLT~1\AppData\Local\Temp\95e265efe14e4eb05d8d5c5689c9ae6b.mpf_cache
2021-06-20 12:55:36,523 : INFO : ConfigProcessor : Loading config from cache: C:\Users\SCHOLT~1\AppData\Local\Temp\ba047bbdc168fca96d58d351c4240916.mpf_cache
2021-06-20 12:55:36,524 : INFO : ConfigProcessor : Loading config from cache: C:\Users\SCHOLT~1\AppData\Local\Temp\7c1900736275ba8a713cfe77e991e929.mpf_cache
2021-06-20 12:55:36,524 : INFO : ConfigProcessor : Loading config from cache: C:\Users\SCHOLT~1\AppData\Local\Temp\db3d1ab92e5d5c563b40d82372434517.mpf_cache
2021-06-20 12:55:36,524 : INFO : ConfigProcessor : Loading config from cache: C:\Users\SCHOLT~1\AppData\Local\Temp\78980531363184480bbd7075661ced33.mpf_cache
2021-06-20 12:55:36,525 : INFO : ConfigProcessor : Loading config from cache: C:\Users\SCHOLT~1\AppData\Local\Temp\efcf079e5af2b94e88dae4e07273acc8.mpf_cache
2021-06-20 12:55:36,525 : INFO : ConfigProcessor : Loading config from cache: C:\Users\SCHOLT~1\AppData\Local\Temp\44231afd4be159e8c99041e8eb88670e.mpf_cache
2021-06-20 12:55:36,526 : INFO : ConfigProcessor : Loading config from cache: C:\Users\SCHOLT~1\AppData\Local\Temp\6d62665f0d27f04673542af594d4fd9b.mpf_cache
2021-06-20 12:55:36,531 : INFO : ConfigProcessor : Loading config from cache: C:\Users\SCHOLT~1\AppData\Local\Temp\ff8f94bde3fa94916ad1b7409fed77bd.mpf_cache
2021-06-20 12:55:36,535 : INFO : ConfigProcessor : Loading config from cache: C:\Users\SCHOLT~1\AppData\Local\Temp\053da04979f77c811527e2c0f3ca94fb.mpf_cache
2021-06-20 12:55:36,541 : INFO : ConfigProcessor : Loading config from cache: C:\Users\SCHOLT~1\AppData\Local\Temp\57bc401cb4a04615f5b5aa4ba6a61eb7.mpf_cache
2021-06-20 12:55:36,545 : INFO : ConfigProcessor : Loading config from cache: C:\Users\SCHOLT~1\AppData\Local\Temp\fee9cc2b93cb113814269e4a59231078.mpf_cache
2021-06-20 12:55:36,549 : INFO : ConfigProcessor : Loading config from cache: C:\Users\SCHOLT~1\AppData\Local\Temp\fcb209f5756d4056b66c34a3e9f20f60.mpf_cache
2021-06-20 12:55:36,554 : INFO : ConfigProcessor : Loading config from cache: C:\Users\SCHOLT~1\AppData\Local\Temp\797d5c88f37a3f4c1eda6cc76ebd1d4b.mpf_cache
2021-06-20 12:55:36,558 : INFO : ConfigProcessor : Loading config from cache: C:\Users\SCHOLT~1\AppData\Local\Temp\fd8f672dffbfb9b282859f7185f62437.mpf_cache
2021-06-20 12:55:36,563 : INFO : ConfigProcessor : Loading config from cache: C:\Users\SCHOLT~1\AppData\Local\Temp\986b6c77a360e7ca0a5b736ec9bfb4fa.mpf_cache
2021-06-20 12:55:36,567 : INFO : ConfigProcessor : Loading config from cache: C:\Users\SCHOLT~1\AppData\Local\Temp\851e1d46f2be32b89fdca6ef94995943.mpf_cache
2021-06-20 12:55:36,572 : INFO : ConfigProcessor : Loading config from cache: C:\Users\SCHOLT~1\AppData\Local\Temp\95f5997d9c4798b115eb453656d93a1f.mpf_cache
2021-06-20 12:55:36,576 : INFO : ConfigProcessor : Loading config from cache: C:\Users\SCHOLT~1\AppData\Local\Temp\804b9a1ad2b0368c8378a1697de79431.mpf_cache
2021-06-20 12:55:36,580 : INFO : ConfigProcessor : Loading config from cache: C:\Users\SCHOLT~1\AppData\Local\Temp\3f05176740ce9b1ce630d9f26057f472.mpf_cache
2021-06-20 12:55:36,585 : INFO : ConfigProcessor : Loading config from cache: C:\Users\SCHOLT~1\AppData\Local\Temp\d75c6855c6bfc342a42171d44ee55d0f.mpf_cache
2021-06-20 12:55:36,589 : INFO : ConfigProcessor : Loading config from cache: C:\Users\SCHOLT~1\AppData\Local\Temp\c03af884f77fd2edff48f1f1b29a0001.mpf_cache
2021-06-20 12:55:36,593 : INFO : ConfigProcessor : Loading config from cache: C:\Users\SCHOLT~1\AppData\Local\Temp\125cf4d7d8d0f7b14ac4e9b5c5fc6dd9.mpf_cache
2021-06-20 12:55:36,599 : INFO : ConfigProcessor : Loading config from cache: C:\Users\SCHOLT~1\AppData\Local\Temp\e98bbe1017594ac8f5dc55070bdaec1b.mpf_cache
2021-06-20 12:55:36,604 : INFO : ConfigProcessor : Loading config from cache: C:\Users\SCHOLT~1\AppData\Local\Temp\540f9a41a139edc7fb3c0d3fef764d79.mpf_cache
2021-06-20 12:55:36,608 : INFO : ConfigProcessor : Loading config from cache: C:\Users\SCHOLT~1\AppData\Local\Temp\66310f6b7da6aa9e1e12a092b4e5ea1e.mpf_cache
2021-06-20 12:55:36,613 : INFO : ConfigProcessor : Loading config from cache: C:\Users\SCHOLT~1\AppData\Local\Temp\e39b84c1f1807716ec310701a6bf0d73.mpf_cache
2021-06-20 12:55:36,618 : INFO : ConfigProcessor : Loading config from cache: C:\Users\SCHOLT~1\AppData\Local\Temp\a3a3c1b8b3198ac6ffa6b5064057ae07.mpf_cache
2021-06-20 12:55:36,622 : INFO : ConfigProcessor : Loading config from cache: C:\Users\SCHOLT~1\AppData\Local\Temp\4eebc146e222c8d9b7fa4d2858e69ea1.mpf_cache
2021-06-20 12:55:36,627 : INFO : ConfigProcessor : Loading config from cache: C:\Users\SCHOLT~1\AppData\Local\Temp\e126248c44ebfdee710b05c2b7d5fe82.mpf_cache
2021-06-20 12:55:36,632 : INFO : ConfigProcessor : Loading config from cache: C:\Users\SCHOLT~1\AppData\Local\Temp\69ecee52b21d2a851426dcc7135d38ea.mpf_cache
2021-06-20 12:55:36,636 : INFO : ConfigProcessor : Loading config from cache: C:\Users\SCHOLT~1\AppData\Local\Temp\56ece61e32d3cc2ed53dd325a47460b4.mpf_cache
2021-06-20 12:55:36,652 : INFO : ConfigProcessor : Loading config from cache: C:\Users\SCHOLT~1\AppData\Local\Temp\d0b1dbeaceec3deef73ab0fce07cd740.mpf_cache
2021-06-20 12:55:36,669 : INFO : ConfigProcessor : Loading config from cache: C:\Users\SCHOLT~1\AppData\Local\Temp\3d3afc7fea552c2bae3e6e1d92aa1a26.mpf_cache
2021-06-20 12:55:36,674 : INFO : ConfigProcessor : Loading config from cache: C:\Users\SCHOLT~1\AppData\Local\Temp\4bd243ad0d8c16d00a837306cf5c3d29.mpf_cache
2021-06-20 12:55:36,679 : INFO : ConfigProcessor : Loading config from cache: C:\Users\SCHOLT~1\AppData\Local\Temp\7f312b640f6d5109d8d1be2a05f128e8.mpf_cache
2021-06-20 12:55:36,684 : INFO : ConfigProcessor : Loading config from cache: C:\Users\SCHOLT~1\AppData\Local\Temp\67980d6a57506cd4da44486112b91bec.mpf_cache
2021-06-20 12:55:36,689 : INFO : ConfigProcessor : Loading config from cache: C:\Users\SCHOLT~1\AppData\Local\Temp\9ec3c911ae7e15f7065133c529810f95.mpf_cache
2021-06-20 12:55:36,694 : INFO : ConfigProcessor : Loading config from cache: C:\Users\SCHOLT~1\AppData\Local\Temp\930069940b749f97f86d219b2ddeacf1.mpf_cache
2021-06-20 12:55:36,698 : INFO : ConfigProcessor : Loading config from cache: C:\Users\SCHOLT~1\AppData\Local\Temp\650f26d6333e64d21657a8ef260f5acf.mpf_cache
2021-06-20 12:55:36,703 : INFO : ConfigProcessor : Loading config from cache: C:\Users\SCHOLT~1\AppData\Local\Temp\7fe69373349de136ea08d265848ee2de.mpf_cache
2021-06-20 12:55:36,708 : INFO : ConfigProcessor : Loading config from cache: C:\Users\SCHOLT~1\AppData\Local\Temp\24196d5bffa5766d9b4a62f9ae23e660.mpf_cache
2021-06-20 12:55:36,713 : INFO : ConfigProcessor : Loading config from cache: C:\Users\SCHOLT~1\AppData\Local\Temp\5f56171e4007003f2e0029bfa218d47c.mpf_cache
2021-06-20 12:55:36,718 : INFO : ConfigProcessor : Loading config from cache: C:\Users\SCHOLT~1\AppData\Local\Temp\9828dc3aacab1158f9e233d43cb3fe1f.mpf_cache
2021-06-20 12:55:36,722 : INFO : ConfigProcessor : Loading config from cache: C:\Users\SCHOLT~1\AppData\Local\Temp\93dd7129697f51b97f6c3186dcf43a8c.mpf_cache
2021-06-20 12:55:36,727 : INFO : ConfigProcessor : Loading config from cache: C:\Users\SCHOLT~1\AppData\Local\Temp\854a9aa5d57e7e92df5c4ac62cddaec0.mpf_cache
2021-06-20 12:55:36,732 : INFO : ConfigProcessor : Loading config from cache: C:\Users\SCHOLT~1\AppData\Local\Temp\4a17f5ab6f47bd6cbffa808b6eeea916.mpf_cache
2021-06-20 12:55:36,737 : INFO : ConfigProcessor : Loading config from cache: C:\Users\SCHOLT~1\AppData\Local\Temp\f18efe2c04100550263acd9a8a6038af.mpf_cache
2021-06-20 12:55:36,742 : INFO : ConfigProcessor : Loading config from cache: C:\Users\SCHOLT~1\AppData\Local\Temp\77dfdfbf7011c8796e93f9e4ee745691.mpf_cache
2021-06-20 12:55:36,747 : INFO : ConfigProcessor : Loading config from cache: C:\Users\SCHOLT~1\AppData\Local\Temp\55e62533d8b0090336fcaf5380faf342.mpf_cache
2021-06-20 12:55:36,751 : INFO : ConfigProcessor : Loading config from cache: C:\Users\SCHOLT~1\AppData\Local\Temp\9fa4a25ee32f55bf2c6a76fb59d8bbaf.mpf_cache
2021-06-20 12:55:36,756 : INFO : ConfigProcessor : Loading config from cache: C:\Users\SCHOLT~1\AppData\Local\Temp\7e90ab1bc560333dd4b4d9f4aaf6bf62.mpf_cache
2021-06-20 12:55:36,761 : INFO : ConfigProcessor : Loading config from cache: C:\Users\SCHOLT~1\AppData\Local\Temp\4398dc713d774371f49c655025259670.mpf_cache
2021-06-20 12:55:36,766 : INFO : ConfigProcessor : Loading config from cache: C:\Users\SCHOLT~1\AppData\Local\Temp\91df8e0ae0e44730ed622ea2efb74e97.mpf_cache
2021-06-20 12:55:36,771 : INFO : ConfigProcessor : Loading config from cache: C:\Users\SCHOLT~1\AppData\Local\Temp\dff6fabdd3c60a7e52618c514c4d53bb.mpf_cache
2021-06-20 12:55:36,775 : INFO : ConfigProcessor : Loading config from cache: C:\Users\SCHOLT~1\AppData\Local\Temp\69fdf32f8b1f00ca71933bfdf818d181.mpf_cache
2021-06-20 12:55:36,780 : INFO : ConfigProcessor : Loading config from cache: C:\Users\SCHOLT~1\AppData\Local\Temp\2ea47c81ed4f8a69c675021c80778e85.mpf_cache
2021-06-20 12:55:36,785 : INFO : ConfigProcessor : Loading config from cache: C:\Users\SCHOLT~1\AppData\Local\Temp\3078b120455821a73c8c6f8a1dceab4f.mpf_cache
2021-06-20 12:55:36,790 : INFO : ConfigProcessor : Loading config from cache: C:\Users\SCHOLT~1\AppData\Local\Temp\d95a17e65a2b41e386a7fc14bcda65fd.mpf_cache
2021-06-20 12:55:36,794 : INFO : ConfigProcessor : Loading config from cache: C:\Users\SCHOLT~1\AppData\Local\Temp\8d6f9c7ff9c39db68f4d155bf8492fbe.mpf_cache
2021-06-20 12:55:36,799 : INFO : ConfigProcessor : Loading config from cache: C:\Users\SCHOLT~1\AppData\Local\Temp\155f4ce74e2bf17af8dbff2a4763087f.mpf_cache
2021-06-20 12:55:36,805 : INFO : ConfigProcessor : Loading config from cache: C:\Users\SCHOLT~1\AppData\Local\Temp\58d128190d1d0b57398f3d0bb3d51665.mpf_cache
2021-06-20 12:55:36,809 : INFO : ConfigProcessor : Loading config from cache: C:\Users\SCHOLT~1\AppData\Local\Temp\3a392e0f36204bd15fe7f620a9abd8a5.mpf_cache
2021-06-20 12:55:36,815 : INFO : ConfigProcessor : Loading config from cache: C:\Users\SCHOLT~1\AppData\Local\Temp\53b5443f454133ae1b362b3b93db77cb.mpf_cache
2021-06-20 12:55:36,820 : INFO : ConfigProcessor : Loading config from cache: C:\Users\SCHOLT~1\AppData\Local\Temp\3931d087bd0a337e7115b05d59ca5799.mpf_cache
2021-06-20 12:55:36,825 : INFO : ConfigProcessor : Loading config from cache: C:\Users\SCHOLT~1\AppData\Local\Temp\92bd7ddb78685ce3872fdffddbf4066b.mpf_cache
2021-06-20 12:55:36,831 : INFO : ConfigProcessor : Loading config from cache: C:\Users\SCHOLT~1\AppData\Local\Temp\f17b18f8fc49aa4015f8aaed5fe0310c.mpf_cache
2021-06-20 12:55:36,836 : INFO : ConfigProcessor : Loading config from cache: C:\Users\SCHOLT~1\AppData\Local\Temp\6025440fe966918e9010659c75a84677.mpf_cache
2021-06-20 12:55:36,840 : INFO : ConfigProcessor : Loading config from cache: C:\Users\SCHOLT~1\AppData\Local\Temp\cfdf05d29e2db67703b682b9e2f3ca3c.mpf_cache
2021-06-20 12:55:36,845 : INFO : ConfigProcessor : Loading config from cache: C:\Users\SCHOLT~1\AppData\Local\Temp\d94e10a03295440a68c0665192595ed1.mpf_cache
2021-06-20 12:55:36,850 : INFO : ConfigProcessor : Loading config from cache: C:\Users\SCHOLT~1\AppData\Local\Temp\01f102dbddb32abe391845f1f1fb6297.mpf_cache
2021-06-20 12:55:36,854 : INFO : ConfigProcessor : Loading config from cache: C:\Users\SCHOLT~1\AppData\Local\Temp\31f678389d4048ccede53f3d9bb6ebf4.mpf_cache
2021-06-20 12:55:36,859 : INFO : ConfigProcessor : Loading config from cache: C:\Users\SCHOLT~1\AppData\Local\Temp\b22da84cc4aef91ed7f9bc0328a0f1b4.mpf_cache
2021-06-20 12:55:36,863 : INFO : ConfigProcessor : Loading config from cache: C:\Users\SCHOLT~1\AppData\Local\Temp\da1fede4c95c7878b99d619776f98fd7.mpf_cache
2021-06-20 12:55:36,868 : INFO : ConfigProcessor : Loading config from cache: C:\Users\SCHOLT~1\AppData\Local\Temp\cc30193cdee974cc13426b098027cee1.mpf_cache
2021-06-20 12:55:36,873 : INFO : ConfigProcessor : Loading config from cache: C:\Users\SCHOLT~1\AppData\Local\Temp\58e69a62c4f703cc84058f6193109d31.mpf_cache
2021-06-20 12:55:36,877 : INFO : ConfigProcessor : Loading config from cache: C:\Users\SCHOLT~1\AppData\Local\Temp\e6a4926517ab55f9ed1b3658c3e4007c.mpf_cache
2021-06-20 12:55:36,882 : INFO : ConfigProcessor : Loading config from cache: C:\Users\SCHOLT~1\AppData\Local\Temp\66ee654434268f21d59a1a197a33e84e.mpf_cache
2021-06-20 12:55:36,886 : INFO : ConfigProcessor : Loading config from cache: C:\Users\SCHOLT~1\AppData\Local\Temp\0ad8a8c62d71fd6db5e688e34997c124.mpf_cache
2021-06-20 12:55:36,891 : INFO : ConfigProcessor : Loading config from cache: C:\Users\SCHOLT~1\AppData\Local\Temp\986ed299862bf4d6a9ee043620eb4411.mpf_cache
2021-06-20 12:55:36,896 : INFO : ConfigProcessor : Loading config from cache: C:\Users\SCHOLT~1\AppData\Local\Temp\85def6e32b8790efec9df62810edf89f.mpf_cache
2021-06-20 12:55:36,900 : INFO : ConfigProcessor : Loading config from cache: C:\Users\SCHOLT~1\AppData\Local\Temp\b4b8bbe6eb89ffab7b0a5bdc28aa737c.mpf_cache
2021-06-20 12:55:36,905 : INFO : ConfigProcessor : Loading config from cache: C:\Users\SCHOLT~1\AppData\Local\Temp\234f7aa8fcdaed8506c3f7e3d1434348.mpf_cache
2021-06-20 12:55:36,910 : INFO : ConfigProcessor : Loading config from cache: C:\Users\SCHOLT~1\AppData\Local\Temp\836170f935ca4f3a3c83dd48d4288e22.mpf_cache
2021-06-20 12:55:36,914 : INFO : ConfigProcessor : Loading config from cache: C:\Users\SCHOLT~1\AppData\Local\Temp\0a4bf4f558c6de89fd1636f30c6211d9.mpf_cache
2021-06-20 12:55:36,919 : INFO : ConfigProcessor : Loading config from cache: C:\Users\SCHOLT~1\AppData\Local\Temp\3936448b27d8bfc57c517bc3bf9d3aa2.mpf_cache
2021-06-20 12:55:36,923 : INFO : ConfigProcessor : Loading config from cache: C:\Users\SCHOLT~1\AppData\Local\Temp\73d13f131bebf83032dc613efdff3522.mpf_cache
2021-06-20 12:55:36,928 : INFO : ConfigProcessor : Loading config from cache: C:\Users\SCHOLT~1\AppData\Local\Temp\20beca28b497152ca0fd3409b83d4b87.mpf_cache
2021-06-20 12:55:36,932 : INFO : ConfigProcessor : Loading config from cache: C:\Users\SCHOLT~1\AppData\Local\Temp\e816efa2a54094e8cd44dabebc7784df.mpf_cache
2021-06-20 12:55:36,937 : INFO : ConfigProcessor : Loading config from cache: C:\Users\SCHOLT~1\AppData\Local\Temp\ec91b3a5e4d650dc4f7371582fb38eed.mpf_cache
2021-06-20 12:55:36,942 : INFO : ConfigProcessor : Loading config from cache: C:\Users\SCHOLT~1\AppData\Local\Temp\9a1a1c28ae640e16df86b556a2688443.mpf_cache
2021-06-20 12:55:36,946 : INFO : ConfigProcessor : Loading config from cache: C:\Users\SCHOLT~1\AppData\Local\Temp\3463b2a86a39355c183f674ae2b12038.mpf_cache
2021-06-20 12:55:36,951 : INFO : ConfigProcessor : Loading config from cache: C:\Users\SCHOLT~1\AppData\Local\Temp\6e6719c61d3fa021e7d679c2f24e1608.mpf_cache
2021-06-20 12:55:36,955 : INFO : ConfigProcessor : Loading config from cache: C:\Users\SCHOLT~1\AppData\Local\Temp\aa69a2c5c0adb7f9c40b6db4f1ca3483.mpf_cache
2021-06-20 12:55:36,960 : INFO : ConfigProcessor : Loading config from cache: C:\Users\SCHOLT~1\AppData\Local\Temp\971ebba8800a659d7a8e99cb206beff7.mpf_cache
2021-06-20 12:55:36,964 : INFO : ConfigProcessor : Loading config from cache: C:\Users\SCHOLT~1\AppData\Local\Temp\07e13f5cf5882efd50a16f81bcde4606.mpf_cache
2021-06-20 12:55:36,969 : INFO : ConfigProcessor : Loading config from cache: C:\Users\SCHOLT~1\AppData\Local\Temp\48a45c572b20481e47ff005f73695e50.mpf_cache
2021-06-20 12:55:36,973 : INFO : ConfigProcessor : Loading config from cache: C:\Users\SCHOLT~1\AppData\Local\Temp\f12c25ef7bc56249cbbfe26e4a8634a0.mpf_cache
2021-06-20 12:55:36,978 : INFO : ConfigProcessor : Loading config from cache: C:\Users\SCHOLT~1\AppData\Local\Temp\7058dd9e75ad4dd97e6d02eda1f8d5f4.mpf_cache
2021-06-20 12:55:36,983 : INFO : ConfigProcessor : Loading config from cache: C:\Users\SCHOLT~1\AppData\Local\Temp\a26dda2f3898e9b95a688d2faa147e67.mpf_cache
2021-06-20 12:55:36,987 : INFO : ConfigProcessor : Loading config from cache: C:\Users\SCHOLT~1\AppData\Local\Temp\fbd33e7aab60e9ffed5e28859db24a15.mpf_cache
2021-06-20 12:55:36,992 : INFO : ConfigProcessor : Loading config from cache: C:\Users\SCHOLT~1\AppData\Local\Temp\64f60477c2da2625fa9ef2a86d50bb34.mpf_cache
2021-06-20 12:55:36,997 : INFO : ConfigProcessor : Loading config from cache: C:\Users\SCHOLT~1\AppData\Local\Temp\49b862cde9d22907c81f839348639a1f.mpf_cache
2021-06-20 12:55:37,002 : INFO : ConfigProcessor : Loading config from cache: C:\Users\SCHOLT~1\AppData\Local\Temp\21dda72cc57cadcf698e50094b8ee97d.mpf_cache
2021-06-20 12:55:37,018 : INFO : ConfigProcessor : Loading config from cache: C:\Users\SCHOLT~1\AppData\Local\Temp\f9ee12ee8bbd05f85378a9386ceacce5.mpf_cache
2021-06-20 12:55:37,022 : INFO : ConfigProcessor : Loading config from cache: C:\Users\SCHOLT~1\AppData\Local\Temp\0394fc9fe8dda0bc8c420287c11c8aae.mpf_cache
2021-06-20 12:55:37,027 : INFO : ConfigProcessor : Loading config from cache: C:\Users\SCHOLT~1\AppData\Local\Temp\812e1e327d6ef9a51d487328d0586885.mpf_cache
2021-06-20 12:55:37,032 : INFO : ConfigProcessor : Loading config from cache: C:\Users\SCHOLT~1\AppData\Local\Temp\70cf3c9830d27e79cc1fda7cb07bc23d.mpf_cache
2021-06-20 12:55:37,036 : INFO : ConfigProcessor : Loading config from cache: C:\Users\SCHOLT~1\AppData\Local\Temp\db70c5aab62dca0f645afe12f6eb7df3.mpf_cache
2021-06-20 12:55:37,042 : INFO : Machine : Mission Pinball Framework Core Engine v0.54.6
2021-06-20 12:55:37,042 : INFO : Machine : Command line arguments: {'no_load_cache': False, 'create_config_cache': True, 'bcp': True, 'configfile': ['config.yaml'], 'force_assets_load': False, 'jsonlogging': False, 'logfile': 'logs\\2021-06-20-12-55-36-mpf-DESKTOP-3LVGVUS.log', 'pause': False, 'production': False, 'text_ui': True, 'loglevel': 15, 'consoleloglevel': 20, 'force_platform': None, 'syslog_address': None, 'mc_file_name': None, 'no_sound': False}
2021-06-20 12:55:37,043 : INFO : Machine : MPF path: c:\users\scholtz_balint\appdata\local\programs\python\python36\lib\site-packages\mpf
2021-06-20 12:55:37,043 : INFO : Machine : Machine path: E:\MPF\wows\wows
2021-06-20 12:55:37,043 : INFO : Machine : Platform: win32
2021-06-20 12:55:37,043 : INFO : Machine : Python executable location: c:\users\scholtz_balint\appdata\local\programs\python\python36\python.exe
2021-06-20 12:55:37,043 : INFO : Machine : Python version: 3.6.4 (64-bit)
2021-06-20 12:55:37,044 : INFO : Machine : Initialise MPF.
2021-06-20 12:55:37,054 : ERROR : Machine : Failed to initialise MPF
Traceback (most recent call last):
  File "c:\users\scholtz_balint\appdata\local\programs\python\python36\lib\site-packages\mpf\platforms\pin2dmd.py", line 12, in <module>
    import usb.core
ModuleNotFoundError: No module named 'usb'

The above exception was the direct cause of the following exception:

Traceback (most recent call last):
  File "c:\users\scholtz_balint\appdata\local\programs\python\python36\lib\site-packages\mpf\core\machine.py", line 663, in initialise_mpf
    raise init.exception()
  File "c:\users\scholtz_balint\appdata\local\programs\python\python36\lib\site-packages\mpf\core\machine.py", line 239, in initialise
    await self.initialise_core_and_hardware()
  File "c:\users\scholtz_balint\appdata\local\programs\python\python36\lib\site-packages\mpf\core\machine.py", line 225, in initialise_core_and_hardware
    self._load_hardware_platforms()
  File "c:\users\scholtz_balint\appdata\local\programs\python\python36\lib\site-packages\mpf\core\machine.py", line 467, in _load_hardware_platforms
    self.add_platform(hardware_platform)
  File "c:\users\scholtz_balint\appdata\local\programs\python\python36\lib\site-packages\mpf\core\machine.py", line 600, in add_platform
    self.hardware_platforms[name] = hardware_platform(self)
  File "c:\users\scholtz_balint\appdata\local\programs\python\python36\lib\site-packages\mpf\platforms\pin2dmd.py", line 54, in __init__
    'Try: "pip3 install pyusb".') from IMPORT_FAILED
AssertionError: Failed to load pyusb. Did you install pyusb? Try: "pip3 install pyusb".
2021-06-20 12:55:37,057 : INFO : root : MPF run loop ended.
